SF:/home/nathan/Projects/valknut/src/api/config_types.rs
FN:72,_RINvMs_NtNtCs64AwlgGXCHI_10valknut_rs3api12config_typesNtB5_14AnalysisConfig13with_languageReEB9_
FN:114,_RINvMs_NtNtCs64AwlgGXCHI_10valknut_rs3api12config_typesNtB5_14AnalysisConfig15exclude_patternReEB9_
FN:120,_RINvMs_NtNtCs64AwlgGXCHI_10valknut_rs3api12config_typesNtB5_14AnalysisConfig15include_patternNtNtCs8Ty2CzGA6U3_5alloc6string6StringEB9_
FN:120,_RINvMs_NtNtCs64AwlgGXCHI_10valknut_rs3api12config_typesNtB5_14AnalysisConfig15include_patternReEB9_
FN:66,_RNvMs_NtNtCs64AwlgGXCHI_10valknut_rs3api12config_typesNtB4_14AnalysisConfig14with_languages
FN:108,_RNvMs_NtNtCs64AwlgGXCHI_10valknut_rs3api12config_typesNtB4_14AnalysisConfig14with_max_files
FN:126,_RNvMs_NtNtCs64AwlgGXCHI_10valknut_rs3api12config_typesNtB4_14AnalysisConfig17to_valknut_config
FN:90,_RNvMs_NtNtCs64AwlgGXCHI_10valknut_rs3api12config_typesNtB4_14AnalysisConfig17with_lsh_analysis
FN:84,_RNvMs_NtNtCs64AwlgGXCHI_10valknut_rs3api12config_typesNtB4_14AnalysisConfig19with_graph_analysis
FN:78,_RNvMs_NtNtCs64AwlgGXCHI_10valknut_rs3api12config_typesNtB4_14AnalysisConfig20with_scoring_enabled
FN:102,_RNvMs_NtNtCs64AwlgGXCHI_10valknut_rs3api12config_typesNtB4_14AnalysisConfig25with_confidence_threshold
FN:96,_RNvMs_NtNtCs64AwlgGXCHI_10valknut_rs3api12config_typesNtB4_14AnalysisConfig25with_refactoring_analysis
FN:61,_RNvMs_NtNtCs64AwlgGXCHI_10valknut_rs3api12config_typesNtB4_14AnalysisConfig3new
FN:39,_RNvXNtNtCs64AwlgGXCHI_10valknut_rs3api12config_typesNtB2_14AnalysisConfigNtNtCs66KPHxksi63_4core7default7Default7default
FN:312,_RNvNtNtNtCs64AwlgGXCHI_10valknut_rs3api12config_types5testss_18test_serialization
FN:191,_RNvNtNtNtCs64AwlgGXCHI_10valknut_rs3api12config_types5testss_18test_with_language
FN:183,_RNvNtNtNtCs64AwlgGXCHI_10valknut_rs3api12config_types5testss_19test_with_languages
FN:243,_RNvNtNtNtCs64AwlgGXCHI_10valknut_rs3api12config_types5testss_19test_with_max_files
FN:251,_RNvNtNtNtCs64AwlgGXCHI_10valknut_rs3api12config_types5testss_20test_exclude_pattern
FN:263,_RNvNtNtNtCs64AwlgGXCHI_10valknut_rs3api12config_types5testss_20test_include_pattern
FN:275,_RNvNtNtNtCs64AwlgGXCHI_10valknut_rs3api12config_types5testss_20test_method_chaining
FN:293,_RNvNtNtNtCs64AwlgGXCHI_10valknut_rs3api12config_types5testss_22test_to_valknut_config
FN:219,_RNvNtNtNtCs64AwlgGXCHI_10valknut_rs3api12config_types5testss_22test_with_lsh_analysis
FN:173,_RNvNtNtNtCs64AwlgGXCHI_10valknut_rs3api12config_types5testss_24test_analysis_config_new
FN:211,_RNvNtNtNtCs64AwlgGXCHI_10valknut_rs3api12config_types5testss_24test_with_graph_analysis
FN:336,_RNvNtNtNtCs64AwlgGXCHI_10valknut_rs3api12config_types5testss_25test_empty_languages_list
FN:203,_RNvNtNtNtCs64AwlgGXCHI_10valknut_rs3api12config_types5testss_25test_with_scoring_enabled
FN:155,_RNvNtNtNtCs64AwlgGXCHI_10valknut_rs3api12config_types5testss_28test_analysis_config_default
FN:344,_RNvNtNtNtCs64AwlgGXCHI_10valknut_rs3api12config_types5testss_30test_max_files_none_conversion
FN:352,_RNvNtNtNtCs64AwlgGXCHI_10valknut_rs3api12config_types5testss_30test_pattern_string_conversion
FN:235,_RNvNtNtNtCs64AwlgGXCHI_10valknut_rs3api12config_types5testss_30test_with_confidence_threshold
FN:227,_RNvNtNtNtCs64AwlgGXCHI_10valknut_rs3api12config_types5testss_30test_with_refactoring_analysis
FN:326,_RNvNtNtNtCs64AwlgGXCHI_10valknut_rs3api12config_types5testss_33test_builder_pattern_immutability
FNDA:3,_RINvMs_NtNtCs64AwlgGXCHI_10valknut_rs3api12config_typesNtB5_14AnalysisConfig13with_languageReEB9_
FNDA:5,_RINvMs_NtNtCs64AwlgGXCHI_10valknut_rs3api12config_typesNtB5_14AnalysisConfig15exclude_patternReEB9_
FNDA:1,_RINvMs_NtNtCs64AwlgGXCHI_10valknut_rs3api12config_typesNtB5_14AnalysisConfig15include_patternNtNtCs8Ty2CzGA6U3_5alloc6string6StringEB9_
FNDA:4,_RINvMs_NtNtCs64AwlgGXCHI_10valknut_rs3api12config_typesNtB5_14AnalysisConfig15include_patternReEB9_
FNDA:5,_RNvMs_NtNtCs64AwlgGXCHI_10valknut_rs3api12config_typesNtB4_14AnalysisConfig14with_languages
FNDA:4,_RNvMs_NtNtCs64AwlgGXCHI_10valknut_rs3api12config_typesNtB4_14AnalysisConfig14with_max_files
FNDA:18,_RNvMs_NtNtCs64AwlgGXCHI_10valknut_rs3api12config_typesNtB4_14AnalysisConfig17to_valknut_config
FNDA:3,_RNvMs_NtNtCs64AwlgGXCHI_10valknut_rs3api12config_typesNtB4_14AnalysisConfig17with_lsh_analysis
FNDA:1,_RNvMs_NtNtCs64AwlgGXCHI_10valknut_rs3api12config_typesNtB4_14AnalysisConfig19with_graph_analysis
FNDA:1,_RNvMs_NtNtCs64AwlgGXCHI_10valknut_rs3api12config_typesNtB4_14AnalysisConfig20with_scoring_enabled
FNDA:6,_RNvMs_NtNtCs64AwlgGXCHI_10valknut_rs3api12config_typesNtB4_14AnalysisConfig25with_confidence_threshold
FNDA:1,_RNvMs_NtNtCs64AwlgGXCHI_10valknut_rs3api12config_typesNtB4_14AnalysisConfig25with_refactoring_analysis
FNDA:18,_RNvMs_NtNtCs64AwlgGXCHI_10valknut_rs3api12config_typesNtB4_14AnalysisConfig3new
FNDA:36,_RNvXNtNtCs64AwlgGXCHI_10valknut_rs3api12config_typesNtB2_14AnalysisConfigNtNtCs66KPHxksi63_4core7default7Default7default
FNDA:1,_RNvNtNtNtCs64AwlgGXCHI_10valknut_rs3api12config_types5testss_18test_serialization
FNDA:1,_RNvNtNtNtCs64AwlgGXCHI_10valknut_rs3api12config_types5testss_18test_with_language
FNDA:1,_RNvNtNtNtCs64AwlgGXCHI_10valknut_rs3api12config_types5testss_19test_with_languages
FNDA:1,_RNvNtNtNtCs64AwlgGXCHI_10valknut_rs3api12config_types5testss_19test_with_max_files
FNDA:1,_RNvNtNtNtCs64AwlgGXCHI_10valknut_rs3api12config_types5testss_20test_exclude_pattern
FNDA:1,_RNvNtNtNtCs64AwlgGXCHI_10valknut_rs3api12config_types5testss_20test_include_pattern
FNDA:1,_RNvNtNtNtCs64AwlgGXCHI_10valknut_rs3api12config_types5testss_20test_method_chaining
FNDA:1,_RNvNtNtNtCs64AwlgGXCHI_10valknut_rs3api12config_types5testss_22test_to_valknut_config
FNDA:1,_RNvNtNtNtCs64AwlgGXCHI_10valknut_rs3api12config_types5testss_22test_with_lsh_analysis
FNDA:1,_RNvNtNtNtCs64AwlgGXCHI_10valknut_rs3api12config_types5testss_24test_analysis_config_new
FNDA:1,_RNvNtNtNtCs64AwlgGXCHI_10valknut_rs3api12config_types5testss_24test_with_graph_analysis
FNDA:1,_RNvNtNtNtCs64AwlgGXCHI_10valknut_rs3api12config_types5testss_25test_empty_languages_list
FNDA:1,_RNvNtNtNtCs64AwlgGXCHI_10valknut_rs3api12config_types5testss_25test_with_scoring_enabled
FNDA:1,_RNvNtNtNtCs64AwlgGXCHI_10valknut_rs3api12config_types5testss_28test_analysis_config_default
FNDA:1,_RNvNtNtNtCs64AwlgGXCHI_10valknut_rs3api12config_types5testss_30test_max_files_none_conversion
FNDA:1,_RNvNtNtNtCs64AwlgGXCHI_10valknut_rs3api12config_types5testss_30test_pattern_string_conversion
FNDA:1,_RNvNtNtNtCs64AwlgGXCHI_10valknut_rs3api12config_types5testss_30test_with_confidence_threshold
FNDA:1,_RNvNtNtNtCs64AwlgGXCHI_10valknut_rs3api12config_types5testss_30test_with_refactoring_analysis
FNDA:1,_RNvNtNtNtCs64AwlgGXCHI_10valknut_rs3api12config_types5testss_33test_builder_pattern_immutability
FNF:32
FNH:32
DA:39,36
DA:40,36
DA:41,36
DA:42,36
DA:43,36
DA:44,36
DA:45,36
DA:46,36
DA:47,36
DA:48,36
DA:49,36
DA:50,36
DA:51,36
DA:52,36
DA:53,36
DA:54,36
DA:55,36
DA:56,36
DA:61,18
DA:62,18
DA:63,18
DA:66,5
DA:67,5
DA:68,5
DA:69,5
DA:72,3
DA:73,3
DA:74,3
DA:75,3
DA:78,1
DA:79,1
DA:80,1
DA:81,1
DA:84,1
DA:85,1
DA:86,1
DA:87,1
DA:90,3
DA:91,3
DA:92,3
DA:93,3
DA:96,1
DA:97,1
DA:98,1
DA:99,1
DA:102,6
DA:103,6
DA:104,6
DA:105,6
DA:108,4
DA:109,4
DA:110,4
DA:111,4
DA:114,5
DA:115,5
DA:116,5
DA:117,5
DA:120,5
DA:121,5
DA:122,5
DA:123,5
DA:126,18
DA:127,18
DA:130,18
DA:131,18
DA:132,18
DA:133,18
DA:134,18
DA:135,18
DA:136,18
DA:137,18
DA:140,70
DA:141,52
DA:142,51
DA:143,51
DA:146,18
DA:147,18
DA:155,1
DA:156,1
DA:158,1
DA:159,1
DA:160,1
DA:161,1
DA:162,1
DA:163,1
DA:164,1
DA:165,1
DA:166,1
DA:167,1
DA:168,1
DA:169,1
DA:170,1
DA:173,1
DA:174,1
DA:175,1
DA:177,1
DA:178,1
DA:179,1
DA:180,1
DA:183,1
DA:184,1
DA:185,1
DA:187,1
DA:188,1
DA:191,1
DA:192,1
DA:193,1
DA:194,1
DA:196,1
DA:197,1
DA:199,1
DA:200,1
DA:203,1
DA:204,1
DA:205,1
DA:207,1
DA:208,1
DA:211,1
DA:212,1
DA:213,1
DA:215,1
DA:216,1
DA:219,1
DA:220,1
DA:221,1
DA:223,1
DA:224,1
DA:227,1
DA:228,1
DA:229,1
DA:231,1
DA:232,1
DA:235,1
DA:236,1
DA:237,1
DA:239,1
DA:240,1
DA:243,1
DA:244,1
DA:245,1
DA:247,1
DA:248,1
DA:251,1
DA:252,1
DA:253,1
DA:254,1
DA:256,1
DA:257,1
DA:259,1
DA:260,1
DA:263,1
DA:264,1
DA:265,1
DA:266,1
DA:268,1
DA:269,1
DA:271,1
DA:272,1
DA:275,1
DA:276,1
DA:277,1
DA:278,1
DA:279,1
DA:280,1
DA:281,1
DA:282,1
DA:284,1
DA:285,1
DA:286,1
DA:287,1
DA:288,1
DA:289,1
DA:290,1
DA:293,1
DA:294,1
DA:295,1
DA:296,1
DA:297,1
DA:298,1
DA:299,1
DA:300,1
DA:302,1
DA:304,1
DA:305,1
DA:306,1
DA:307,1
DA:308,1
DA:309,1
DA:312,1
DA:313,1
DA:314,1
DA:315,1
DA:318,1
DA:319,1
DA:321,1
DA:322,1
DA:323,1
DA:326,1
DA:327,1
DA:328,1
DA:331,1
DA:332,1
DA:333,1
DA:336,1
DA:337,1
DA:338,1
DA:340,1
DA:341,1
DA:344,1
DA:345,1
DA:346,1
DA:348,1
DA:349,1
DA:352,1
DA:353,1
DA:354,1
DA:355,1
DA:357,1
DA:358,1
DA:359,1
BRF:0
BRH:0
LF:220
LH:220
end_of_record
SF:/home/nathan/Projects/valknut/src/api/engine.rs
FN:543,_RNvNtNtNtCs64AwlgGXCHI_10valknut_rs3api6engine5testss_13test_is_ready
FN:401,_RNvNtNtNtCs64AwlgGXCHI_10valknut_rs3api6engine5testss_17test_health_check
FN:531,_RNvNtNtNtCs64AwlgGXCHI_10valknut_rs3api6engine5testss_18test_config_access
FN:417,_RNvNtNtNtCs64AwlgGXCHI_10valknut_rs3api6engine5testss_18test_engine_status
FN:377,_RNvNtNtNtCs64AwlgGXCHI_10valknut_rs3api6engine5testss_20test_analyze_vectors
FN:335,_RNvNtNtNtCs64AwlgGXCHI_10valknut_rs3api6engine5testss_20test_engine_creation
FN:637,_RNvNtNtNtCs64AwlgGXCHI_10valknut_rs3api6engine5testss_23test_health_check_debug
FN:589,_RNvNtNtNtCs64AwlgGXCHI_10valknut_rs3api6engine5testss_24test_engine_status_debug
FN:500,_RNvNtNtNtCs64AwlgGXCHI_10valknut_rs3api6engine5testss_26test_analyze_vectors_empty
FN:360,_RNvNtNtNtCs64AwlgGXCHI_10valknut_rs3api6engine5testss_28test_analyze_empty_directory
FN:554,_RNvNtNtNtCs64AwlgGXCHI_10valknut_rs3api6engine5testss_28test_get_supported_languages
FN:651,_RNvNtNtNtCs64AwlgGXCHI_10valknut_rs3api6engine5testss_28test_health_check_no_message
FN:447,_RNvNtNtNtCs64AwlgGXCHI_10valknut_rs3api6engine5testss_29test_analyze_files_empty_list
FN:607,_RNvNtNtNtCs64AwlgGXCHI_10valknut_rs3api6engine5testss_30test_health_check_result_debug
FN:427,_RNvNtNtNtCs64AwlgGXCHI_10valknut_rs3api6engine5testss_31test_analyze_file_not_directory
FN:565,_RNvNtNtNtCs64AwlgGXCHI_10valknut_rs3api6engine5testss_31test_health_check_comprehensive
FN:628,_RNvNtNtNtCs64AwlgGXCHI_10valknut_rs3api6engine5testss_33test_health_check_status_equality
FN:345,_RNvNtNtNtCs64AwlgGXCHI_10valknut_rs3api6engine5testss_34test_analyze_nonexistent_directory
FN:483,_RNvNtNtNtCs64AwlgGXCHI_10valknut_rs3api6engine5testss_38test_analyze_files_no_parent_directory
FN:468,_RNvNtNtNtCs64AwlgGXCHI_10valknut_rs3api6engine5testss_40test_analyze_files_with_parent_directory
FN:513,_RNvNtNtNtCs64AwlgGXCHI_10valknut_rs3api6engine5testss_43test_analyze_vectors_with_multiple_features
FN:411,_RNCNCNvNtNtNtCs64AwlgGXCHI_10valknut_rs3api6engine5testss_17test_health_check00Bb_
FN:575,_RNCNCNvNtNtNtCs64AwlgGXCHI_10valknut_rs3api6engine5testss_31test_health_check_comprehensive00Bb_
FN:543,_RNCNvNtNtNtCs64AwlgGXCHI_10valknut_rs3api6engine5testss_13test_is_ready0B9_
FN:401,_RNCNvNtNtNtCs64AwlgGXCHI_10valknut_rs3api6engine5testss_17test_health_check0B9_
FN:531,_RNCNvNtNtNtCs64AwlgGXCHI_10valknut_rs3api6engine5testss_18test_config_access0B9_
FN:417,_RNCNvNtNtNtCs64AwlgGXCHI_10valknut_rs3api6engine5testss_18test_engine_status0B9_
FN:377,_RNCNvNtNtNtCs64AwlgGXCHI_10valknut_rs3api6engine5testss_20test_analyze_vectors0B9_
FN:335,_RNCNvNtNtNtCs64AwlgGXCHI_10valknut_rs3api6engine5testss_20test_engine_creation0B9_
FN:500,_RNCNvNtNtNtCs64AwlgGXCHI_10valknut_rs3api6engine5testss_26test_analyze_vectors_empty0B9_
FN:360,_RNCNvNtNtNtCs64AwlgGXCHI_10valknut_rs3api6engine5testss_28test_analyze_empty_directory0B9_
FN:554,_RNCNvNtNtNtCs64AwlgGXCHI_10valknut_rs3api6engine5testss_28test_get_supported_languages0B9_
FN:447,_RNCNvNtNtNtCs64AwlgGXCHI_10valknut_rs3api6engine5testss_29test_analyze_files_empty_list0B9_
FN:427,_RNCNvNtNtNtCs64AwlgGXCHI_10valknut_rs3api6engine5testss_31test_analyze_file_not_directory0B9_
FN:565,_RNCNvNtNtNtCs64AwlgGXCHI_10valknut_rs3api6engine5testss_31test_health_check_comprehensive0B9_
FN:345,_RNCNvNtNtNtCs64AwlgGXCHI_10valknut_rs3api6engine5testss_34test_analyze_nonexistent_directory0B9_
FN:483,_RNCNvNtNtNtCs64AwlgGXCHI_10valknut_rs3api6engine5testss_38test_analyze_files_no_parent_directory0B9_
FN:468,_RNCNvNtNtNtCs64AwlgGXCHI_10valknut_rs3api6engine5testss_40test_analyze_files_with_parent_directory0B9_
FN:513,_RNCNvNtNtNtCs64AwlgGXCHI_10valknut_rs3api6engine5testss_43test_analyze_vectors_with_multiple_features0B9_
FN:165,_RNvMNtNtCs64AwlgGXCHI_10valknut_rs3api6engineNtB2_13ValknutEngine10get_status
FN:193,_RNvMNtNtCs64AwlgGXCHI_10valknut_rs3api6engineNtB2_13ValknutEngine12health_check
FN:135,_RNvMNtNtCs64AwlgGXCHI_10valknut_rs3api6engineNtB2_13ValknutEngine15analyze_vectors
FN:178,_RNvMNtNtCs64AwlgGXCHI_10valknut_rs3api6engineNtB2_13ValknutEngine23get_supported_languages
FN:26,_RNvMNtNtCs64AwlgGXCHI_10valknut_rs3api6engineNtB2_13ValknutEngine3new
FN:160,_RNvMNtNtCs64AwlgGXCHI_10valknut_rs3api6engineNtB2_13ValknutEngine6config
FN:188,_RNvMNtNtCs64AwlgGXCHI_10valknut_rs3api6engineNtB2_13ValknutEngine8is_ready
FN:89,_RINvMNtNtCs64AwlgGXCHI_10valknut_rs3api6engineNtB3_13ValknutEngine13analyze_filesRNtNtCsiKSG5X70Gj7_3std4path4PathEB7_
FN:89,_RINvMNtNtCs64AwlgGXCHI_10valknut_rs3api6engineNtB3_13ValknutEngine13analyze_filesReEB7_
FN:55,_RINvMNtNtCs64AwlgGXCHI_10valknut_rs3api6engineNtB3_13ValknutEngine17analyze_directoryRNtNtCsiKSG5X70Gj7_3std4path4PathEB7_
FN:55,_RINvMNtNtCs64AwlgGXCHI_10valknut_rs3api6engineNtB3_13ValknutEngine17analyze_directoryRNtNtCsiKSG5X70Gj7_3std4path7PathBufEB7_
FN:55,_RINvMNtNtCs64AwlgGXCHI_10valknut_rs3api6engineNtB3_13ValknutEngine17analyze_directoryReEB7_
FN:89,_RNCINvMNtNtCs64AwlgGXCHI_10valknut_rs3api6engineNtB5_13ValknutEngine13analyze_filesRNtNtCsiKSG5X70Gj7_3std4path4PathE0B9_
FN:89,_RNCINvMNtNtCs64AwlgGXCHI_10valknut_rs3api6engineNtB5_13ValknutEngine13analyze_filesReE0B9_
FN:55,_RNCINvMNtNtCs64AwlgGXCHI_10valknut_rs3api6engineNtB5_13ValknutEngine17analyze_directoryRNtNtCsiKSG5X70Gj7_3std4path4PathE0B9_
FN:55,_RNCINvMNtNtCs64AwlgGXCHI_10valknut_rs3api6engineNtB5_13ValknutEngine17analyze_directoryRNtNtCsiKSG5X70Gj7_3std4path7PathBufE0B9_
FN:55,_RNCINvMNtNtCs64AwlgGXCHI_10valknut_rs3api6engineNtB5_13ValknutEngine17analyze_directoryReE0B9_
FN:193,_RNCNvMNtNtCs64AwlgGXCHI_10valknut_rs3api6engineNtB4_13ValknutEngine12health_check0B8_
FN:135,_RNCNvMNtNtCs64AwlgGXCHI_10valknut_rs3api6engineNtB4_13ValknutEngine15analyze_vectors0B8_
FN:183,_RNCNvMNtNtCs64AwlgGXCHI_10valknut_rs3api6engineNtB4_13ValknutEngine23get_supported_languagess_0B8_
FN:26,_RNCNvMNtNtCs64AwlgGXCHI_10valknut_rs3api6engineNtB4_13ValknutEngine3new0B8_
FNDA:1,_RNvNtNtNtCs64AwlgGXCHI_10valknut_rs3api6engine5testss_13test_is_ready
FNDA:1,_RNvNtNtNtCs64AwlgGXCHI_10valknut_rs3api6engine5testss_17test_health_check
FNDA:1,_RNvNtNtNtCs64AwlgGXCHI_10valknut_rs3api6engine5testss_18test_config_access
FNDA:1,_RNvNtNtNtCs64AwlgGXCHI_10valknut_rs3api6engine5testss_18test_engine_status
FNDA:1,_RNvNtNtNtCs64AwlgGXCHI_10valknut_rs3api6engine5testss_20test_analyze_vectors
FNDA:1,_RNvNtNtNtCs64AwlgGXCHI_10valknut_rs3api6engine5testss_20test_engine_creation
FNDA:1,_RNvNtNtNtCs64AwlgGXCHI_10valknut_rs3api6engine5testss_23test_health_check_debug
FNDA:1,_RNvNtNtNtCs64AwlgGXCHI_10valknut_rs3api6engine5testss_24test_engine_status_debug
FNDA:1,_RNvNtNtNtCs64AwlgGXCHI_10valknut_rs3api6engine5testss_26test_analyze_vectors_empty
FNDA:1,_RNvNtNtNtCs64AwlgGXCHI_10valknut_rs3api6engine5testss_28test_analyze_empty_directory
FNDA:1,_RNvNtNtNtCs64AwlgGXCHI_10valknut_rs3api6engine5testss_28test_get_supported_languages
FNDA:1,_RNvNtNtNtCs64AwlgGXCHI_10valknut_rs3api6engine5testss_28test_health_check_no_message
FNDA:1,_RNvNtNtNtCs64AwlgGXCHI_10valknut_rs3api6engine5testss_29test_analyze_files_empty_list
FNDA:1,_RNvNtNtNtCs64AwlgGXCHI_10valknut_rs3api6engine5testss_30test_health_check_result_debug
FNDA:1,_RNvNtNtNtCs64AwlgGXCHI_10valknut_rs3api6engine5testss_31test_analyze_file_not_directory
FNDA:1,_RNvNtNtNtCs64AwlgGXCHI_10valknut_rs3api6engine5testss_31test_health_check_comprehensive
FNDA:1,_RNvNtNtNtCs64AwlgGXCHI_10valknut_rs3api6engine5testss_33test_health_check_status_equality
FNDA:1,_RNvNtNtNtCs64AwlgGXCHI_10valknut_rs3api6engine5testss_34test_analyze_nonexistent_directory
FNDA:1,_RNvNtNtNtCs64AwlgGXCHI_10valknut_rs3api6engine5testss_38test_analyze_files_no_parent_directory
FNDA:1,_RNvNtNtNtCs64AwlgGXCHI_10valknut_rs3api6engine5testss_40test_analyze_files_with_parent_directory
FNDA:1,_RNvNtNtNtCs64AwlgGXCHI_10valknut_rs3api6engine5testss_43test_analyze_vectors_with_multiple_features
FNDA:1,_RNCNCNvNtNtNtCs64AwlgGXCHI_10valknut_rs3api6engine5testss_17test_health_check00Bb_
FNDA:4,_RNCNCNvNtNtNtCs64AwlgGXCHI_10valknut_rs3api6engine5testss_31test_health_check_comprehensive00Bb_
FNDA:1,_RNCNvNtNtNtCs64AwlgGXCHI_10valknut_rs3api6engine5testss_13test_is_ready0B9_
FNDA:1,_RNCNvNtNtNtCs64AwlgGXCHI_10valknut_rs3api6engine5testss_17test_health_check0B9_
FNDA:1,_RNCNvNtNtNtCs64AwlgGXCHI_10valknut_rs3api6engine5testss_18test_config_access0B9_
FNDA:1,_RNCNvNtNtNtCs64AwlgGXCHI_10valknut_rs3api6engine5testss_18test_engine_status0B9_
FNDA:1,_RNCNvNtNtNtCs64AwlgGXCHI_10valknut_rs3api6engine5testss_20test_analyze_vectors0B9_
FNDA:1,_RNCNvNtNtNtCs64AwlgGXCHI_10valknut_rs3api6engine5testss_20test_engine_creation0B9_
FNDA:1,_RNCNvNtNtNtCs64AwlgGXCHI_10valknut_rs3api6engine5testss_26test_analyze_vectors_empty0B9_
FNDA:1,_RNCNvNtNtNtCs64AwlgGXCHI_10valknut_rs3api6engine5testss_28test_analyze_empty_directory0B9_
FNDA:1,_RNCNvNtNtNtCs64AwlgGXCHI_10valknut_rs3api6engine5testss_28test_get_supported_languages0B9_
FNDA:1,_RNCNvNtNtNtCs64AwlgGXCHI_10valknut_rs3api6engine5testss_29test_analyze_files_empty_list0B9_
FNDA:1,_RNCNvNtNtNtCs64AwlgGXCHI_10valknut_rs3api6engine5testss_31test_analyze_file_not_directory0B9_
FNDA:1,_RNCNvNtNtNtCs64AwlgGXCHI_10valknut_rs3api6engine5testss_31test_health_check_comprehensive0B9_
FNDA:1,_RNCNvNtNtNtCs64AwlgGXCHI_10valknut_rs3api6engine5testss_34test_analyze_nonexistent_directory0B9_
FNDA:1,_RNCNvNtNtNtCs64AwlgGXCHI_10valknut_rs3api6engine5testss_38test_analyze_files_no_parent_directory0B9_
FNDA:1,_RNCNvNtNtNtCs64AwlgGXCHI_10valknut_rs3api6engine5testss_40test_analyze_files_with_parent_directory0B9_
FNDA:1,_RNCNvNtNtNtCs64AwlgGXCHI_10valknut_rs3api6engine5testss_43test_analyze_vectors_with_multiple_features0B9_
FNDA:1,_RNvMNtNtCs64AwlgGXCHI_10valknut_rs3api6engineNtB2_13ValknutEngine10get_status
FNDA:2,_RNvMNtNtCs64AwlgGXCHI_10valknut_rs3api6engineNtB2_13ValknutEngine12health_check
FNDA:3,_RNvMNtNtCs64AwlgGXCHI_10valknut_rs3api6engineNtB2_13ValknutEngine15analyze_vectors
FNDA:5,_RNvMNtNtCs64AwlgGXCHI_10valknut_rs3api6engineNtB2_13ValknutEngine23get_supported_languages
FNDA:16,_RNvMNtNtCs64AwlgGXCHI_10valknut_rs3api6engineNtB2_13ValknutEngine3new
FNDA:1,_RNvMNtNtCs64AwlgGXCHI_10valknut_rs3api6engineNtB2_13ValknutEngine6config
FNDA:1,_RNvMNtNtCs64AwlgGXCHI_10valknut_rs3api6engineNtB2_13ValknutEngine8is_ready
FNDA:2,_RINvMNtNtCs64AwlgGXCHI_10valknut_rs3api6engineNtB3_13ValknutEngine13analyze_filesRNtNtCsiKSG5X70Gj7_3std4path4PathEB7_
FNDA:1,_RINvMNtNtCs64AwlgGXCHI_10valknut_rs3api6engineNtB3_13ValknutEngine13analyze_filesReEB7_
FNDA:2,_RINvMNtNtCs64AwlgGXCHI_10valknut_rs3api6engineNtB3_13ValknutEngine17analyze_directoryRNtNtCsiKSG5X70Gj7_3std4path4PathEB7_
FNDA:1,_RINvMNtNtCs64AwlgGXCHI_10valknut_rs3api6engineNtB3_13ValknutEngine17analyze_directoryRNtNtCsiKSG5X70Gj7_3std4path7PathBufEB7_
FNDA:1,_RINvMNtNtCs64AwlgGXCHI_10valknut_rs3api6engineNtB3_13ValknutEngine17analyze_directoryReEB7_
FNDA:2,_RNCINvMNtNtCs64AwlgGXCHI_10valknut_rs3api6engineNtB5_13ValknutEngine13analyze_filesRNtNtCsiKSG5X70Gj7_3std4path4PathE0B9_
FNDA:1,_RNCINvMNtNtCs64AwlgGXCHI_10valknut_rs3api6engineNtB5_13ValknutEngine13analyze_filesReE0B9_
FNDA:2,_RNCINvMNtNtCs64AwlgGXCHI_10valknut_rs3api6engineNtB5_13ValknutEngine17analyze_directoryRNtNtCsiKSG5X70Gj7_3std4path4PathE0B9_
FNDA:1,_RNCINvMNtNtCs64AwlgGXCHI_10valknut_rs3api6engineNtB5_13ValknutEngine17analyze_directoryRNtNtCsiKSG5X70Gj7_3std4path7PathBufE0B9_
FNDA:1,_RNCINvMNtNtCs64AwlgGXCHI_10valknut_rs3api6engineNtB5_13ValknutEngine17analyze_directoryReE0B9_
FNDA:2,_RNCNvMNtNtCs64AwlgGXCHI_10valknut_rs3api6engineNtB4_13ValknutEngine12health_check0B8_
FNDA:3,_RNCNvMNtNtCs64AwlgGXCHI_10valknut_rs3api6engineNtB4_13ValknutEngine15analyze_vectors0B8_
FNDA:15,_RNCNvMNtNtCs64AwlgGXCHI_10valknut_rs3api6engineNtB4_13ValknutEngine23get_supported_languagess_0B8_
FNDA:16,_RNCNvMNtNtCs64AwlgGXCHI_10valknut_rs3api6engineNtB4_13ValknutEngine3new0B8_
FNF:54
FNH:54
DA:26,16
DA:27,16
DA:30,16
DA:33,16
DA:35,16
DA:36,16
DA:37,16
DA:46,16
DA:48,16
DA:49,16
DA:50,16
DA:51,16
DA:52,16
DA:55,4
DA:56,4
DA:57,4
DA:60,4
DA:61,1
DA:62,1
DA:63,1
DA:64,1
DA:65,3
DA:67,3
DA:68,1
DA:69,1
DA:70,1
DA:71,2
DA:74,2
DA:77,2
DA:79,2
DA:80,0
DA:81,0
DA:85,2
DA:86,4
DA:89,3
DA:90,3
DA:95,3
DA:96,1
DA:97,1
DA:98,1
DA:99,1
DA:100,1
DA:101,1
DA:102,1
DA:103,1
DA:104,1
DA:105,1
DA:106,1
DA:107,1
DA:108,1
DA:109,1
DA:110,1
DA:111,1
DA:112,1
DA:113,1
DA:114,1
DA:115,1
DA:116,1
DA:117,1
DA:118,1
DA:119,1
DA:120,1
DA:121,1
DA:122,1
DA:123,2
DA:126,2
DA:127,2
DA:128,1
DA:130,1
DA:132,3
DA:135,3
DA:136,3
DA:139,3
DA:141,0
DA:142,0
DA:143,3
DA:146,3
DA:149,3
DA:151,3
DA:152,0
DA:156,3
DA:157,3
DA:160,1
DA:161,1
DA:162,1
DA:165,1
DA:166,1
DA:168,1
DA:169,1
DA:170,1
DA:171,1
DA:172,1
DA:173,1
DA:174,1
DA:175,1
DA:178,5
DA:179,5
DA:180,5
DA:181,5
DA:182,5
DA:183,15
DA:184,5
DA:185,5
DA:188,1
DA:189,1
DA:190,1
DA:193,2
DA:194,2
DA:195,2
DA:198,2
DA:199,0
DA:200,0
DA:201,0
DA:202,0
DA:203,0
DA:204,0
DA:205,2
DA:206,2
DA:207,2
DA:208,2
DA:209,2
DA:210,2
DA:211,2
DA:214,2
DA:215,2
DA:216,2
DA:217,2
DA:218,2
DA:219,2
DA:220,2
DA:221,2
DA:222,0
DA:223,0
DA:224,0
DA:225,0
DA:226,0
DA:227,0
DA:228,0
DA:231,2
DA:232,2
DA:233,0
DA:234,0
DA:235,0
DA:236,0
DA:237,0
DA:238,2
DA:239,2
DA:240,2
DA:241,2
DA:242,2
DA:243,2
DA:244,2
DA:247,2
DA:248,2
DA:249,0
DA:250,0
DA:251,0
DA:252,0
DA:253,0
DA:254,2
DA:255,2
DA:256,2
DA:257,2
DA:258,2
DA:259,2
DA:260,2
DA:262,2
DA:263,2
DA:264,2
DA:265,2
DA:266,2
DA:267,2
DA:335,1
DA:336,1
DA:337,1
DA:338,1
DA:340,1
DA:341,1
DA:342,1
DA:345,1
DA:346,1
DA:347,1
DA:349,1
DA:350,1
DA:352,1
DA:353,1
DA:354,1
DA:355,1
DA:356,1
DA:357,1
DA:360,1
DA:361,1
DA:362,1
DA:365,1
DA:367,1
DA:368,1
DA:370,1
DA:371,1
DA:373,1
DA:374,1
DA:377,1
DA:378,1
DA:379,1
DA:382,1
DA:383,1
DA:384,1
DA:387,1
DA:388,1
DA:390,1
DA:391,1
DA:393,1
DA:394,1
DA:397,1
DA:398,1
DA:401,1
DA:402,1
DA:403,1
DA:405,1
DA:408,1
DA:411,1
DA:412,1
DA:413,1
DA:414,1
DA:417,1
DA:418,1
DA:419,1
DA:421,1
DA:422,1
DA:423,1
DA:424,1
DA:427,1
DA:428,1
DA:429,1
DA:432,1
DA:433,1
DA:434,1
DA:436,1
DA:437,1
DA:439,1
DA:440,1
DA:441,1
DA:442,1
DA:443,1
DA:444,1
DA:447,1
DA:448,1
DA:449,1
DA:451,1
DA:452,1
DA:453,1
DA:455,1
DA:456,1
DA:457,1
DA:458,1
DA:459,1
DA:460,1
DA:461,1
DA:462,1
DA:463,1
DA:464,1
DA:465,1
DA:468,1
DA:469,1
DA:470,1
DA:473,1
DA:474,1
DA:475,1
DA:477,1
DA:478,1
DA:479,1
DA:480,1
DA:483,1
DA:484,1
DA:485,1
DA:488,1
DA:489,1
DA:490,1
DA:492,1
DA:493,1
DA:494,1
DA:495,1
DA:496,1
DA:497,1
DA:500,1
DA:501,1
DA:502,1
DA:504,1
DA:505,1
DA:506,1
DA:508,1
DA:509,1
DA:510,1
DA:513,1
DA:514,1
DA:515,1
DA:517,1
DA:518,1
DA:519,1
DA:520,1
DA:522,1
DA:523,1
DA:525,1
DA:527,1
DA:528,1
DA:531,1
DA:532,1
DA:533,1
DA:534,1
DA:535,1
DA:537,1
DA:538,1
DA:539,1
DA:540,1
DA:543,1
DA:544,1
DA:545,1
DA:548,1
DA:550,1
DA:551,1
DA:554,1
DA:555,1
DA:556,1
DA:557,1
DA:559,1
DA:561,1
DA:562,1
DA:565,1
DA:566,1
DA:567,1
DA:569,1
DA:572,1
DA:575,4
DA:576,1
DA:577,1
DA:578,1
DA:579,1
DA:582,1
DA:583,1
DA:584,1
DA:585,1
DA:586,1
DA:589,1
DA:590,1
DA:591,1
DA:592,1
DA:593,1
DA:594,1
DA:595,1
DA:596,1
DA:598,1
DA:599,1
DA:600,1
DA:601,1
DA:602,1
DA:603,1
DA:604,1
DA:607,1
DA:608,1
DA:609,1
DA:610,1
DA:611,1
DA:612,1
DA:613,1
DA:614,1
DA:615,1
DA:616,1
DA:617,1
DA:618,1
DA:620,1
DA:621,1
DA:622,1
DA:623,1
DA:624,1
DA:625,1
DA:628,1
DA:629,1
DA:630,1
DA:631,1
DA:632,1
DA:633,1
DA:634,1
DA:637,1
DA:638,1
DA:639,1
DA:640,1
DA:641,1
DA:642,1
DA:644,1
DA:645,1
DA:646,1
DA:647,1
DA:648,1
DA:651,1
DA:652,1
DA:653,1
DA:654,1
DA:655,1
DA:656,1
DA:658,1
DA:659,1
DA:660,1
DA:661,1
DA:662,1
BRF:0
BRH:0
LF:452
LH:409
end_of_record
SF:/home/nathan/Projects/valknut/src/api/results.rs
FN:291,_RNvMNtNtCs64AwlgGXCHI_10valknut_rs3api7resultsNtB2_15AnalysisResults10is_healthy
FN:296,_RNvMNtNtCs64AwlgGXCHI_10valknut_rs3api7resultsNtB2_15AnalysisResults10top_issues
FN:272,_RNvMNtNtCs64AwlgGXCHI_10valknut_rs3api7resultsNtB2_15AnalysisResults14files_analyzed
FN:277,_RNvMNtNtCs64AwlgGXCHI_10valknut_rs3api7resultsNtB2_15AnalysisResults19critical_candidates
FN:179,_RNvMNtNtCs64AwlgGXCHI_10valknut_rs3api7resultsNtB2_15AnalysisResults21from_pipeline_results
FN:284,_RNvMNtNtCs64AwlgGXCHI_10valknut_rs3api7resultsNtB2_15AnalysisResults24high_priority_candidates
FN:257,_RNvMNtNtCs64AwlgGXCHI_10valknut_rs3api7resultsNtB2_15AnalysisResults27calculate_code_health_score
FN:313,_RNvMs_NtNtCs64AwlgGXCHI_10valknut_rs3api7resultsNtB4_20RefactoringCandidate19from_scoring_result
FN:431,_RNvMs_NtNtCs64AwlgGXCHI_10valknut_rs3api7resultsNtB4_20RefactoringCandidate20generate_suggestions
FN:411,_RNvMs_NtNtCs64AwlgGXCHI_10valknut_rs3api7resultsNtB4_20RefactoringCandidate26generate_issue_description
FN:401,_RNvMs_NtNtCs64AwlgGXCHI_10valknut_rs3api7resultsNtB4_20RefactoringCandidate27feature_belongs_to_category
FN:661,_RNvNtNtNtCs64AwlgGXCHI_10valknut_rs3api7results5testss_24test_memory_stats_fields
FN:975,_RNvNtNtNtCs64AwlgGXCHI_10valknut_rs3api7results5testss_25test_generate_suggestions
FN:486,_RNvNtNtNtCs64AwlgGXCHI_10valknut_rs3api7results5testss_28test_code_health_calculation
FN:526,_RNvNtNtNtCs64AwlgGXCHI_10valknut_rs3api7results5testss_29test_analysis_summary_default
FN:956,_RNvNtNtNtCs64AwlgGXCHI_10valknut_rs3api7results5testss_31test_generate_issue_description
FN:570,_RNvNtNtNtCs64AwlgGXCHI_10valknut_rs3api7results5testss_31test_refactoring_issue_creation
FN:768,_RNvNtNtNtCs64AwlgGXCHI_10valknut_rs3api7results5testss_32test_analysis_results_is_healthy
FN:829,_RNvNtNtNtCs64AwlgGXCHI_10valknut_rs3api7results5testss_32test_analysis_results_top_issues
FN:946,_RNvNtNtNtCs64AwlgGXCHI_10valknut_rs3api7results5testss_32test_feature_belongs_to_category
FN:625,_RNvNtNtNtCs64AwlgGXCHI_10valknut_rs3api7results5testss_33test_analysis_statistics_creation
FN:547,_RNvNtNtNtCs64AwlgGXCHI_10valknut_rs3api7results5testss_33test_refactoring_candidate_fields
FN:610,_RNvNtNtNtCs64AwlgGXCHI_10valknut_rs3api7results5testss_34test_feature_contribution_creation
FN:1024,_RNvNtNtNtCs64AwlgGXCHI_10valknut_rs3api7results5testss_34test_serialization_deserialization
FN:503,_RNvNtNtNtCs64AwlgGXCHI_10valknut_rs3api7results5testss_35test_refactoring_candidate_creation
FN:674,_RNvNtNtNtCs64AwlgGXCHI_10valknut_rs3api7results5testss_36test_analysis_results_files_analyzed
FN:593,_RNvNtNtNtCs64AwlgGXCHI_10valknut_rs3api7results5testss_36test_refactoring_suggestion_creation
FN:708,_RNvNtNtNtCs64AwlgGXCHI_10valknut_rs3api7results5testss_41test_analysis_results_critical_candidates
FN:915,_RNvNtNtNtCs64AwlgGXCHI_10valknut_rs3api7results5testss_43test_calculate_code_health_score_edge_cases
FN:358,_RNCNCNvMs_NtNtCs64AwlgGXCHI_10valknut_rs3api7resultsNtB8_20RefactoringCandidate19from_scoring_results4_00Bc_
FN:361,_RNCNCNvMs_NtNtCs64AwlgGXCHI_10valknut_rs3api7resultsNtB8_20RefactoringCandidate19from_scoring_results4_0s_0Bc_
FN:306,_RNCNvMNtNtCs64AwlgGXCHI_10valknut_rs3api7resultsNtB4_15AnalysisResults10top_issues0B8_
FN:280,_RNCNvMNtNtCs64AwlgGXCHI_10valknut_rs3api7resultsNtB4_15AnalysisResults19critical_candidates0B8_
FN:187,_RNCNvMNtNtCs64AwlgGXCHI_10valknut_rs3api7resultsNtB4_15AnalysisResults21from_pipeline_results0B8_
FN:202,_RNCNvMNtNtCs64AwlgGXCHI_10valknut_rs3api7resultsNtB4_15AnalysisResults21from_pipeline_resultss0_0B8_
FN:208,_RNCNvMNtNtCs64AwlgGXCHI_10valknut_rs3api7resultsNtB4_15AnalysisResults21from_pipeline_resultss1_0B8_
FN:244,_RNCNvMNtNtCs64AwlgGXCHI_10valknut_rs3api7resultsNtB4_15AnalysisResults21from_pipeline_resultss2_0B8_
FN:188,_RNCNvMNtNtCs64AwlgGXCHI_10valknut_rs3api7resultsNtB4_15AnalysisResults21from_pipeline_resultss_0B8_
FN:287,_RNCNvMNtNtCs64AwlgGXCHI_10valknut_rs3api7resultsNtB4_15AnalysisResults24high_priority_candidates0B8_
FN:317,_RNCNvMs_NtNtCs64AwlgGXCHI_10valknut_rs3api7resultsNtB6_20RefactoringCandidate19from_scoring_result0Ba_
FN:328,_RNCNvMs_NtNtCs64AwlgGXCHI_10valknut_rs3api7resultsNtB6_20RefactoringCandidate19from_scoring_results0_0Ba_
FN:333,_RNCNvMs_NtNtCs64AwlgGXCHI_10valknut_rs3api7resultsNtB6_20RefactoringCandidate19from_scoring_results1_0Ba_
FN:334,_RNCNvMs_NtNtCs64AwlgGXCHI_10valknut_rs3api7resultsNtB6_20RefactoringCandidate19from_scoring_results2_0Ba_
FN:355,_RNCNvMs_NtNtCs64AwlgGXCHI_10valknut_rs3api7resultsNtB6_20RefactoringCandidate19from_scoring_results3_0Ba_
FN:356,_RNCNvMs_NtNtCs64AwlgGXCHI_10valknut_rs3api7resultsNtB6_20RefactoringCandidate19from_scoring_results4_0Ba_
FN:323,_RNCNvMs_NtNtCs64AwlgGXCHI_10valknut_rs3api7resultsNtB6_20RefactoringCandidate19from_scoring_results_0Ba_
FN:471,_RNCNvMs_NtNtCs64AwlgGXCHI_10valknut_rs3api7resultsNtB6_20RefactoringCandidate20generate_suggestions0Ba_
FN:472,_RNCNvMs_NtNtCs64AwlgGXCHI_10valknut_rs3api7resultsNtB6_20RefactoringCandidate20generate_suggestionss_0Ba_
FN:1004,_RNCNvNtNtNtCs64AwlgGXCHI_10valknut_rs3api7results5testss_25test_generate_suggestions0B9_
FN:1012,_RNCNvNtNtNtCs64AwlgGXCHI_10valknut_rs3api7results5testss_25test_generate_suggestionss0_0B9_
FN:1008,_RNCNvNtNtNtCs64AwlgGXCHI_10valknut_rs3api7results5testss_25test_generate_suggestionss_0B9_
FNDA:2,_RNvMNtNtCs64AwlgGXCHI_10valknut_rs3api7resultsNtB2_15AnalysisResults10is_healthy
FNDA:1,_RNvMNtNtCs64AwlgGXCHI_10valknut_rs3api7resultsNtB2_15AnalysisResults10top_issues
FNDA:5,_RNvMNtNtCs64AwlgGXCHI_10valknut_rs3api7resultsNtB2_15AnalysisResults14files_analyzed
FNDA:1,_RNvMNtNtCs64AwlgGXCHI_10valknut_rs3api7resultsNtB2_15AnalysisResults19critical_candidates
FNDA:5,_RNvMNtNtCs64AwlgGXCHI_10valknut_rs3api7resultsNtB2_15AnalysisResults21from_pipeline_results
FNDA:1,_RNvMNtNtCs64AwlgGXCHI_10valknut_rs3api7resultsNtB2_15AnalysisResults24high_priority_candidates
FNDA:8,_RNvMNtNtCs64AwlgGXCHI_10valknut_rs3api7resultsNtB2_15AnalysisResults27calculate_code_health_score
FNDA:1,_RNvMs_NtNtCs64AwlgGXCHI_10valknut_rs3api7resultsNtB4_20RefactoringCandidate19from_scoring_result
FNDA:2,_RNvMs_NtNtCs64AwlgGXCHI_10valknut_rs3api7resultsNtB4_20RefactoringCandidate20generate_suggestions
FNDA:5,_RNvMs_NtNtCs64AwlgGXCHI_10valknut_rs3api7resultsNtB4_20RefactoringCandidate26generate_issue_description
FNDA:7,_RNvMs_NtNtCs64AwlgGXCHI_10valknut_rs3api7resultsNtB4_20RefactoringCandidate27feature_belongs_to_category
FNDA:1,_RNvNtNtNtCs64AwlgGXCHI_10valknut_rs3api7results5testss_24test_memory_stats_fields
FNDA:1,_RNvNtNtNtCs64AwlgGXCHI_10valknut_rs3api7results5testss_25test_generate_suggestions
FNDA:1,_RNvNtNtNtCs64AwlgGXCHI_10valknut_rs3api7results5testss_28test_code_health_calculation
FNDA:1,_RNvNtNtNtCs64AwlgGXCHI_10valknut_rs3api7results5testss_29test_analysis_summary_default
FNDA:1,_RNvNtNtNtCs64AwlgGXCHI_10valknut_rs3api7results5testss_31test_generate_issue_description
FNDA:1,_RNvNtNtNtCs64AwlgGXCHI_10valknut_rs3api7results5testss_31test_refactoring_issue_creation
FNDA:1,_RNvNtNtNtCs64AwlgGXCHI_10valknut_rs3api7results5testss_32test_analysis_results_is_healthy
FNDA:1,_RNvNtNtNtCs64AwlgGXCHI_10valknut_rs3api7results5testss_32test_analysis_results_top_issues
FNDA:1,_RNvNtNtNtCs64AwlgGXCHI_10valknut_rs3api7results5testss_32test_feature_belongs_to_category
FNDA:1,_RNvNtNtNtCs64AwlgGXCHI_10valknut_rs3api7results5testss_33test_analysis_statistics_creation
FNDA:1,_RNvNtNtNtCs64AwlgGXCHI_10valknut_rs3api7results5testss_33test_refactoring_candidate_fields
FNDA:1,_RNvNtNtNtCs64AwlgGXCHI_10valknut_rs3api7results5testss_34test_feature_contribution_creation
FNDA:1,_RNvNtNtNtCs64AwlgGXCHI_10valknut_rs3api7results5testss_34test_serialization_deserialization
FNDA:1,_RNvNtNtNtCs64AwlgGXCHI_10valknut_rs3api7results5testss_35test_refactoring_candidate_creation
FNDA:1,_RNvNtNtNtCs64AwlgGXCHI_10valknut_rs3api7results5testss_36test_analysis_results_files_analyzed
FNDA:1,_RNvNtNtNtCs64AwlgGXCHI_10valknut_rs3api7results5testss_36test_refactoring_suggestion_creation
FNDA:1,_RNvNtNtNtCs64AwlgGXCHI_10valknut_rs3api7results5testss_41test_analysis_results_critical_candidates
FNDA:1,_RNvNtNtNtCs64AwlgGXCHI_10valknut_rs3api7results5testss_43test_calculate_code_health_score_edge_cases
FNDA:0,_RNCNCNvMs_NtNtCs64AwlgGXCHI_10valknut_rs3api7resultsNtB8_20RefactoringCandidate19from_scoring_results4_00Bc_
FNDA:0,_RNCNCNvMs_NtNtCs64AwlgGXCHI_10valknut_rs3api7resultsNtB8_20RefactoringCandidate19from_scoring_results4_0s_0Bc_
FNDA:1,_RNCNvMNtNtCs64AwlgGXCHI_10valknut_rs3api7resultsNtB4_15AnalysisResults10top_issues0B8_
FNDA:2,_RNCNvMNtNtCs64AwlgGXCHI_10valknut_rs3api7resultsNtB4_15AnalysisResults19critical_candidates0B8_
FNDA:0,_RNCNvMNtNtCs64AwlgGXCHI_10valknut_rs3api7resultsNtB4_15AnalysisResults21from_pipeline_results0B8_
FNDA:0,_RNCNvMNtNtCs64AwlgGXCHI_10valknut_rs3api7resultsNtB4_15AnalysisResults21from_pipeline_resultss0_0B8_
FNDA:0,_RNCNvMNtNtCs64AwlgGXCHI_10valknut_rs3api7resultsNtB4_15AnalysisResults21from_pipeline_resultss1_0B8_
FNDA:0,_RNCNvMNtNtCs64AwlgGXCHI_10valknut_rs3api7resultsNtB4_15AnalysisResults21from_pipeline_resultss2_0B8_
FNDA:0,_RNCNvMNtNtCs64AwlgGXCHI_10valknut_rs3api7resultsNtB4_15AnalysisResults21from_pipeline_resultss_0B8_
FNDA:2,_RNCNvMNtNtCs64AwlgGXCHI_10valknut_rs3api7resultsNtB4_15AnalysisResults24high_priority_candidates0B8_
FNDA:0,_RNCNvMs_NtNtCs64AwlgGXCHI_10valknut_rs3api7resultsNtB6_20RefactoringCandidate19from_scoring_result0Ba_
FNDA:0,_RNCNvMs_NtNtCs64AwlgGXCHI_10valknut_rs3api7resultsNtB6_20RefactoringCandidate19from_scoring_results0_0Ba_
FNDA:0,_RNCNvMs_NtNtCs64AwlgGXCHI_10valknut_rs3api7resultsNtB6_20RefactoringCandidate19from_scoring_results1_0Ba_
FNDA:0,_RNCNvMs_NtNtCs64AwlgGXCHI_10valknut_rs3api7resultsNtB6_20RefactoringCandidate19from_scoring_results2_0Ba_
FNDA:1,_RNCNvMs_NtNtCs64AwlgGXCHI_10valknut_rs3api7resultsNtB6_20RefactoringCandidate19from_scoring_results3_0Ba_
FNDA:1,_RNCNvMs_NtNtCs64AwlgGXCHI_10valknut_rs3api7resultsNtB6_20RefactoringCandidate19from_scoring_results4_0Ba_
FNDA:0,_RNCNvMs_NtNtCs64AwlgGXCHI_10valknut_rs3api7resultsNtB6_20RefactoringCandidate19from_scoring_results_0Ba_
FNDA:3,_RNCNvMs_NtNtCs64AwlgGXCHI_10valknut_rs3api7resultsNtB6_20RefactoringCandidate20generate_suggestions0Ba_
FNDA:3,_RNCNvMs_NtNtCs64AwlgGXCHI_10valknut_rs3api7resultsNtB6_20RefactoringCandidate20generate_suggestionss_0Ba_
FNDA:1,_RNCNvNtNtNtCs64AwlgGXCHI_10valknut_rs3api7results5testss_25test_generate_suggestions0B9_
FNDA:3,_RNCNvNtNtNtCs64AwlgGXCHI_10valknut_rs3api7results5testss_25test_generate_suggestionss0_0B9_
FNDA:2,_RNCNvNtNtNtCs64AwlgGXCHI_10valknut_rs3api7results5testss_25test_generate_suggestionss_0B9_
FNF:51
FNH:39
DA:179,5
DA:180,5
DA:183,5
DA:184,5
DA:185,5
DA:186,5
DA:187,5
DA:188,5
DA:189,5
DA:192,5
DA:193,5
DA:194,0
DA:195,0
DA:196,0
DA:199,5
DA:200,5
DA:201,5
DA:202,5
DA:203,5
DA:205,5
DA:206,5
DA:207,5
DA:208,5
DA:209,5
DA:212,5
DA:214,5
DA:215,5
DA:216,5
DA:217,5
DA:218,5
DA:219,5
DA:220,5
DA:221,5
DA:222,5
DA:224,5
DA:225,5
DA:226,5
DA:227,5
DA:228,5
DA:229,5
DA:230,5
DA:231,5
DA:232,5
DA:233,5
DA:234,5
DA:235,5
DA:236,5
DA:237,5
DA:238,5
DA:239,5
DA:240,5
DA:242,5
DA:243,5
DA:244,5
DA:245,5
DA:247,5
DA:248,5
DA:249,5
DA:250,5
DA:251,5
DA:252,5
DA:253,5
DA:254,5
DA:257,8
DA:258,8
DA:259,5
DA:260,3
DA:262,3
DA:263,3
DA:266,3
DA:268,3
DA:269,8
DA:272,5
DA:273,5
DA:274,5
DA:277,1
DA:278,1
DA:279,1
DA:280,2
DA:281,1
DA:284,1
DA:285,1
DA:286,1
DA:287,2
DA:288,1
DA:291,2
DA:292,2
DA:293,2
DA:296,1
DA:297,1
DA:299,3
DA:300,5
DA:301,3
DA:302,3
DA:305,1
DA:306,1
DA:307,1
DA:308,1
DA:313,1
DA:315,1
DA:316,1
DA:317,1
DA:320,1
DA:322,0
DA:323,0
DA:324,0
DA:325,0
DA:327,0
DA:328,0
DA:329,0
DA:330,0
DA:332,0
DA:333,0
DA:334,0
DA:335,0
DA:336,0
DA:337,0
DA:338,0
DA:340,0
DA:342,0
DA:344,0
DA:346,1
DA:350,1
DA:351,2
DA:352,1
DA:353,1
DA:354,1
DA:355,1
DA:356,1
DA:357,1
DA:358,1
DA:359,1
DA:360,1
DA:361,1
DA:362,1
DA:364,1
DA:365,1
DA:366,1
DA:367,1
DA:368,1
DA:369,1
DA:370,1
DA:371,1
DA:373,1
DA:374,1
DA:375,1
DA:376,1
DA:377,1
DA:378,1
DA:380,1
DA:381,0
DA:385,1
DA:387,1
DA:388,1
DA:389,1
DA:390,1
DA:391,1
DA:392,1
DA:393,1
DA:394,1
DA:395,1
DA:396,1
DA:397,1
DA:398,1
DA:401,7
DA:402,7
DA:403,7
DA:404,4
DA:405,3
DA:406,1
DA:408,7
DA:411,5
DA:412,5
DA:413,1
DA:414,4
DA:415,2
DA:416,2
DA:417,1
DA:419,1
DA:422,5
DA:423,5
DA:424,3
DA:425,2
DA:426,1
DA:428,5
DA:431,2
DA:432,2
DA:434,6
DA:435,4
DA:436,4
DA:437,3
DA:438,1
DA:439,1
DA:440,1
DA:441,1
DA:442,1
DA:443,1
DA:444,1
DA:445,2
DA:447,3
DA:448,3
DA:449,3
DA:450,3
DA:451,3
DA:452,3
DA:453,3
DA:454,3
DA:455,3
DA:457,1
DA:458,1
DA:459,1
DA:460,1
DA:461,1
DA:462,1
DA:463,1
DA:464,1
DA:465,1
DA:466,0
DA:471,3
DA:472,3
DA:474,2
DA:475,2
DA:486,1
DA:487,1
DA:488,1
DA:489,1
DA:490,1
DA:491,1
DA:492,1
DA:493,1
DA:494,1
DA:495,1
DA:497,1
DA:498,1
DA:499,1
DA:500,1
DA:503,1
DA:504,1
DA:505,1
DA:506,1
DA:507,1
DA:508,1
DA:509,1
DA:510,1
DA:511,1
DA:512,1
DA:514,1
DA:515,1
DA:517,1
DA:519,1
DA:520,1
DA:521,1
DA:522,1
DA:523,1
DA:526,1
DA:527,1
DA:528,1
DA:529,1
DA:530,1
DA:531,1
DA:532,1
DA:533,1
DA:534,1
DA:535,1
DA:537,1
DA:538,1
DA:539,1
DA:540,1
DA:541,1
DA:542,1
DA:543,1
DA:544,1
DA:547,1
DA:548,1
DA:549,1
DA:550,1
DA:551,1
DA:552,1
DA:553,1
DA:554,1
DA:555,1
DA:556,1
DA:557,1
DA:558,1
DA:560,1
DA:561,1
DA:562,1
DA:563,1
DA:564,1
DA:565,1
DA:566,1
DA:567,1
DA:570,1
DA:571,1
DA:572,1
DA:573,1
DA:574,1
DA:575,1
DA:576,1
DA:578,1
DA:579,1
DA:580,1
DA:581,1
DA:582,1
DA:583,1
DA:585,1
DA:586,1
DA:587,1
DA:588,1
DA:589,1
DA:590,1
DA:593,1
DA:594,1
DA:595,1
DA:596,1
DA:597,1
DA:598,1
DA:599,1
DA:600,1
DA:602,1
DA:603,1
DA:604,1
DA:605,1
DA:606,1
DA:607,1
DA:610,1
DA:611,1
DA:612,1
DA:613,1
DA:614,1
DA:615,1
DA:616,1
DA:618,1
DA:619,1
DA:620,1
DA:621,1
DA:622,1
DA:625,1
DA:626,1
DA:627,1
DA:628,1
DA:630,1
DA:631,1
DA:632,1
DA:634,1
DA:635,1
DA:636,1
DA:637,1
DA:638,1
DA:640,1
DA:641,1
DA:642,1
DA:643,1
DA:644,1
DA:645,1
DA:646,1
DA:647,1
DA:648,1
DA:650,1
DA:651,1
DA:652,1
DA:653,1
DA:654,1
DA:655,1
DA:656,1
DA:657,1
DA:658,1
DA:661,1
DA:662,1
DA:663,1
DA:664,1
DA:665,1
DA:666,1
DA:668,1
DA:669,1
DA:670,1
DA:671,1
DA:674,1
DA:675,1
DA:676,1
DA:677,1
DA:678,1
DA:679,1
DA:680,1
DA:681,1
DA:682,1
DA:683,1
DA:685,1
DA:686,1
DA:687,1
DA:688,1
DA:689,1
DA:690,1
DA:691,1
DA:692,1
DA:693,1
DA:694,1
DA:695,1
DA:696,1
DA:697,1
DA:698,1
DA:699,1
DA:700,1
DA:701,1
DA:702,1
DA:704,1
DA:705,1
DA:708,1
DA:709,1
DA:710,1
DA:711,1
DA:712,1
DA:713,1
DA:714,1
DA:715,1
DA:716,1
DA:717,1
DA:718,1
DA:719,1
DA:721,1
DA:722,1
DA:723,1
DA:724,1
DA:725,1
DA:726,1
DA:727,1
DA:728,1
DA:729,1
DA:730,1
DA:731,1
DA:733,1
DA:734,1
DA:735,1
DA:736,1
DA:737,1
DA:738,1
DA:739,1
DA:740,1
DA:741,1
DA:742,1
DA:743,1
DA:744,1
DA:745,1
DA:746,1
DA:747,1
DA:748,1
DA:749,1
DA:750,1
DA:751,1
DA:752,1
DA:753,1
DA:754,1
DA:755,1
DA:756,1
DA:757,1
DA:758,1
DA:760,1
DA:761,1
DA:763,1
DA:764,1
DA:765,1
DA:768,1
DA:769,1
DA:770,1
DA:771,1
DA:772,1
DA:773,1
DA:774,1
DA:775,1
DA:776,1
DA:777,1
DA:778,1
DA:779,1
DA:780,1
DA:781,1
DA:782,1
DA:783,1
DA:784,1
DA:785,1
DA:786,1
DA:787,1
DA:788,1
DA:789,1
DA:790,1
DA:791,1
DA:792,1
DA:793,1
DA:794,1
DA:796,1
DA:798,1
DA:799,1
DA:800,1
DA:801,1
DA:802,1
DA:803,1
DA:804,1
DA:805,1
DA:806,1
DA:807,1
DA:808,1
DA:809,1
DA:810,1
DA:811,1
DA:812,1
DA:813,1
DA:814,1
DA:815,1
DA:816,1
DA:817,1
DA:818,1
DA:819,1
DA:820,1
DA:821,1
DA:822,1
DA:823,1
DA:825,1
DA:826,1
DA:829,1
DA:830,1
DA:831,1
DA:832,1
DA:833,1
DA:834,1
DA:835,1
DA:837,1
DA:838,1
DA:839,1
DA:840,1
DA:841,1
DA:842,1
DA:844,1
DA:845,1
DA:846,1
DA:847,1
DA:848,1
DA:849,1
DA:851,1
DA:852,1
DA:853,1
DA:854,1
DA:855,1
DA:856,1
DA:857,1
DA:858,1
DA:859,1
DA:860,1
DA:861,1
DA:863,1
DA:864,1
DA:865,1
DA:866,1
DA:867,1
DA:868,1
DA:869,1
DA:870,1
DA:871,1
DA:872,1
DA:873,1
DA:875,1
DA:876,1
DA:877,1
DA:878,1
DA:879,1
DA:880,1
DA:881,1
DA:882,1
DA:883,1
DA:884,1
DA:885,1
DA:886,1
DA:887,1
DA:888,1
DA:889,1
DA:890,1
DA:891,1
DA:892,1
DA:893,1
DA:894,1
DA:895,1
DA:896,1
DA:897,1
DA:898,1
DA:899,1
DA:900,1
DA:902,1
DA:903,1
DA:906,1
DA:907,1
DA:910,1
DA:911,1
DA:912,1
DA:915,1
DA:917,1
DA:918,1
DA:919,1
DA:920,1
DA:921,1
DA:922,1
DA:923,1
DA:924,1
DA:925,1
DA:926,1
DA:927,1
DA:930,1
DA:931,1
DA:932,1
DA:933,1
DA:934,1
DA:935,1
DA:936,1
DA:937,1
DA:938,1
DA:939,1
DA:940,1
DA:941,1
DA:942,1
DA:943,1
DA:946,1
DA:947,1
DA:948,1
DA:949,1
DA:950,1
DA:951,1
DA:952,1
DA:953,1
DA:956,1
DA:957,1
DA:958,1
DA:959,1
DA:961,1
DA:962,1
DA:963,1
DA:965,1
DA:966,1
DA:967,1
DA:969,1
DA:970,1
DA:971,1
DA:972,1
DA:975,1
DA:976,1
DA:977,1
DA:978,1
DA:979,1
DA:980,1
DA:981,1
DA:983,1
DA:984,1
DA:985,1
DA:986,1
DA:987,1
DA:988,1
DA:990,1
DA:991,1
DA:992,1
DA:993,1
DA:994,1
DA:995,1
DA:997,1
DA:998,1
DA:1001,1
DA:1004,1
DA:1005,1
DA:1008,2
DA:1009,1
DA:1012,3
DA:1013,1
DA:1016,1
DA:1017,2
DA:1018,2
DA:1020,0
DA:1021,1
DA:1024,1
DA:1025,1
DA:1026,1
DA:1027,1
DA:1028,1
DA:1029,1
DA:1030,1
DA:1031,1
DA:1032,1
DA:1033,1
DA:1034,1
DA:1035,1
DA:1036,1
DA:1037,1
DA:1038,1
DA:1039,1
DA:1040,1
DA:1041,1
DA:1042,1
DA:1043,1
DA:1044,1
DA:1045,1
DA:1046,1
DA:1047,1
DA:1048,1
DA:1049,1
DA:1050,1
DA:1053,1
DA:1054,1
DA:1056,1
DA:1057,1
DA:1058,1
DA:1059,1
DA:1060,1
BRF:0
BRH:0
LF:728
LH:692
end_of_record
SF:/home/nathan/Projects/valknut/src/core/bayesian.rs
FN:362,_RNCNvMs1_NtNtCs64AwlgGXCHI_10valknut_rs4core8bayesianNtB7_18BayesianNormalizer18normalize_parallel0Bb_
FN:359,_RNvMs1_NtNtCs64AwlgGXCHI_10valknut_rs4core8bayesianNtB5_18BayesianNormalizer18normalize_parallel
FN:377,_RNvMs1_NtNtCs64AwlgGXCHI_10valknut_rs4core8bayesianNtB5_18BayesianNormalizer20normalize_batch_simd
FN:48,_RNvMNtNtCs64AwlgGXCHI_10valknut_rs4core8bayesianNtB2_18VarianceConfidence12from_samples
FN:37,_RNvMNtNtCs64AwlgGXCHI_10valknut_rs4core8bayesianNtB2_18VarianceConfidence5score
FN:172,_RNvMs0_NtNtCs64AwlgGXCHI_10valknut_rs4core8bayesianNtB5_17FeatureStatistics11from_values
FN:583,_RNvMs1_NtNtCs64AwlgGXCHI_10valknut_rs4core8bayesianNtB5_18BayesianNormalizer14get_confidence
FN:573,_RNvMs1_NtNtCs64AwlgGXCHI_10valknut_rs4core8bayesianNtB5_18BayesianNormalizer14get_statistics
FN:593,_RNvMs1_NtNtCs64AwlgGXCHI_10valknut_rs4core8bayesianNtB5_18BayesianNormalizer15get_diagnostics
FN:441,_RNvMs1_NtNtCs64AwlgGXCHI_10valknut_rs4core8bayesianNtB5_18BayesianNormalizer15normalize_value
FN:481,_RNvMs1_NtNtCs64AwlgGXCHI_10valknut_rs4core8bayesianNtB5_18BayesianNormalizer16robust_normalize
FN:492,_RNvMs1_NtNtCs64AwlgGXCHI_10valknut_rs4core8bayesianNtB5_18BayesianNormalizer18bayesian_normalize
FN:578,_RNvMs1_NtNtCs64AwlgGXCHI_10valknut_rs4core8bayesianNtB5_18BayesianNormalizer18get_all_statistics
FN:565,_RNvMs1_NtNtCs64AwlgGXCHI_10valknut_rs4core8bayesianNtB5_18BayesianNormalizer20create_generic_prior
FN:550,_RNvMs1_NtNtCs64AwlgGXCHI_10valknut_rs4core8bayesianNtB5_18BayesianNormalizer22calculate_prior_weight
FN:519,_RNvMs1_NtNtCs64AwlgGXCHI_10valknut_rs4core8bayesianNtB5_18BayesianNormalizer25calculate_posterior_stats
FN:231,_RNvMs1_NtNtCs64AwlgGXCHI_10valknut_rs4core8bayesianNtB5_18BayesianNormalizer25initialize_feature_priors
FN:508,_RNvMs1_NtNtCs64AwlgGXCHI_10valknut_rs4core8bayesianNtB5_18BayesianNormalizer28sample_from_prior_normalized
FN:296,_RNvMs1_NtNtCs64AwlgGXCHI_10valknut_rs4core8bayesianNtB5_18BayesianNormalizer3fit
FN:588,_RNvMs1_NtNtCs64AwlgGXCHI_10valknut_rs4core8bayesianNtB5_18BayesianNormalizer9add_prior
FN:342,_RNvMs1_NtNtCs64AwlgGXCHI_10valknut_rs4core8bayesianNtB5_18BayesianNormalizer9normalize
FN:129,_RNvMs_NtNtCs64AwlgGXCHI_10valknut_rs4core8bayesianNtB4_12FeaturePrior10prior_mean
FN:114,_RNvMs_NtNtCs64AwlgGXCHI_10valknut_rs4core8bayesianNtB4_12FeaturePrior10with_range
FN:134,_RNvMs_NtNtCs64AwlgGXCHI_10valknut_rs4core8bayesianNtB4_12FeaturePrior14prior_variance
FN:107,_RNvMs_NtNtCs64AwlgGXCHI_10valknut_rs4core8bayesianNtB4_12FeaturePrior16with_beta_params
FN:140,_RNvMs_NtNtCs64AwlgGXCHI_10valknut_rs4core8bayesianNtB4_12FeaturePrior21effective_sample_size
FN:640,_RNvNtNtNtCs64AwlgGXCHI_10valknut_rs4core8bayesian5testss_18test_feature_prior
FN:651,_RNvNtNtNtCs64AwlgGXCHI_10valknut_rs4core8bayesian5testss_24test_bayesian_normalizer
FN:628,_RNvNtNtNtCs64AwlgGXCHI_10valknut_rs4core8bayesian5testss_24test_variance_confidence
FN:677,_RNvNtNtNtCs64AwlgGXCHI_10valknut_rs4core8bayesian5testss_26test_posterior_calculation
FN:732,_RNvNtNtNtCs64AwlgGXCHI_10valknut_rs4core8bayesian5testss_28test_feature_prior_with_type
FN:740,_RNvNtNtNtCs64AwlgGXCHI_10valknut_rs4core8bayesian5testss_29test_feature_prior_with_range
FN:833,_RNvNtNtNtCs64AwlgGXCHI_10valknut_rs4core8bayesian5testss_30test_variance_confidence_score
FN:842,_RNvNtNtNtCs64AwlgGXCHI_10valknut_rs4core8bayesian5testss_32test_feature_prior_type_variants
FN:759,_RNvNtNtNtCs64AwlgGXCHI_10valknut_rs4core8bayesian5testss_33test_feature_prior_prior_variance
FN:814,_RNvNtNtNtCs64AwlgGXCHI_10valknut_rs4core8bayesian5testss_34test_bayesian_normalizer_add_prior
FN:769,_RNvNtNtNtCs64AwlgGXCHI_10valknut_rs4core8bayesian5testss_35test_feature_statistics_from_values
FN:853,_RNvNtNtNtCs64AwlgGXCHI_10valknut_rs4core8bayesian5testss_40test_bayesian_normalizer_normalize_value
FN:750,_RNvNtNtNtCs64AwlgGXCHI_10valknut_rs4core8bayesian5testss_40test_feature_prior_effective_sample_size
FN:781,_RNvNtNtNtCs64AwlgGXCHI_10valknut_rs4core8bayesian5testss_43test_bayesian_normalizer_confidence_methods
FN:825,_RNvNtNtNtCs64AwlgGXCHI_10valknut_rs4core8bayesian5testss_43test_bayesian_normalizer_get_all_statistics
FN:706,_RNvNtNtNtCs64AwlgGXCHI_10valknut_rs4core8bayesian5testss_44test_bayesian_normalizer_batch_normalization
FN:889,_RNvNtNtNtCs64AwlgGXCHI_10valknut_rs4core8bayesian5testss_45test_bayesian_normalizer_create_generic_prior
FN:217,_RINvMs1_NtNtCs64AwlgGXCHI_10valknut_rs4core8bayesianNtB6_18BayesianNormalizer3newNtNtCs8Ty2CzGA6U3_5alloc6string6StringEBa_
FN:217,_RINvMs1_NtNtCs64AwlgGXCHI_10valknut_rs4core8bayesianNtB6_18BayesianNormalizer3newReEBa_
FN:90,_RINvMs_NtNtCs64AwlgGXCHI_10valknut_rs4core8bayesianNtB5_12FeaturePrior3newReEB9_
FN:122,_RINvMs_NtNtCs64AwlgGXCHI_10valknut_rs4core8bayesianNtB5_12FeaturePrior9with_typeReB1g_EB9_
FN:176,_RNCNvMs0_NtNtCs64AwlgGXCHI_10valknut_rs4core8bayesianNtB7_17FeatureStatistics11from_values0Bb_
FN:182,_RNCNvMs0_NtNtCs64AwlgGXCHI_10valknut_rs4core8bayesianNtB7_17FeatureStatistics11from_valuess0_0Bb_
FN:181,_RNCNvMs0_NtNtCs64AwlgGXCHI_10valknut_rs4core8bayesianNtB7_17FeatureStatistics11from_valuess_0Bb_
FN:598,_RNCNvMs1_NtNtCs64AwlgGXCHI_10valknut_rs4core8bayesianNtB7_18BayesianNormalizer15get_diagnostics0Bb_
FN:615,_RNCNvMs1_NtNtCs64AwlgGXCHI_10valknut_rs4core8bayesianNtB7_18BayesianNormalizer15get_diagnosticss0_0Bb_
FN:321,_RNCNvMs1_NtNtCs64AwlgGXCHI_10valknut_rs4core8bayesianNtB7_18BayesianNormalizer3fit0Bb_
FN:651,_RNCNvNtNtNtCs64AwlgGXCHI_10valknut_rs4core8bayesian5testss_24test_bayesian_normalizer0B9_
FN:706,_RNCNvNtNtNtCs64AwlgGXCHI_10valknut_rs4core8bayesian5testss_44test_bayesian_normalizer_batch_normalization0B9_
FNDA:0,_RNCNvMs1_NtNtCs64AwlgGXCHI_10valknut_rs4core8bayesianNtB7_18BayesianNormalizer18normalize_parallel0Bb_
FNDA:0,_RNvMs1_NtNtCs64AwlgGXCHI_10valknut_rs4core8bayesianNtB5_18BayesianNormalizer18normalize_parallel
FNDA:0,_RNvMs1_NtNtCs64AwlgGXCHI_10valknut_rs4core8bayesianNtB5_18BayesianNormalizer20normalize_batch_simd
FNDA:6,_RNvMNtNtCs64AwlgGXCHI_10valknut_rs4core8bayesianNtB2_18VarianceConfidence12from_samples
FNDA:5,_RNvMNtNtCs64AwlgGXCHI_10valknut_rs4core8bayesianNtB2_18VarianceConfidence5score
FNDA:5,_RNvMs0_NtNtCs64AwlgGXCHI_10valknut_rs4core8bayesianNtB5_17FeatureStatistics11from_values
FNDA:1,_RNvMs1_NtNtCs64AwlgGXCHI_10valknut_rs4core8bayesianNtB5_18BayesianNormalizer14get_confidence
FNDA:2,_RNvMs1_NtNtCs64AwlgGXCHI_10valknut_rs4core8bayesianNtB5_18BayesianNormalizer14get_statistics
FNDA:0,_RNvMs1_NtNtCs64AwlgGXCHI_10valknut_rs4core8bayesianNtB5_18BayesianNormalizer15get_diagnostics
FNDA:12,_RNvMs1_NtNtCs64AwlgGXCHI_10valknut_rs4core8bayesianNtB5_18BayesianNormalizer15normalize_value
FNDA:0,_RNvMs1_NtNtCs64AwlgGXCHI_10valknut_rs4core8bayesianNtB5_18BayesianNormalizer16robust_normalize
FNDA:0,_RNvMs1_NtNtCs64AwlgGXCHI_10valknut_rs4core8bayesianNtB5_18BayesianNormalizer18bayesian_normalize
FNDA:1,_RNvMs1_NtNtCs64AwlgGXCHI_10valknut_rs4core8bayesianNtB5_18BayesianNormalizer18get_all_statistics
FNDA:5,_RNvMs1_NtNtCs64AwlgGXCHI_10valknut_rs4core8bayesianNtB5_18BayesianNormalizer20create_generic_prior
FNDA:5,_RNvMs1_NtNtCs64AwlgGXCHI_10valknut_rs4core8bayesianNtB5_18BayesianNormalizer22calculate_prior_weight
FNDA:5,_RNvMs1_NtNtCs64AwlgGXCHI_10valknut_rs4core8bayesianNtB5_18BayesianNormalizer25calculate_posterior_stats
FNDA:8,_RNvMs1_NtNtCs64AwlgGXCHI_10valknut_rs4core8bayesianNtB5_18BayesianNormalizer25initialize_feature_priors
FNDA:0,_RNvMs1_NtNtCs64AwlgGXCHI_10valknut_rs4core8bayesianNtB5_18BayesianNormalizer28sample_from_prior_normalized
FNDA:3,_RNvMs1_NtNtCs64AwlgGXCHI_10valknut_rs4core8bayesianNtB5_18BayesianNormalizer3fit
FNDA:1,_RNvMs1_NtNtCs64AwlgGXCHI_10valknut_rs4core8bayesianNtB5_18BayesianNormalizer9add_prior
FNDA:2,_RNvMs1_NtNtCs64AwlgGXCHI_10valknut_rs4core8bayesianNtB5_18BayesianNormalizer9normalize
FNDA:6,_RNvMs_NtNtCs64AwlgGXCHI_10valknut_rs4core8bayesianNtB4_12FeaturePrior10prior_mean
FNDA:120,_RNvMs_NtNtCs64AwlgGXCHI_10valknut_rs4core8bayesianNtB4_12FeaturePrior10with_range
FNDA:6,_RNvMs_NtNtCs64AwlgGXCHI_10valknut_rs4core8bayesianNtB4_12FeaturePrior14prior_variance
FNDA:122,_RNvMs_NtNtCs64AwlgGXCHI_10valknut_rs4core8bayesianNtB4_12FeaturePrior16with_beta_params
FNDA:1,_RNvMs_NtNtCs64AwlgGXCHI_10valknut_rs4core8bayesianNtB4_12FeaturePrior21effective_sample_size
FNDA:1,_RNvNtNtNtCs64AwlgGXCHI_10valknut_rs4core8bayesian5testss_18test_feature_prior
FNDA:1,_RNvNtNtNtCs64AwlgGXCHI_10valknut_rs4core8bayesian5testss_24test_bayesian_normalizer
FNDA:1,_RNvNtNtNtCs64AwlgGXCHI_10valknut_rs4core8bayesian5testss_24test_variance_confidence
FNDA:1,_RNvNtNtNtCs64AwlgGXCHI_10valknut_rs4core8bayesian5testss_26test_posterior_calculation
FNDA:1,_RNvNtNtNtCs64AwlgGXCHI_10valknut_rs4core8bayesian5testss_28test_feature_prior_with_type
FNDA:1,_RNvNtNtNtCs64AwlgGXCHI_10valknut_rs4core8bayesian5testss_29test_feature_prior_with_range
FNDA:1,_RNvNtNtNtCs64AwlgGXCHI_10valknut_rs4core8bayesian5testss_30test_variance_confidence_score
FNDA:1,_RNvNtNtNtCs64AwlgGXCHI_10valknut_rs4core8bayesian5testss_32test_feature_prior_type_variants
FNDA:1,_RNvNtNtNtCs64AwlgGXCHI_10valknut_rs4core8bayesian5testss_33test_feature_prior_prior_variance
FNDA:1,_RNvNtNtNtCs64AwlgGXCHI_10valknut_rs4core8bayesian5testss_34test_bayesian_normalizer_add_prior
FNDA:1,_RNvNtNtNtCs64AwlgGXCHI_10valknut_rs4core8bayesian5testss_35test_feature_statistics_from_values
FNDA:1,_RNvNtNtNtCs64AwlgGXCHI_10valknut_rs4core8bayesian5testss_40test_bayesian_normalizer_normalize_value
FNDA:1,_RNvNtNtNtCs64AwlgGXCHI_10valknut_rs4core8bayesian5testss_40test_feature_prior_effective_sample_size
FNDA:1,_RNvNtNtNtCs64AwlgGXCHI_10valknut_rs4core8bayesian5testss_43test_bayesian_normalizer_confidence_methods
FNDA:1,_RNvNtNtNtCs64AwlgGXCHI_10valknut_rs4core8bayesian5testss_43test_bayesian_normalizer_get_all_statistics
FNDA:1,_RNvNtNtNtCs64AwlgGXCHI_10valknut_rs4core8bayesian5testss_44test_bayesian_normalizer_batch_normalization
FNDA:1,_RNvNtNtNtCs64AwlgGXCHI_10valknut_rs4core8bayesian5testss_45test_bayesian_normalizer_create_generic_prior
FNDA:0,_RINvMs1_NtNtCs64AwlgGXCHI_10valknut_rs4core8bayesianNtB6_18BayesianNormalizer3newNtNtCs8Ty2CzGA6U3_5alloc6string6StringEBa_
FNDA:8,_RINvMs1_NtNtCs64AwlgGXCHI_10valknut_rs4core8bayesianNtB6_18BayesianNormalizer3newReEBa_
FNDA:124,_RINvMs_NtNtCs64AwlgGXCHI_10valknut_rs4core8bayesianNtB5_12FeaturePrior3newReEB9_
FNDA:117,_RINvMs_NtNtCs64AwlgGXCHI_10valknut_rs4core8bayesianNtB5_12FeaturePrior9with_typeReB1g_EB9_
FNDA:18,_RNCNvMs0_NtNtCs64AwlgGXCHI_10valknut_rs4core8bayesianNtB7_17FeatureStatistics11from_values0Bb_
FNDA:18,_RNCNvMs0_NtNtCs64AwlgGXCHI_10valknut_rs4core8bayesianNtB7_17FeatureStatistics11from_valuess0_0Bb_
FNDA:18,_RNCNvMs0_NtNtCs64AwlgGXCHI_10valknut_rs4core8bayesianNtB7_17FeatureStatistics11from_valuess_0Bb_
FNDA:0,_RNCNvMs1_NtNtCs64AwlgGXCHI_10valknut_rs4core8bayesianNtB7_18BayesianNormalizer15get_diagnostics0Bb_
FNDA:0,_RNCNvMs1_NtNtCs64AwlgGXCHI_10valknut_rs4core8bayesianNtB7_18BayesianNormalizer15get_diagnosticss0_0Bb_
FNDA:4,_RNCNvMs1_NtNtCs64AwlgGXCHI_10valknut_rs4core8bayesianNtB7_18BayesianNormalizer3fit0Bb_
FNDA:1,_RNCNvNtNtNtCs64AwlgGXCHI_10valknut_rs4core8bayesian5testss_24test_bayesian_normalizer0B9_
FNDA:1,_RNCNvNtNtNtCs64AwlgGXCHI_10valknut_rs4core8bayesian5testss_44test_bayesian_normalizer_batch_normalization0B9_
FNF:54
FNH:45
DA:37,5
DA:38,5
DA:39,1
DA:40,1
DA:41,1
DA:42,1
DA:43,1
DA:45,5
DA:48,6
DA:49,6
DA:50,1
DA:51,5
DA:52,1
DA:53,4
DA:54,0
DA:55,4
DA:56,0
DA:58,4
DA:60,6
DA:90,124
DA:91,124
DA:92,124
DA:93,124
DA:94,124
DA:95,124
DA:96,124
DA:97,124
DA:98,124
DA:99,124
DA:100,124
DA:101,124
DA:102,124
DA:103,124
DA:104,124
DA:107,122
DA:108,122
DA:109,122
DA:110,122
DA:111,122
DA:114,120
DA:115,120
DA:116,120
DA:117,120
DA:118,120
DA:119,120
DA:122,117
DA:123,117
DA:124,117
DA:125,117
DA:126,117
DA:129,6
DA:130,6
DA:131,6
DA:134,6
DA:135,6
DA:136,6
DA:137,6
DA:140,1
DA:141,1
DA:142,1
DA:172,5
DA:173,5
DA:174,5
DA:175,5
DA:176,18
DA:178,0
DA:180,5
DA:181,18
DA:182,18
DA:184,5
DA:185,5
DA:186,5
DA:187,5
DA:188,5
DA:189,5
DA:190,5
DA:191,5
DA:192,5
DA:193,5
DA:194,5
DA:195,5
DA:196,5
DA:217,8
DA:218,8
DA:219,8
DA:220,8
DA:221,8
DA:222,8
DA:223,8
DA:226,8
DA:227,8
DA:228,8
DA:231,8
DA:233,8
DA:234,8
DA:235,8
DA:236,8
DA:237,8
DA:238,8
DA:241,48
DA:242,40
DA:243,40
DA:244,40
DA:245,40
DA:246,40
DA:247,40
DA:250,8
DA:251,8
DA:252,8
DA:253,8
DA:254,8
DA:255,8
DA:258,48
DA:259,40
DA:260,40
DA:261,40
DA:262,40
DA:263,40
DA:264,40
DA:267,8
DA:268,8
DA:269,8
DA:272,24
DA:273,16
DA:274,16
DA:275,16
DA:276,16
DA:277,16
DA:278,16
DA:281,8
DA:282,8
DA:283,8
DA:286,24
DA:287,16
DA:288,16
DA:289,16
DA:290,16
DA:291,16
DA:292,16
DA:293,8
DA:296,3
DA:297,3
DA:298,0
DA:299,3
DA:302,3
DA:303,12
DA:304,22
DA:305,13
DA:306,13
DA:310,7
DA:311,4
DA:312,0
DA:313,4
DA:316,4
DA:319,4
DA:320,4
DA:321,4
DA:324,4
DA:325,4
DA:326,4
DA:327,4
DA:329,4
DA:332,4
DA:334,4
DA:335,4
DA:338,3
DA:339,3
DA:342,2
DA:343,9
DA:344,11
DA:345,11
DA:346,11
DA:347,11
DA:348,0
DA:349,0
DA:350,0
DA:351,0
DA:354,2
DA:355,2
DA:359,0
DA:360,0
DA:361,0
DA:362,0
DA:363,0
DA:364,0
DA:365,0
DA:366,0
DA:367,0
DA:368,0
DA:369,0
DA:371,0
DA:372,0
DA:373,0
DA:377,0
DA:378,0
DA:379,0
DA:382,0
DA:383,0
DA:384,0
DA:385,0
DA:386,0
DA:387,0
DA:388,0
DA:389,0
DA:392,0
DA:393,0
DA:394,0
DA:395,0
DA:396,0
DA:397,0
DA:400,0
DA:401,0
DA:402,0
DA:403,0
DA:406,0
DA:407,0
DA:408,0
DA:409,0
DA:410,0
DA:411,0
DA:412,0
DA:415,0
DA:416,0
DA:417,0
DA:418,0
DA:419,0
DA:420,0
DA:423,0
DA:424,0
DA:425,0
DA:426,0
DA:431,0
DA:432,0
DA:437,0
DA:438,0
DA:441,12
DA:442,12
DA:443,0
DA:444,12
DA:446,12
DA:447,12
DA:448,12
DA:449,0
DA:451,12
DA:454,0
DA:455,0
DA:456,0
DA:457,0
DA:459,0
DA:462,0
DA:464,0
DA:466,0
DA:468,0
DA:471,0
DA:472,0
DA:473,0
DA:477,12
DA:478,12
DA:481,0
DA:484,0
DA:485,0
DA:487,0
DA:489,0
DA:492,0
DA:493,0
DA:495,0
DA:497,0
DA:499,0
DA:503,0
DA:505,0
DA:508,0
DA:511,0
DA:512,0
DA:514,0
DA:516,0
DA:519,5
DA:520,5
DA:521,5
DA:522,5
DA:523,5
DA:524,5
DA:525,5
DA:528,5
DA:529,5
DA:530,5
DA:533,5
DA:534,5
DA:536,5
DA:537,5
DA:538,5
DA:539,5
DA:541,5
DA:542,5
DA:543,5
DA:544,5
DA:546,5
DA:547,5
DA:550,5
DA:551,5
DA:552,0
DA:553,1
DA:554,0
DA:555,4
DA:556,0
DA:560,5
DA:561,5
DA:562,5
DA:565,5
DA:566,5
DA:567,5
DA:568,5
DA:569,5
DA:570,5
DA:573,2
DA:574,2
DA:575,2
DA:578,1
DA:579,1
DA:580,1
DA:583,1
DA:584,1
DA:585,1
DA:588,1
DA:589,1
DA:590,1
DA:593,0
DA:594,0
DA:596,0
DA:597,0
DA:598,0
DA:599,0
DA:600,0
DA:601,0
DA:603,0
DA:604,0
DA:606,0
DA:607,0
DA:608,0
DA:610,0
DA:611,0
DA:612,0
DA:613,0
DA:615,0
DA:618,0
DA:619,0
DA:628,1
DA:629,1
DA:630,1
DA:633,1
DA:634,1
DA:637,1
DA:640,1
DA:641,1
DA:642,1
DA:643,1
DA:645,1
DA:646,1
DA:647,1
DA:648,1
DA:651,1
DA:652,1
DA:655,1
DA:656,1
DA:657,1
DA:658,1
DA:661,1
DA:662,1
DA:663,1
DA:666,1
DA:667,1
DA:670,1
DA:673,1
DA:674,1
DA:677,1
DA:678,1
DA:680,1
DA:681,1
DA:682,1
DA:683,1
DA:684,1
DA:685,1
DA:686,1
DA:687,1
DA:688,1
DA:689,1
DA:690,1
DA:691,1
DA:693,1
DA:694,1
DA:695,1
DA:697,1
DA:700,1
DA:701,1
DA:702,1
DA:703,1
DA:706,1
DA:707,1
DA:709,1
DA:710,1
DA:711,1
DA:712,1
DA:713,1
DA:716,4
DA:717,4
DA:718,4
DA:719,4
DA:721,1
DA:722,1
DA:725,5
DA:726,4
DA:727,4
DA:728,1
DA:729,1
DA:732,1
DA:733,1
DA:736,1
DA:737,1
DA:740,1
DA:741,1
DA:742,1
DA:744,1
DA:745,1
DA:746,1
DA:747,1
DA:750,1
DA:751,1
DA:752,1
DA:754,1
DA:755,1
DA:756,1
DA:759,1
DA:760,1
DA:761,1
DA:763,1
DA:764,1
DA:765,1
DA:766,1
DA:769,1
DA:770,1
DA:771,1
DA:773,1
DA:774,1
DA:775,1
DA:776,1
DA:777,1
DA:778,1
DA:781,1
DA:782,1
DA:785,1
DA:786,1
DA:787,1
DA:788,1
DA:789,1
DA:790,1
DA:791,1
DA:792,1
DA:793,1
DA:794,1
DA:795,1
DA:796,1
DA:799,1
DA:800,1
DA:801,1
DA:802,1
DA:804,1
DA:805,1
DA:806,1
DA:808,1
DA:809,1
DA:810,1
DA:811,1
DA:814,1
DA:815,1
DA:816,1
DA:817,1
DA:819,1
DA:822,1
DA:825,1
DA:826,1
DA:828,1
DA:829,1
DA:830,1
DA:833,1
DA:834,1
DA:835,1
DA:836,1
DA:837,1
DA:838,1
DA:839,1
DA:842,1
DA:844,1
DA:845,1
DA:846,1
DA:849,1
DA:850,1
DA:853,1
DA:854,1
DA:857,1
DA:858,1
DA:859,1
DA:860,1
DA:861,1
DA:862,1
DA:863,1
DA:864,1
DA:865,1
DA:866,1
DA:867,1
DA:868,1
DA:870,1
DA:871,1
DA:872,1
DA:873,1
DA:874,1
DA:875,1
DA:876,1
DA:877,1
DA:878,1
DA:879,1
DA:880,1
DA:881,1
DA:883,1
DA:884,1
DA:885,1
DA:886,1
DA:889,1
DA:890,1
DA:891,1
DA:893,1
DA:895,1
DA:896,1
DA:897,1
BRF:0
BRH:0
LF:545
LH:423
end_of_record
SF:/home/nathan/Projects/valknut/src/core/config.rs
FN:78,_RINvMs_NtNtCs64AwlgGXCHI_10valknut_rs4core6configNtB5_13ValknutConfig12to_yaml_filepEB9_
FN:69,_RINvMs_NtNtCs64AwlgGXCHI_10valknut_rs4core6configNtB5_13ValknutConfig14from_yaml_filepEB9_
FN:82,_RNCINvMs_NtNtCs64AwlgGXCHI_10valknut_rs4core6configNtB7_13ValknutConfig12to_yaml_filepE0Bb_
FN:72,_RNCINvMs_NtNtCs64AwlgGXCHI_10valknut_rs4core6configNtB7_13ValknutConfig14from_yaml_filepE0Bb_
FN:470,_RNvMsb_NtNtCs64AwlgGXCHI_10valknut_rs4core6configNtB5_9LshConfig15hashes_per_band
FN:130,_RNCNvMs_NtNtCs64AwlgGXCHI_10valknut_rs4core6configNtB6_13ValknutConfig8validate0Ba_
FN:203,_RNvMs1_NtNtCs64AwlgGXCHI_10valknut_rs4core6configNtB5_14AnalysisConfig8validate
FN:246,_RNvMs3_NtNtCs64AwlgGXCHI_10valknut_rs4core6configNtB5_13ScoringConfig8validate
FN:304,_RNvMs5_NtNtCs64AwlgGXCHI_10valknut_rs4core6configNtB5_13WeightsConfig8validate
FN:344,_RNvMs7_NtNtCs64AwlgGXCHI_10valknut_rs4core6configNtB5_17StatisticalParams8validate
FN:400,_RNvMs9_NtNtCs64AwlgGXCHI_10valknut_rs4core6configNtB5_11GraphConfig8validate
FN:86,_RNvMs_NtNtCs64AwlgGXCHI_10valknut_rs4core6configNtB4_13ValknutConfig17default_languages
FN:120,_RNvMs_NtNtCs64AwlgGXCHI_10valknut_rs4core6configNtB4_13ValknutConfig8validate
FN:447,_RNvMsb_NtNtCs64AwlgGXCHI_10valknut_rs4core6configNtB5_9LshConfig8validate
FN:499,_RNvMsc_NtNtCs64AwlgGXCHI_10valknut_rs4core6configNtB5_14LanguageConfig8validate
FN:610,_RNvMsf_NtNtCs64AwlgGXCHI_10valknut_rs4core6configNtB5_17PerformanceConfig8validate
FN:51,_RNvXNtNtCs64AwlgGXCHI_10valknut_rs4core6configNtB2_13ValknutConfigNtNtCs66KPHxksi63_4core7default7Default7default
FN:178,_RNvXs0_NtNtCs64AwlgGXCHI_10valknut_rs4core6configNtB5_14AnalysisConfigNtNtCs66KPHxksi63_4core7default7Default7default
FN:233,_RNvXs2_NtNtCs64AwlgGXCHI_10valknut_rs4core6configNtB5_13ScoringConfigNtNtCs66KPHxksi63_4core7default7Default7default
FN:291,_RNvXs4_NtNtCs64AwlgGXCHI_10valknut_rs4core6configNtB5_13WeightsConfigNtNtCs66KPHxksi63_4core7default7Default7default
FN:333,_RNvXs6_NtNtCs64AwlgGXCHI_10valknut_rs4core6configNtB5_17StatisticalParamsNtNtCs66KPHxksi63_4core7default7Default7default
FN:386,_RNvXs8_NtNtCs64AwlgGXCHI_10valknut_rs4core6configNtB5_11GraphConfigNtNtCs66KPHxksi63_4core7default7Default7default
FN:433,_RNvXsa_NtNtCs64AwlgGXCHI_10valknut_rs4core6configNtB5_9LshConfigNtNtCs66KPHxksi63_4core7default7Default7default
FN:544,_RNvXsd_NtNtCs64AwlgGXCHI_10valknut_rs4core6configNtB5_8IoConfigNtNtCs66KPHxksi63_4core7default7Default7default
FN:596,_RNvXse_NtNtCs64AwlgGXCHI_10valknut_rs4core6configNtB5_17PerformanceConfigNtNtCs66KPHxksi63_4core7default7Default7default
FNDA:0,_RINvMs_NtNtCs64AwlgGXCHI_10valknut_rs4core6configNtB5_13ValknutConfig12to_yaml_filepEB9_
FNDA:0,_RINvMs_NtNtCs64AwlgGXCHI_10valknut_rs4core6configNtB5_13ValknutConfig14from_yaml_filepEB9_
FNDA:0,_RNCINvMs_NtNtCs64AwlgGXCHI_10valknut_rs4core6configNtB7_13ValknutConfig12to_yaml_filepE0Bb_
FNDA:0,_RNCINvMs_NtNtCs64AwlgGXCHI_10valknut_rs4core6configNtB7_13ValknutConfig14from_yaml_filepE0Bb_
FNDA:0,_RNvMsb_NtNtCs64AwlgGXCHI_10valknut_rs4core6configNtB5_9LshConfig15hashes_per_band
FNDA:0,_RNCNvMs_NtNtCs64AwlgGXCHI_10valknut_rs4core6configNtB6_13ValknutConfig8validate0Ba_
FNDA:18,_RNvMs1_NtNtCs64AwlgGXCHI_10valknut_rs4core6configNtB5_14AnalysisConfig8validate
FNDA:18,_RNvMs3_NtNtCs64AwlgGXCHI_10valknut_rs4core6configNtB5_13ScoringConfig8validate
FNDA:18,_RNvMs5_NtNtCs64AwlgGXCHI_10valknut_rs4core6configNtB5_13WeightsConfig8validate
FNDA:18,_RNvMs7_NtNtCs64AwlgGXCHI_10valknut_rs4core6configNtB5_17StatisticalParams8validate
FNDA:18,_RNvMs9_NtNtCs64AwlgGXCHI_10valknut_rs4core6configNtB5_11GraphConfig8validate
FNDA:23,_RNvMs_NtNtCs64AwlgGXCHI_10valknut_rs4core6configNtB4_13ValknutConfig17default_languages
FNDA:18,_RNvMs_NtNtCs64AwlgGXCHI_10valknut_rs4core6configNtB4_13ValknutConfig8validate
FNDA:18,_RNvMsb_NtNtCs64AwlgGXCHI_10valknut_rs4core6configNtB5_9LshConfig8validate
FNDA:54,_RNvMsc_NtNtCs64AwlgGXCHI_10valknut_rs4core6configNtB5_14LanguageConfig8validate
FNDA:18,_RNvMsf_NtNtCs64AwlgGXCHI_10valknut_rs4core6configNtB5_17PerformanceConfig8validate
FNDA:23,_RNvXNtNtCs64AwlgGXCHI_10valknut_rs4core6configNtB2_13ValknutConfigNtNtCs66KPHxksi63_4core7default7Default7default
FNDA:23,_RNvXs0_NtNtCs64AwlgGXCHI_10valknut_rs4core6configNtB5_14AnalysisConfigNtNtCs66KPHxksi63_4core7default7Default7default
FNDA:23,_RNvXs2_NtNtCs64AwlgGXCHI_10valknut_rs4core6configNtB5_13ScoringConfigNtNtCs66KPHxksi63_4core7default7Default7default
FNDA:30,_RNvXs4_NtNtCs64AwlgGXCHI_10valknut_rs4core6configNtB5_13WeightsConfigNtNtCs66KPHxksi63_4core7default7Default7default
FNDA:30,_RNvXs6_NtNtCs64AwlgGXCHI_10valknut_rs4core6configNtB5_17StatisticalParamsNtNtCs66KPHxksi63_4core7default7Default7default
FNDA:23,_RNvXs8_NtNtCs64AwlgGXCHI_10valknut_rs4core6configNtB5_11GraphConfigNtNtCs66KPHxksi63_4core7default7Default7default
FNDA:23,_RNvXsa_NtNtCs64AwlgGXCHI_10valknut_rs4core6configNtB5_9LshConfigNtNtCs66KPHxksi63_4core7default7Default7default
FNDA:23,_RNvXsd_NtNtCs64AwlgGXCHI_10valknut_rs4core6configNtB5_8IoConfigNtNtCs66KPHxksi63_4core7default7Default7default
FNDA:23,_RNvXse_NtNtCs64AwlgGXCHI_10valknut_rs4core6configNtB5_17PerformanceConfigNtNtCs66KPHxksi63_4core7default7Default7default
FNF:25
FNH:19
DA:51,23
DA:52,23
DA:53,23
DA:54,23
DA:55,23
DA:56,23
DA:57,23
DA:58,23
DA:59,23
DA:60,23
DA:61,23
DA:62,23
DA:63,23
DA:64,23
DA:69,0
DA:70,0
DA:71,0
DA:72,0
DA:74,0
DA:75,0
DA:78,0
DA:79,0
DA:80,0
DA:81,0
DA:82,0
DA:83,0
DA:86,23
DA:87,23
DA:89,23
DA:90,23
DA:91,23
DA:92,23
DA:93,23
DA:94,23
DA:95,23
DA:96,23
DA:98,23
DA:99,23
DA:100,23
DA:101,23
DA:102,23
DA:103,23
DA:104,23
DA:105,23
DA:107,23
DA:108,23
DA:109,23
DA:110,23
DA:111,23
DA:112,23
DA:113,23
DA:114,23
DA:116,23
DA:117,23
DA:120,18
DA:121,18
DA:122,18
DA:123,18
DA:124,18
DA:125,18
DA:129,72
DA:130,54
DA:131,0
DA:132,0
DA:133,0
DA:136,18
DA:137,18
DA:178,23
DA:179,23
DA:180,23
DA:181,23
DA:182,23
DA:183,23
DA:184,23
DA:185,23
DA:186,23
DA:187,23
DA:188,23
DA:189,23
DA:190,23
DA:191,23
DA:192,23
DA:193,23
DA:194,23
DA:195,23
DA:196,23
DA:197,23
DA:198,23
DA:203,18
DA:204,18
DA:205,0
DA:206,0
DA:207,0
DA:208,18
DA:209,18
DA:210,18
DA:233,23
DA:234,23
DA:235,23
DA:236,23
DA:237,23
DA:238,23
DA:239,23
DA:240,23
DA:241,23
DA:246,18
DA:247,18
DA:248,18
DA:249,18
DA:250,18
DA:291,30
DA:292,30
DA:293,30
DA:294,30
DA:295,30
DA:296,30
DA:297,30
DA:298,30
DA:299,30
DA:304,18
DA:305,18
DA:307,90
DA:308,90
DA:309,0
DA:310,0
DA:311,0
DA:312,90
DA:315,18
DA:316,18
DA:333,30
DA:334,30
DA:335,30
DA:336,30
DA:337,30
DA:338,30
DA:339,30
DA:344,18
DA:345,18
DA:346,0
DA:347,0
DA:348,0
DA:349,18
DA:351,18
DA:352,0
DA:353,18
DA:355,18
DA:356,0
DA:357,18
DA:359,18
DA:360,18
DA:386,23
DA:387,23
DA:388,23
DA:389,23
DA:390,23
DA:391,23
DA:392,23
DA:393,23
DA:394,23
DA:395,23
DA:400,18
DA:401,18
DA:402,0
DA:403,0
DA:404,0
DA:405,18
DA:406,18
DA:407,18
DA:433,23
DA:434,23
DA:435,23
DA:436,23
DA:437,23
DA:438,23
DA:439,23
DA:440,23
DA:441,23
DA:442,23
DA:447,18
DA:448,18
DA:449,0
DA:450,18
DA:452,18
DA:453,0
DA:454,18
DA:456,18
DA:457,0
DA:458,18
DA:460,18
DA:461,0
DA:462,0
DA:463,0
DA:464,18
DA:466,18
DA:467,18
DA:470,0
DA:471,0
DA:472,0
DA:499,54
DA:500,54
DA:501,0
DA:502,54
DA:504,54
DA:505,0
DA:506,54
DA:508,54
DA:509,0
DA:510,54
DA:512,54
DA:513,54
DA:544,23
DA:545,23
DA:546,23
DA:547,23
DA:548,23
DA:549,23
DA:550,23
DA:551,23
DA:552,23
DA:553,23
DA:554,23
DA:555,23
DA:556,23
DA:596,23
DA:597,23
DA:598,23
DA:599,23
DA:600,23
DA:601,23
DA:602,23
DA:603,23
DA:604,23
DA:605,23
DA:610,18
DA:611,18
DA:612,0
DA:613,0
DA:614,0
DA:615,18
DA:617,18
DA:618,0
DA:619,0
DA:620,0
DA:621,18
DA:623,18
DA:624,0
DA:625,18
DA:627,18
DA:628,18
BRF:0
BRH:0
LF:252
LH:201
end_of_record
SF:/home/nathan/Projects/valknut/src/core/errors.rs
FN:674,_RNCNvNtNtNtCs64AwlgGXCHI_10valknut_rs4core6errors5testss_28test_result_ext_with_context0B9_
FN:526,_RNvNtNtNtCs64AwlgGXCHI_10valknut_rs4core6errors5testss_14test_lsh_error
FN:514,_RNvNtNtNtCs64AwlgGXCHI_10valknut_rs4core6errors5testss_16test_graph_error
FN:588,_RNvNtNtNtCs64AwlgGXCHI_10valknut_rs4core6errors5testss_18test_from_io_error
FN:426,_RNvNtNtNtCs64AwlgGXCHI_10valknut_rs4core6errors5testss_19test_error_creation
FN:538,_RNvNtNtNtCs64AwlgGXCHI_10valknut_rs4core6errors5testss_19test_pipeline_error
FN:596,_RNvNtNtNtCs64AwlgGXCHI_10valknut_rs4core6errors5testss_20test_from_json_error
FN:636,_RNvNtNtNtCs64AwlgGXCHI_10valknut_rs4core6errors5testss_20test_from_utf8_error
FN:608,_RNvNtNtNtCs64AwlgGXCHI_10valknut_rs4core6errors5testss_20test_from_yaml_error
FN:447,_RNvNtNtNtCs64AwlgGXCHI_10valknut_rs4core6errors5testss_21test_result_extension
FN:551,_RNvNtNtNtCs64AwlgGXCHI_10valknut_rs4core6errors5testss_21test_validation_error
FN:456,_RNvNtNtNtCs64AwlgGXCHI_10valknut_rs4core6errors5testss_22test_io_error_creation
FN:502,_RNvNtNtNtCs64AwlgGXCHI_10valknut_rs4core6errors5testss_22test_math_with_context
FN:577,_RNvNtNtNtCs64AwlgGXCHI_10valknut_rs4core6errors5testss_22test_unsupported_error
FN:469,_RNvNtNtNtCs64AwlgGXCHI_10valknut_rs4core6errors5testss_23test_config_field_error
FN:435,_RNvNtNtNtCs64AwlgGXCHI_10valknut_rs4core6errors5testss_23test_error_with_context
FN:565,_RNvNtNtNtCs64AwlgGXCHI_10valknut_rs4core6errors5testss_24test_feature_unavailable
FN:481,_RNvNtNtNtCs64AwlgGXCHI_10valknut_rs4core6errors5testss_24test_parse_with_location
FN:620,_RNvNtNtNtCs64AwlgGXCHI_10valknut_rs4core6errors5testss_25test_from_parse_int_error
FN:691,_RNvNtNtNtCs64AwlgGXCHI_10valknut_rs4core6errors5testss_27test_error_debug_formatting
FN:628,_RNvNtNtNtCs64AwlgGXCHI_10valknut_rs4core6errors5testss_27test_from_parse_float_error
FN:670,_RNvNtNtNtCs64AwlgGXCHI_10valknut_rs4core6errors5testss_28test_result_ext_with_context
FN:645,_RNvNtNtNtCs64AwlgGXCHI_10valknut_rs4core6errors5testss_28test_with_context_math_error
FN:683,_RNvNtNtNtCs64AwlgGXCHI_10valknut_rs4core6errors5testss_29test_error_display_formatting
FN:657,_RNvNtNtNtCs64AwlgGXCHI_10valknut_rs4core6errors5testss_38test_with_context_non_contextual_error
FN:408,_RINvXs5_NtNtCs64AwlgGXCHI_10valknut_rs4core6errorsINtNtCs66KPHxksi63_4core6result6ResultlNtNtNtCsiKSG5X70Gj7_3std2io5error5ErrorEINtB6_9ResultExtlE12with_contextNCNvNtB6_5testss_28test_result_ext_with_context0EBa_
FN:415,_RNvXs5_NtNtCs64AwlgGXCHI_10valknut_rs4core6errorsINtNtCs66KPHxksi63_4core6result6ResultlNtNtNtCsiKSG5X70Gj7_3std2io5error5ErrorEINtB5_9ResultExtlE7contextB9_
FN:281,_RINvMNtNtCs64AwlgGXCHI_10valknut_rs4core6errorsNtB3_12ValknutError10validationNtNtCs8Ty2CzGA6U3_5alloc6string6StringEB7_
FN:281,_RINvMNtNtCs64AwlgGXCHI_10valknut_rs4core6errorsNtB3_12ValknutError10validationReEB7_
FN:307,_RINvMNtNtCs64AwlgGXCHI_10valknut_rs4core6errorsNtB3_12ValknutError11unsupportedNtNtCs8Ty2CzGA6U3_5alloc6string6StringEB7_
FN:307,_RINvMNtNtCs64AwlgGXCHI_10valknut_rs4core6errorsNtB3_12ValknutError11unsupportedReEB7_
FN:204,_RINvMNtNtCs64AwlgGXCHI_10valknut_rs4core6errorsNtB3_12ValknutError12config_fieldNtNtCs8Ty2CzGA6U3_5alloc6string6StringB1g_EB7_
FN:204,_RINvMNtNtCs64AwlgGXCHI_10valknut_rs4core6errorsNtB3_12ValknutError12config_fieldReB1g_EB7_
FN:314,_RINvMNtNtCs64AwlgGXCHI_10valknut_rs4core6errorsNtB3_12ValknutError12with_contextNtNtCs8Ty2CzGA6U3_5alloc6string6StringEB7_
FN:314,_RINvMNtNtCs64AwlgGXCHI_10valknut_rs4core6errorsNtB3_12ValknutError12with_contextReEB7_
FN:248,_RINvMNtNtCs64AwlgGXCHI_10valknut_rs4core6errorsNtB3_12ValknutError17math_with_contextReB1l_EB7_
FN:291,_RINvMNtNtCs64AwlgGXCHI_10valknut_rs4core6errorsNtB3_12ValknutError19feature_unavailableReB1n_EB7_
FN:223,_RINvMNtNtCs64AwlgGXCHI_10valknut_rs4core6errorsNtB3_12ValknutError19parse_with_locationReB1n_B1n_EB7_
FN:188,_RINvMNtNtCs64AwlgGXCHI_10valknut_rs4core6errorsNtB3_12ValknutError2ioNtNtCs8Ty2CzGA6U3_5alloc6string6StringEB7_
FN:188,_RINvMNtNtCs64AwlgGXCHI_10valknut_rs4core6errorsNtB3_12ValknutError2ioReEB7_
FN:264,_RINvMNtNtCs64AwlgGXCHI_10valknut_rs4core6errorsNtB3_12ValknutError3lshReEB7_
FN:240,_RINvMNtNtCs64AwlgGXCHI_10valknut_rs4core6errorsNtB3_12ValknutError4mathReEB7_
FN:256,_RINvMNtNtCs64AwlgGXCHI_10valknut_rs4core6errorsNtB3_12ValknutError5graphReEB7_
FN:212,_RINvMNtNtCs64AwlgGXCHI_10valknut_rs4core6errorsNtB3_12ValknutError5parseNtNtCs8Ty2CzGA6U3_5alloc6string6StringB18_EB7_
FN:212,_RINvMNtNtCs64AwlgGXCHI_10valknut_rs4core6errorsNtB3_12ValknutError5parseReB18_EB7_
FN:212,_RINvMNtNtCs64AwlgGXCHI_10valknut_rs4core6errorsNtB3_12ValknutError5parseReNtNtCs8Ty2CzGA6U3_5alloc6string6StringEB7_
FN:196,_RINvMNtNtCs64AwlgGXCHI_10valknut_rs4core6errorsNtB3_12ValknutError6configNtNtCs8Ty2CzGA6U3_5alloc6string6StringEB7_
FN:196,_RINvMNtNtCs64AwlgGXCHI_10valknut_rs4core6errorsNtB3_12ValknutError6configReEB7_
FN:299,_RINvMNtNtCs64AwlgGXCHI_10valknut_rs4core6errorsNtB3_12ValknutError8internalReEB7_
FN:272,_RINvMNtNtCs64AwlgGXCHI_10valknut_rs4core6errorsNtB3_12ValknutError8pipelineReB1b_EB7_
FN:412,_RNCINvXs5_NtNtCs64AwlgGXCHI_10valknut_rs4core6errorsINtNtCs66KPHxksi63_4core6result6ResultlNtNtNtCsiKSG5X70Gj7_3std2io5error5ErrorEINtB8_9ResultExtlE12with_contextNCNvNtB8_5testss_28test_result_ext_with_context0E0Bc_
FN:416,_RNCNvXs5_NtNtCs64AwlgGXCHI_10valknut_rs4core6errorsINtNtCs66KPHxksi63_4core6result6ResultlNtNtNtCsiKSG5X70Gj7_3std2io5error5ErrorEINtB7_9ResultExtlE7context0Bb_
FN:334,_RNvXs0_NtNtCs64AwlgGXCHI_10valknut_rs4core6errorsNtB5_12ValknutErrorINtNtCs66KPHxksi63_4core7convert4FromNtNtCs6pyryjRuqOK_10serde_json5error5ErrorE4from
FN:344,_RNvXs1_NtNtCs64AwlgGXCHI_10valknut_rs4core6errorsNtB5_12ValknutErrorINtNtCs66KPHxksi63_4core7convert4FromNtNtCsc6nSc9dntMb_10serde_yaml5error5ErrorE4from
FN:354,_RNvXs2_NtNtCs64AwlgGXCHI_10valknut_rs4core6errorsNtB5_12ValknutErrorINtNtCs66KPHxksi63_4core7convert4FromNtNtNtB19_3num5error13ParseIntErrorE4from
FN:360,_RNvXs3_NtNtCs64AwlgGXCHI_10valknut_rs4core6errorsNtB5_12ValknutErrorINtNtCs66KPHxksi63_4core7convert4FromNtNtNtB19_3num7dec2flt15ParseFloatErrorE4from
FN:366,_RNvXs4_NtNtCs64AwlgGXCHI_10valknut_rs4core6errorsNtB5_12ValknutErrorINtNtCs66KPHxksi63_4core7convert4FromNtNtNtB19_3str5error9Utf8ErrorE4from
FN:328,_RNvXs_NtNtCs64AwlgGXCHI_10valknut_rs4core6errorsNtB4_12ValknutErrorINtNtCs66KPHxksi63_4core7convert4FromNtNtNtCsiKSG5X70Gj7_3std2io5error5ErrorE4from
FNDA:1,_RNCNvNtNtNtCs64AwlgGXCHI_10valknut_rs4core6errors5testss_28test_result_ext_with_context0B9_
FNDA:1,_RNvNtNtNtCs64AwlgGXCHI_10valknut_rs4core6errors5testss_14test_lsh_error
FNDA:1,_RNvNtNtNtCs64AwlgGXCHI_10valknut_rs4core6errors5testss_16test_graph_error
FNDA:1,_RNvNtNtNtCs64AwlgGXCHI_10valknut_rs4core6errors5testss_18test_from_io_error
FNDA:1,_RNvNtNtNtCs64AwlgGXCHI_10valknut_rs4core6errors5testss_19test_error_creation
FNDA:1,_RNvNtNtNtCs64AwlgGXCHI_10valknut_rs4core6errors5testss_19test_pipeline_error
FNDA:1,_RNvNtNtNtCs64AwlgGXCHI_10valknut_rs4core6errors5testss_20test_from_json_error
FNDA:1,_RNvNtNtNtCs64AwlgGXCHI_10valknut_rs4core6errors5testss_20test_from_utf8_error
FNDA:1,_RNvNtNtNtCs64AwlgGXCHI_10valknut_rs4core6errors5testss_20test_from_yaml_error
FNDA:1,_RNvNtNtNtCs64AwlgGXCHI_10valknut_rs4core6errors5testss_21test_result_extension
FNDA:1,_RNvNtNtNtCs64AwlgGXCHI_10valknut_rs4core6errors5testss_21test_validation_error
FNDA:1,_RNvNtNtNtCs64AwlgGXCHI_10valknut_rs4core6errors5testss_22test_io_error_creation
FNDA:1,_RNvNtNtNtCs64AwlgGXCHI_10valknut_rs4core6errors5testss_22test_math_with_context
FNDA:1,_RNvNtNtNtCs64AwlgGXCHI_10valknut_rs4core6errors5testss_22test_unsupported_error
FNDA:1,_RNvNtNtNtCs64AwlgGXCHI_10valknut_rs4core6errors5testss_23test_config_field_error
FNDA:1,_RNvNtNtNtCs64AwlgGXCHI_10valknut_rs4core6errors5testss_23test_error_with_context
FNDA:1,_RNvNtNtNtCs64AwlgGXCHI_10valknut_rs4core6errors5testss_24test_feature_unavailable
FNDA:1,_RNvNtNtNtCs64AwlgGXCHI_10valknut_rs4core6errors5testss_24test_parse_with_location
FNDA:1,_RNvNtNtNtCs64AwlgGXCHI_10valknut_rs4core6errors5testss_25test_from_parse_int_error
FNDA:1,_RNvNtNtNtCs64AwlgGXCHI_10valknut_rs4core6errors5testss_27test_error_debug_formatting
FNDA:1,_RNvNtNtNtCs64AwlgGXCHI_10valknut_rs4core6errors5testss_27test_from_parse_float_error
FNDA:1,_RNvNtNtNtCs64AwlgGXCHI_10valknut_rs4core6errors5testss_28test_result_ext_with_context
FNDA:1,_RNvNtNtNtCs64AwlgGXCHI_10valknut_rs4core6errors5testss_28test_with_context_math_error
FNDA:1,_RNvNtNtNtCs64AwlgGXCHI_10valknut_rs4core6errors5testss_29test_error_display_formatting
FNDA:1,_RNvNtNtNtCs64AwlgGXCHI_10valknut_rs4core6errors5testss_38test_with_context_non_contextual_error
FNDA:1,_RINvXs5_NtNtCs64AwlgGXCHI_10valknut_rs4core6errorsINtNtCs66KPHxksi63_4core6result6ResultlNtNtNtCsiKSG5X70Gj7_3std2io5error5ErrorEINtB6_9ResultExtlE12with_contextNCNvNtB6_5testss_28test_result_ext_with_context0EBa_
FNDA:1,_RNvXs5_NtNtCs64AwlgGXCHI_10valknut_rs4core6errorsINtNtCs66KPHxksi63_4core6result6ResultlNtNtNtCsiKSG5X70Gj7_3std2io5error5ErrorEINtB5_9ResultExtlE7contextB9_
FNDA:4,_RINvMNtNtCs64AwlgGXCHI_10valknut_rs4core6errorsNtB3_12ValknutError10validationNtNtCs8Ty2CzGA6U3_5alloc6string6StringEB7_
FNDA:2,_RINvMNtNtCs64AwlgGXCHI_10valknut_rs4core6errorsNtB3_12ValknutError10validationReEB7_
FNDA:2,_RINvMNtNtCs64AwlgGXCHI_10valknut_rs4core6errorsNtB3_12ValknutError11unsupportedNtNtCs8Ty2CzGA6U3_5alloc6string6StringEB7_
FNDA:1,_RINvMNtNtCs64AwlgGXCHI_10valknut_rs4core6errorsNtB3_12ValknutError11unsupportedReEB7_
FNDA:0,_RINvMNtNtCs64AwlgGXCHI_10valknut_rs4core6errorsNtB3_12ValknutError12config_fieldNtNtCs8Ty2CzGA6U3_5alloc6string6StringB1g_EB7_
FNDA:2,_RINvMNtNtCs64AwlgGXCHI_10valknut_rs4core6errorsNtB3_12ValknutError12config_fieldReB1g_EB7_
FNDA:1,_RINvMNtNtCs64AwlgGXCHI_10valknut_rs4core6errorsNtB3_12ValknutError12with_contextNtNtCs8Ty2CzGA6U3_5alloc6string6StringEB7_
FNDA:4,_RINvMNtNtCs64AwlgGXCHI_10valknut_rs4core6errorsNtB3_12ValknutError12with_contextReEB7_
FNDA:1,_RINvMNtNtCs64AwlgGXCHI_10valknut_rs4core6errorsNtB3_12ValknutError17math_with_contextReB1l_EB7_
FNDA:1,_RINvMNtNtCs64AwlgGXCHI_10valknut_rs4core6errorsNtB3_12ValknutError19feature_unavailableReB1n_EB7_
FNDA:2,_RINvMNtNtCs64AwlgGXCHI_10valknut_rs4core6errorsNtB3_12ValknutError19parse_with_locationReB1n_B1n_EB7_
FNDA:3,_RINvMNtNtCs64AwlgGXCHI_10valknut_rs4core6errorsNtB3_12ValknutError2ioNtNtCs8Ty2CzGA6U3_5alloc6string6StringEB7_
FNDA:4,_RINvMNtNtCs64AwlgGXCHI_10valknut_rs4core6errorsNtB3_12ValknutError2ioReEB7_
FNDA:1,_RINvMNtNtCs64AwlgGXCHI_10valknut_rs4core6errorsNtB3_12ValknutError3lshReEB7_
FNDA:1,_RINvMNtNtCs64AwlgGXCHI_10valknut_rs4core6errorsNtB3_12ValknutError4mathReEB7_
FNDA:1,_RINvMNtNtCs64AwlgGXCHI_10valknut_rs4core6errorsNtB3_12ValknutError5graphReEB7_
FNDA:0,_RINvMNtNtCs64AwlgGXCHI_10valknut_rs4core6errorsNtB3_12ValknutError5parseNtNtCs8Ty2CzGA6U3_5alloc6string6StringB18_EB7_
FNDA:1,_RINvMNtNtCs64AwlgGXCHI_10valknut_rs4core6errorsNtB3_12ValknutError5parseReB18_EB7_
FNDA:1,_RINvMNtNtCs64AwlgGXCHI_10valknut_rs4core6errorsNtB3_12ValknutError5parseReNtNtCs8Ty2CzGA6U3_5alloc6string6StringEB7_
FNDA:0,_RINvMNtNtCs64AwlgGXCHI_10valknut_rs4core6errorsNtB3_12ValknutError6configNtNtCs8Ty2CzGA6U3_5alloc6string6StringEB7_
FNDA:2,_RINvMNtNtCs64AwlgGXCHI_10valknut_rs4core6errorsNtB3_12ValknutError6configReEB7_
FNDA:1,_RINvMNtNtCs64AwlgGXCHI_10valknut_rs4core6errorsNtB3_12ValknutError8internalReEB7_
FNDA:1,_RINvMNtNtCs64AwlgGXCHI_10valknut_rs4core6errorsNtB3_12ValknutError8pipelineReB1b_EB7_
FNDA:1,_RNCINvXs5_NtNtCs64AwlgGXCHI_10valknut_rs4core6errorsINtNtCs66KPHxksi63_4core6result6ResultlNtNtNtCsiKSG5X70Gj7_3std2io5error5ErrorEINtB8_9ResultExtlE12with_contextNCNvNtB8_5testss_28test_result_ext_with_context0E0Bc_
FNDA:1,_RNCNvXs5_NtNtCs64AwlgGXCHI_10valknut_rs4core6errorsINtNtCs66KPHxksi63_4core6result6ResultlNtNtNtCsiKSG5X70Gj7_3std2io5error5ErrorEINtB7_9ResultExtlE7context0Bb_
FNDA:1,_RNvXs0_NtNtCs64AwlgGXCHI_10valknut_rs4core6errorsNtB5_12ValknutErrorINtNtCs66KPHxksi63_4core7convert4FromNtNtCs6pyryjRuqOK_10serde_json5error5ErrorE4from
FNDA:1,_RNvXs1_NtNtCs64AwlgGXCHI_10valknut_rs4core6errorsNtB5_12ValknutErrorINtNtCs66KPHxksi63_4core7convert4FromNtNtCsc6nSc9dntMb_10serde_yaml5error5ErrorE4from
FNDA:1,_RNvXs2_NtNtCs64AwlgGXCHI_10valknut_rs4core6errorsNtB5_12ValknutErrorINtNtCs66KPHxksi63_4core7convert4FromNtNtNtB19_3num5error13ParseIntErrorE4from
FNDA:1,_RNvXs3_NtNtCs64AwlgGXCHI_10valknut_rs4core6errorsNtB5_12ValknutErrorINtNtCs66KPHxksi63_4core7convert4FromNtNtNtB19_3num7dec2flt15ParseFloatErrorE4from
FNDA:1,_RNvXs4_NtNtCs64AwlgGXCHI_10valknut_rs4core6errorsNtB5_12ValknutErrorINtNtCs66KPHxksi63_4core7convert4FromNtNtNtB19_3str5error9Utf8ErrorE4from
FNDA:3,_RNvXs_NtNtCs64AwlgGXCHI_10valknut_rs4core6errorsNtB4_12ValknutErrorINtNtCs66KPHxksi63_4core7convert4FromNtNtNtCsiKSG5X70Gj7_3std2io5error5ErrorE4from
FNF:50
FNH:50
DA:188,7
DA:189,7
DA:190,7
DA:191,7
DA:192,7
DA:193,7
DA:196,2
DA:197,2
DA:198,2
DA:199,2
DA:200,2
DA:201,2
DA:204,2
DA:205,2
DA:206,2
DA:207,2
DA:208,2
DA:209,2
DA:212,2
DA:213,2
DA:214,2
DA:215,2
DA:216,2
DA:217,2
DA:218,2
DA:219,2
DA:220,2
DA:223,2
DA:224,2
DA:225,2
DA:226,2
DA:227,2
DA:228,2
DA:229,2
DA:230,2
DA:231,2
DA:232,2
DA:233,2
DA:234,2
DA:235,2
DA:236,2
DA:237,2
DA:240,1
DA:241,1
DA:242,1
DA:243,1
DA:244,1
DA:245,1
DA:248,1
DA:249,1
DA:250,1
DA:251,1
DA:252,1
DA:253,1
DA:256,1
DA:257,1
DA:258,1
DA:259,1
DA:260,1
DA:261,1
DA:264,1
DA:265,1
DA:266,1
DA:267,1
DA:268,1
DA:269,1
DA:272,1
DA:273,1
DA:274,1
DA:275,1
DA:276,1
DA:277,1
DA:278,1
DA:281,6
DA:282,6
DA:283,6
DA:284,6
DA:285,6
DA:286,6
DA:287,6
DA:288,6
DA:291,1
DA:292,1
DA:293,1
DA:294,1
DA:295,1
DA:296,1
DA:299,1
DA:300,1
DA:301,1
DA:302,1
DA:303,1
DA:304,1
DA:307,3
DA:308,3
DA:309,3
DA:310,3
DA:311,3
DA:314,5
DA:315,5
DA:316,1
DA:317,2
DA:318,2
DA:319,2
DA:320,3
DA:322,5
DA:323,5
DA:328,3
DA:329,3
DA:330,3
DA:334,1
DA:335,1
DA:336,1
DA:337,1
DA:338,1
DA:339,1
DA:340,1
DA:344,1
DA:345,1
DA:346,1
DA:347,1
DA:348,1
DA:349,1
DA:350,1
DA:354,1
DA:355,1
DA:356,1
DA:360,1
DA:361,1
DA:362,1
DA:366,1
DA:367,1
DA:368,1
DA:408,1
DA:409,1
DA:410,1
DA:412,1
DA:413,1
DA:415,1
DA:416,1
DA:417,1
DA:426,1
DA:427,1
DA:428,1
DA:430,1
DA:431,1
DA:432,1
DA:435,1
DA:436,1
DA:437,1
DA:439,1
DA:440,1
DA:442,0
DA:444,1
DA:447,1
DA:448,1
DA:449,1
DA:451,1
DA:452,1
DA:453,1
DA:456,1
DA:457,1
DA:458,1
DA:460,1
DA:461,1
DA:462,1
DA:464,0
DA:466,1
DA:469,1
DA:470,1
DA:472,1
DA:473,1
DA:474,1
DA:476,0
DA:478,1
DA:481,1
DA:482,1
DA:486,1
DA:487,1
DA:490,1
DA:491,1
DA:492,1
DA:493,1
DA:494,1
DA:495,1
DA:497,0
DA:499,1
DA:502,1
DA:503,1
DA:505,1
DA:506,1
DA:507,1
DA:509,0
DA:511,1
DA:514,1
DA:515,1
DA:517,1
DA:518,1
DA:519,1
DA:521,0
DA:523,1
DA:526,1
DA:527,1
DA:529,1
DA:530,1
DA:531,1
DA:533,0
DA:535,1
DA:538,1
DA:539,1
DA:541,1
DA:542,1
DA:543,1
DA:544,1
DA:546,0
[...]
FN:17,_RNvNtNtNtCs64AwlgGXCHI_10valknut_rs2io5cache5testss_14test_cache_new
FN:31,_RNvNtNtNtCs64AwlgGXCHI_10valknut_rs2io5cache5testss_16test_cache_debug
FN:24,_RNvNtNtNtCs64AwlgGXCHI_10valknut_rs2io5cache5testss_18test_cache_default
FNDA:2,_RNvMNtNtCs64AwlgGXCHI_10valknut_rs2io5cacheNtB2_5Cache3new
FNDA:1,_RNvNtNtNtCs64AwlgGXCHI_10valknut_rs2io5cache5testss_14test_cache_new
FNDA:1,_RNvNtNtNtCs64AwlgGXCHI_10valknut_rs2io5cache5testss_16test_cache_debug
FNDA:1,_RNvNtNtNtCs64AwlgGXCHI_10valknut_rs2io5cache5testss_18test_cache_default
FNF:4
FNH:4
DA:7,2
DA:8,2
DA:9,2
DA:17,1
DA:18,1
DA:20,1
DA:21,1
DA:24,1
DA:25,1
DA:27,1
DA:28,1
DA:31,1
DA:32,1
DA:33,1
DA:34,1
DA:35,1
BRF:0
BRH:0
LF:16
LH:16
end_of_record
SF:/home/nathan/Projects/valknut/src/io/reports.rs
FN:180,_RNvMs_NtNtCs64AwlgGXCHI_10valknut_rs2io7reportsNtB4_15ReportGenerator17calculate_summary
FN:161,_RNvMs_NtNtCs64AwlgGXCHI_10valknut_rs2io7reportsNtB4_15ReportGenerator21prepare_template_data
FN:56,_RNvMs_NtNtCs64AwlgGXCHI_10valknut_rs2io7reportsNtB4_15ReportGenerator3new
FN:32,_RNvXNtNtCs64AwlgGXCHI_10valknut_rs2io7reportsNtB2_15ReportGeneratorNtNtCs66KPHxksi63_4core7default7Default7default
FN:95,_RINvMs_NtNtCs64AwlgGXCHI_10valknut_rs2io7reportsNtB5_15ReportGenerator15generate_reportRNtNtCsiKSG5X70Gj7_3std4path7PathBufEB9_
FN:60,_RINvMs_NtNtCs64AwlgGXCHI_10valknut_rs2io7reportsNtB5_15ReportGenerator18with_templates_dirRNtNtCsiKSG5X70Gj7_3std4path7PathBufEB9_
FN:150,_RINvMs_NtNtCs64AwlgGXCHI_10valknut_rs2io7reportsNtB5_15ReportGenerator19generate_csv_reportRNtNtCsiKSG5X70Gj7_3std4path7PathBufEB9_
FN:109,_RINvMs_NtNtCs64AwlgGXCHI_10valknut_rs2io7reportsNtB5_15ReportGenerator20generate_html_reportRNtNtCsiKSG5X70Gj7_3std4path7PathBufEB9_
FN:129,_RINvMs_NtNtCs64AwlgGXCHI_10valknut_rs2io7reportsNtB5_15ReportGenerator20generate_json_reportRNtNtCsiKSG5X70Gj7_3std4path7PathBufEB9_
FN:139,_RINvMs_NtNtCs64AwlgGXCHI_10valknut_rs2io7reportsNtB5_15ReportGenerator20generate_yaml_reportRNtNtCsiKSG5X70Gj7_3std4path7PathBufEB9_
FN:72,_RINvMs_NtNtCs64AwlgGXCHI_10valknut_rs2io7reportsNtB5_15ReportGenerator23load_templates_from_dirRNtNtCsiKSG5X70Gj7_3std4path7PathBufEB9_
FN:145,_RNCINvMs_NtNtCs64AwlgGXCHI_10valknut_rs2io7reportsNtB7_15ReportGenerator20generate_yaml_reportRNtNtCsiKSG5X70Gj7_3std4path7PathBufE0Bb_
FN:79,_RNCINvMs_NtNtCs64AwlgGXCHI_10valknut_rs2io7reportsNtB7_15ReportGenerator23load_templates_from_dirRNtNtCsiKSG5X70Gj7_3std4path7PathBufE0Bb_
FN:82,_RNCINvMs_NtNtCs64AwlgGXCHI_10valknut_rs2io7reportsNtB7_15ReportGenerator23load_templates_from_dirRNtNtCsiKSG5X70Gj7_3std4path7PathBufEs0_0Bb_
FN:81,_RNCINvMs_NtNtCs64AwlgGXCHI_10valknut_rs2io7reportsNtB7_15ReportGenerator23load_templates_from_dirRNtNtCsiKSG5X70Gj7_3std4path7PathBufEs_0Bb_
FN:37,_RNCNCNvXNtNtCs64AwlgGXCHI_10valknut_rs2io7reportsNtB6_15ReportGeneratorNtNtCs66KPHxksi63_4core7default7Default7default00Ba_
FN:38,_RNCNCNvXNtNtCs64AwlgGXCHI_10valknut_rs2io7reportsNtB6_15ReportGeneratorNtNtCs66KPHxksi63_4core7default7Default7default0s0_0Ba_
FN:37,_RNCNCNvXNtNtCs64AwlgGXCHI_10valknut_rs2io7reportsNtB6_15ReportGeneratorNtNtCs66KPHxksi63_4core7default7Default7default0s_0Ba_
FN:36,_RNCNvXNtNtCs64AwlgGXCHI_10valknut_rs2io7reportsNtB4_15ReportGeneratorNtNtCs66KPHxksi63_4core7default7Default7default0B8_
FN:435,_RNvNtNtNtCs64AwlgGXCHI_10valknut_rs2io7reports5tests19create_test_results
FN:678,_RNvNtNtNtCs64AwlgGXCHI_10valknut_rs2io7reports5testss_22test_calculate_summary
FN:698,_RNvNtNtNtCs64AwlgGXCHI_10valknut_rs2io7reports5testss_23test_report_error_debug
FN:587,_RNvNtNtNtCs64AwlgGXCHI_10valknut_rs2io7reports5testss_24test_generate_csv_report
FN:554,_RNvNtNtNtCs64AwlgGXCHI_10valknut_rs2io7reports5testss_25test_generate_json_report
FN:571,_RNvNtNtNtCs64AwlgGXCHI_10valknut_rs2io7reports5testss_25test_generate_yaml_report
FN:689,_RNvNtNtNtCs64AwlgGXCHI_10valknut_rs2io7reports5testss_25test_report_error_display
FN:501,_RNvNtNtNtCs64AwlgGXCHI_10valknut_rs2io7reports5testss_25test_report_generator_new
FN:659,_RNvNtNtNtCs64AwlgGXCHI_10valknut_rs2io7reports5testss_26test_prepare_template_data
FN:515,_RNvNtNtNtCs64AwlgGXCHI_10valknut_rs2io7reports5testss_27test_report_generator_debug
FN:508,_RNvNtNtNtCs64AwlgGXCHI_10valknut_rs2io7reports5testss_29test_report_generator_default
FN:536,_RNvNtNtNtCs64AwlgGXCHI_10valknut_rs2io7reports5testss_32test_with_templates_dir_existing
FN:524,_RNvNtNtNtCs64AwlgGXCHI_10valknut_rs2io7reports5testss_35test_with_templates_dir_nonexistent
FN:623,_RNvNtNtNtCs64AwlgGXCHI_10valknut_rs2io7reports5testss_41test_generate_html_report_custom_template
FN:602,_RNvNtNtNtCs64AwlgGXCHI_10valknut_rs2io7reports5testss_42test_generate_html_report_default_template
FN:738,_RNvNtNtNtCs64AwlgGXCHI_10valknut_rs2io7reports5testss_42test_load_templates_from_dir_non_hbs_files
FN:708,_RNvNtNtNtCs64AwlgGXCHI_10valknut_rs2io7reports5testss_45test_load_templates_from_dir_invalid_filename
FNDA:4,_RNvMs_NtNtCs64AwlgGXCHI_10valknut_rs2io7reportsNtB4_15ReportGenerator17calculate_summary
FNDA:3,_RNvMs_NtNtCs64AwlgGXCHI_10valknut_rs2io7reportsNtB4_15ReportGenerator21prepare_template_data
FNDA:13,_RNvMs_NtNtCs64AwlgGXCHI_10valknut_rs2io7reportsNtB4_15ReportGenerator3new
FNDA:14,_RNvXNtNtCs64AwlgGXCHI_10valknut_rs2io7reportsNtB2_15ReportGeneratorNtNtCs66KPHxksi63_4core7default7Default7default
FNDA:5,_RINvMs_NtNtCs64AwlgGXCHI_10valknut_rs2io7reportsNtB5_15ReportGenerator15generate_reportRNtNtCsiKSG5X70Gj7_3std4path7PathBufEB9_
FNDA:3,_RINvMs_NtNtCs64AwlgGXCHI_10valknut_rs2io7reportsNtB5_15ReportGenerator18with_templates_dirRNtNtCsiKSG5X70Gj7_3std4path7PathBufEB9_
FNDA:1,_RINvMs_NtNtCs64AwlgGXCHI_10valknut_rs2io7reportsNtB5_15ReportGenerator19generate_csv_reportRNtNtCsiKSG5X70Gj7_3std4path7PathBufEB9_
FNDA:2,_RINvMs_NtNtCs64AwlgGXCHI_10valknut_rs2io7reportsNtB5_15ReportGenerator20generate_html_reportRNtNtCsiKSG5X70Gj7_3std4path7PathBufEB9_
FNDA:1,_RINvMs_NtNtCs64AwlgGXCHI_10valknut_rs2io7reportsNtB5_15ReportGenerator20generate_json_reportRNtNtCsiKSG5X70Gj7_3std4path7PathBufEB9_
FNDA:1,_RINvMs_NtNtCs64AwlgGXCHI_10valknut_rs2io7reportsNtB5_15ReportGenerator20generate_yaml_reportRNtNtCsiKSG5X70Gj7_3std4path7PathBufEB9_
FNDA:4,_RINvMs_NtNtCs64AwlgGXCHI_10valknut_rs2io7reportsNtB5_15ReportGenerator23load_templates_from_dirRNtNtCsiKSG5X70Gj7_3std4path7PathBufEB9_
FNDA:0,_RNCINvMs_NtNtCs64AwlgGXCHI_10valknut_rs2io7reportsNtB7_15ReportGenerator20generate_yaml_reportRNtNtCsiKSG5X70Gj7_3std4path7PathBufE0Bb_
FNDA:5,_RNCINvMs_NtNtCs64AwlgGXCHI_10valknut_rs2io7reportsNtB7_15ReportGenerator23load_templates_from_dirRNtNtCsiKSG5X70Gj7_3std4path7PathBufE0Bb_
FNDA:0,_RNCINvMs_NtNtCs64AwlgGXCHI_10valknut_rs2io7reportsNtB7_15ReportGenerator23load_templates_from_dirRNtNtCsiKSG5X70Gj7_3std4path7PathBufEs0_0Bb_
FNDA:3,_RNCINvMs_NtNtCs64AwlgGXCHI_10valknut_rs2io7reportsNtB7_15ReportGenerator23load_templates_from_dirRNtNtCsiKSG5X70Gj7_3std4path7PathBufEs_0Bb_
FNDA:1,_RNCNCNvXNtNtCs64AwlgGXCHI_10valknut_rs2io7reportsNtB6_15ReportGeneratorNtNtCs66KPHxksi63_4core7default7Default7default00Ba_
FNDA:0,_RNCNCNvXNtNtCs64AwlgGXCHI_10valknut_rs2io7reportsNtB6_15ReportGeneratorNtNtCs66KPHxksi63_4core7default7Default7default0s0_0Ba_
FNDA:0,_RNCNCNvXNtNtCs64AwlgGXCHI_10valknut_rs2io7reportsNtB6_15ReportGeneratorNtNtCs66KPHxksi63_4core7default7Default7default0s_0Ba_
FNDA:1,_RNCNvXNtNtCs64AwlgGXCHI_10valknut_rs2io7reportsNtB4_15ReportGeneratorNtNtCs66KPHxksi63_4core7default7Default7default0B8_
FNDA:7,_RNvNtNtNtCs64AwlgGXCHI_10valknut_rs2io7reports5tests19create_test_results
FNDA:1,_RNvNtNtNtCs64AwlgGXCHI_10valknut_rs2io7reports5testss_22test_calculate_summary
FNDA:1,_RNvNtNtNtCs64AwlgGXCHI_10valknut_rs2io7reports5testss_23test_report_error_debug
FNDA:1,_RNvNtNtNtCs64AwlgGXCHI_10valknut_rs2io7reports5testss_24test_generate_csv_report
FNDA:1,_RNvNtNtNtCs64AwlgGXCHI_10valknut_rs2io7reports5testss_25test_generate_json_report
FNDA:1,_RNvNtNtNtCs64AwlgGXCHI_10valknut_rs2io7reports5testss_25test_generate_yaml_report
FNDA:1,_RNvNtNtNtCs64AwlgGXCHI_10valknut_rs2io7reports5testss_25test_report_error_display
FNDA:1,_RNvNtNtNtCs64AwlgGXCHI_10valknut_rs2io7reports5testss_25test_report_generator_new
FNDA:1,_RNvNtNtNtCs64AwlgGXCHI_10valknut_rs2io7reports5testss_26test_prepare_template_data
FNDA:1,_RNvNtNtNtCs64AwlgGXCHI_10valknut_rs2io7reports5testss_27test_report_generator_debug
FNDA:1,_RNvNtNtNtCs64AwlgGXCHI_10valknut_rs2io7reports5testss_29test_report_generator_default
FNDA:1,_RNvNtNtNtCs64AwlgGXCHI_10valknut_rs2io7reports5testss_32test_with_templates_dir_existing
FNDA:1,_RNvNtNtNtCs64AwlgGXCHI_10valknut_rs2io7reports5testss_35test_with_templates_dir_nonexistent
FNDA:1,_RNvNtNtNtCs64AwlgGXCHI_10valknut_rs2io7reports5testss_41test_generate_html_report_custom_template
FNDA:1,_RNvNtNtNtCs64AwlgGXCHI_10valknut_rs2io7reports5testss_42test_generate_html_report_default_template
FNDA:1,_RNvNtNtNtCs64AwlgGXCHI_10valknut_rs2io7reports5testss_42test_load_templates_from_dir_non_hbs_files
FNDA:1,_RNvNtNtNtCs64AwlgGXCHI_10valknut_rs2io7reports5testss_45test_load_templates_from_dir_invalid_filename
FNF:36
FNH:32
DA:32,14
DA:33,14
DA:36,14
DA:37,1
DA:38,1
DA:39,1
DA:40,1
DA:41,1
DA:44,14
DA:45,0
DA:46,14
DA:48,14
DA:49,14
DA:50,14
DA:51,14
DA:52,14
DA:56,13
DA:57,13
DA:58,13
DA:60,3
DA:61,3
DA:63,3
DA:65,2
DA:66,1
DA:68,3
DA:69,3
DA:70,3
DA:72,4
DA:73,4
DA:75,5
DA:76,5
DA:77,5
DA:79,5
DA:80,3
DA:81,3
DA:82,3
DA:83,0
DA:85,0
DA:87,3
DA:88,3
DA:89,2
DA:92,4
DA:93,4
DA:95,5
DA:96,5
DA:97,5
DA:98,5
DA:99,5
DA:100,5
DA:101,5
DA:102,2
DA:103,1
DA:104,1
DA:105,1
DA:107,5
DA:109,2
DA:110,2
DA:111,2
DA:112,2
DA:113,2
DA:114,2
DA:117,2
DA:118,1
DA:120,1
DA:123,2
DA:124,2
DA:126,2
DA:127,2
DA:129,1
DA:130,1
DA:131,1
DA:132,1
DA:133,1
DA:134,1
DA:135,1
DA:136,1
DA:137,1
DA:139,1
DA:140,1
DA:141,1
DA:142,1
DA:143,1
DA:144,1
DA:145,1
DA:146,1
DA:147,1
DA:148,1
DA:150,1
DA:151,1
DA:152,1
DA:153,1
DA:154,1
DA:157,1
DA:158,1
DA:159,1
DA:161,3
DA:162,3
DA:165,3
DA:166,3
DA:167,3
DA:170,3
DA:173,3
DA:174,3
DA:175,3
DA:177,3
DA:178,3
DA:180,4
DA:181,4
DA:184,4
DA:185,4
DA:187,4
DA:188,4
DA:435,7
DA:438,7
DA:439,7
DA:440,7
DA:441,7
DA:442,7
DA:443,7
DA:444,7
DA:445,7
DA:446,7
DA:447,7
DA:448,7
DA:449,7
DA:450,7
DA:451,7
DA:452,7
DA:453,7
DA:454,7
DA:455,7
DA:456,7
DA:457,7
DA:458,7
DA:459,7
DA:460,7
DA:461,7
DA:462,7
DA:463,7
DA:464,7
DA:465,7
DA:466,7
DA:467,7
DA:468,7
DA:469,7
DA:470,7
DA:471,7
DA:472,7
DA:473,7
DA:474,7
DA:475,7
DA:476,7
DA:477,7
DA:478,7
DA:479,7
DA:480,7
DA:481,7
DA:482,7
DA:483,7
DA:484,7
DA:485,7
DA:486,7
DA:487,7
DA:488,7
DA:489,7
DA:490,7
DA:491,7
DA:492,7
DA:493,7
DA:494,7
DA:495,7
DA:496,7
DA:497,7
DA:498,7
DA:501,1
DA:502,1
DA:503,1
DA:504,1
DA:505,1
DA:508,1
DA:509,1
DA:510,1
DA:511,1
DA:512,1
DA:515,1
DA:516,1
DA:517,1
DA:518,1
DA:519,1
DA:520,1
DA:521,1
DA:524,1
DA:525,1
DA:526,1
DA:528,1
DA:529,1
DA:530,1
DA:532,1
DA:533,1
DA:536,1
DA:537,1
DA:538,1
DA:539,1
DA:542,1
DA:543,1
DA:545,1
DA:546,1
DA:547,1
DA:549,1
DA:550,1
DA:551,1
DA:554,1
DA:555,1
DA:556,1
DA:558,1
DA:559,1
DA:561,1
DA:562,1
DA:564,1
DA:565,1
DA:566,1
DA:567,1
DA:568,1
DA:571,1
DA:572,1
DA:573,1
DA:575,1
DA:576,1
DA:578,1
DA:579,1
DA:581,1
DA:582,1
DA:583,1
DA:584,1
DA:587,1
DA:588,1
DA:589,1
DA:591,1
DA:592,1
DA:594,1
DA:595,1
DA:597,1
DA:598,1
DA:599,1
DA:602,1
DA:603,1
DA:604,1
DA:606,1
DA:607,1
DA:609,1
DA:610,1
DA:611,0
DA:612,1
DA:613,1
DA:615,1
DA:616,1
DA:617,1
DA:618,1
DA:619,1
DA:620,1
DA:623,1
DA:624,1
DA:625,1
DA:626,1
DA:629,1
DA:630,1
DA:631,1
DA:632,1
DA:633,1
DA:634,1
DA:635,1
DA:636,1
DA:637,1
DA:638,1
DA:640,1
DA:641,1
DA:643,1
DA:644,1
DA:645,1
DA:647,1
DA:648,1
DA:650,1
DA:651,1
DA:653,1
DA:654,1
DA:655,1
DA:656,1
DA:659,1
DA:660,1
DA:661,1
DA:663,1
DA:665,1
DA:666,1
DA:668,1
DA:669,1
DA:670,1
DA:671,1
DA:672,1
DA:674,1
DA:675,1
DA:678,1
DA:679,1
DA:680,1
DA:682,1
DA:684,1
DA:685,1
DA:686,1
DA:689,1
DA:690,1
DA:691,1
DA:693,1
DA:694,1
DA:695,1
DA:698,1
DA:699,1
DA:700,1
DA:702,1
DA:703,1
DA:704,1
DA:705,1
DA:708,1
DA:709,1
DA:710,1
DA:711,1
DA:715,1
DA:716,1
DA:717,0
DA:718,0
DA:719,0
DA:720,0
DA:721,0
DA:722,0
DA:723,0
DA:727,1
DA:728,1
DA:730,1
DA:731,1
DA:732,1
DA:735,1
DA:738,1
DA:739,1
DA:740,1
DA:741,1
DA:744,1
DA:745,1
DA:747,1
DA:748,1
DA:750,1
DA:751,1
DA:754,1
DA:755,1
BRF:0
BRH:0
LF:359
LH:344
end_of_record
SF:/home/nathan/Projects/valknut/src/lang/common.rs
FN:148,_RNvNtNtNtCs64AwlgGXCHI_10valknut_rs4lang6common5testss_18test_parsed_entity
FN:177,_RNvNtNtNtCs64AwlgGXCHI_10valknut_rs4lang6common5testss_20test_parse_index_new
FN:131,_RNvNtNtNtCs64AwlgGXCHI_10valknut_rs4lang6common5testss_20test_source_location
FN:185,_RNvNtNtNtCs64AwlgGXCHI_10valknut_rs4lang6common5testss_24test_parse_index_default
FN:117,_RNvNtNtNtCs64AwlgGXCHI_10valknut_rs4lang6common5testss_25test_entity_kind_variants
FN:193,_RNvNtNtNtCs64AwlgGXCHI_10valknut_rs4lang6common5testss_27test_parse_index_add_entity
FN:224,_RNvNtNtNtCs64AwlgGXCHI_10valknut_rs4lang6common5testss_27test_parse_index_get_entity
FN:257,_RNvNtNtNtCs64AwlgGXCHI_10valknut_rs4lang6common5testss_37test_parse_index_get_entities_in_file
FN:83,_RNvMNtNtCs64AwlgGXCHI_10valknut_rs4lang6commonNtB2_10ParseIndex10add_entity
FN:98,_RNvMNtNtCs64AwlgGXCHI_10valknut_rs4lang6commonNtB2_10ParseIndex10get_entity
FN:103,_RNvMNtNtCs64AwlgGXCHI_10valknut_rs4lang6commonNtB2_10ParseIndex20get_entities_in_file
FN:78,_RNvMNtNtCs64AwlgGXCHI_10valknut_rs4lang6commonNtB2_10ParseIndex3new
FN:106,_RNCNCNvMNtNtCs64AwlgGXCHI_10valknut_rs4lang6commonNtB6_10ParseIndex20get_entities_in_file00Ba_
FN:106,_RNCNvMNtNtCs64AwlgGXCHI_10valknut_rs4lang6commonNtB4_10ParseIndex20get_entities_in_file0B8_
FNDA:1,_RNvNtNtNtCs64AwlgGXCHI_10valknut_rs4lang6common5testss_18test_parsed_entity
FNDA:1,_RNvNtNtNtCs64AwlgGXCHI_10valknut_rs4lang6common5testss_20test_parse_index_new
FNDA:1,_RNvNtNtNtCs64AwlgGXCHI_10valknut_rs4lang6common5testss_20test_source_location
FNDA:1,_RNvNtNtNtCs64AwlgGXCHI_10valknut_rs4lang6common5testss_24test_parse_index_default
FNDA:1,_RNvNtNtNtCs64AwlgGXCHI_10valknut_rs4lang6common5testss_25test_entity_kind_variants
FNDA:1,_RNvNtNtNtCs64AwlgGXCHI_10valknut_rs4lang6common5testss_27test_parse_index_add_entity
FNDA:1,_RNvNtNtNtCs64AwlgGXCHI_10valknut_rs4lang6common5testss_27test_parse_index_get_entity
FNDA:1,_RNvNtNtNtCs64AwlgGXCHI_10valknut_rs4lang6common5testss_37test_parse_index_get_entities_in_file
FNDA:4,_RNvMNtNtCs64AwlgGXCHI_10valknut_rs4lang6commonNtB2_10ParseIndex10add_entity
FNDA:2,_RNvMNtNtCs64AwlgGXCHI_10valknut_rs4lang6commonNtB2_10ParseIndex10get_entity
FNDA:2,_RNvMNtNtCs64AwlgGXCHI_10valknut_rs4lang6commonNtB2_10ParseIndex20get_entities_in_file
FNDA:4,_RNvMNtNtCs64AwlgGXCHI_10valknut_rs4lang6commonNtB2_10ParseIndex3new
FNDA:2,_RNCNCNvMNtNtCs64AwlgGXCHI_10valknut_rs4lang6commonNtB6_10ParseIndex20get_entities_in_file00Ba_
FNDA:1,_RNCNvMNtNtCs64AwlgGXCHI_10valknut_rs4lang6commonNtB4_10ParseIndex20get_entities_in_file0B8_
FNF:14
FNH:14
DA:78,4
DA:79,4
DA:80,4
DA:83,4
DA:84,4
DA:85,4
DA:88,4
DA:89,4
DA:90,4
DA:91,4
DA:94,4
DA:95,4
DA:98,2
DA:99,2
DA:100,2
DA:103,2
DA:104,2
DA:105,2
DA:106,2
DA:107,2
DA:108,2
DA:117,1
DA:119,1
DA:120,1
DA:121,1
DA:122,1
DA:123,1
DA:124,1
DA:125,1
DA:126,1
DA:127,1
DA:128,1
DA:131,1
DA:132,1
DA:133,1
DA:134,1
DA:135,1
DA:136,1
DA:137,1
DA:138,1
DA:140,1
DA:141,1
DA:142,1
DA:143,1
DA:144,1
DA:145,1
DA:148,1
DA:149,1
DA:150,1
DA:151,1
DA:152,1
DA:153,1
DA:154,1
DA:155,1
DA:157,1
DA:158,1
DA:159,1
DA:160,1
DA:161,1
DA:162,1
DA:163,1
DA:164,1
DA:165,1
DA:167,1
DA:168,1
DA:169,1
DA:170,1
DA:171,1
DA:172,1
DA:173,1
DA:174,1
DA:177,1
DA:178,1
DA:179,1
DA:180,1
DA:181,1
DA:182,1
DA:185,1
DA:186,1
DA:187,1
DA:188,1
DA:189,1
DA:190,1
DA:193,1
DA:194,1
DA:196,1
DA:197,1
DA:198,1
DA:199,1
DA:200,1
DA:201,1
DA:202,1
DA:204,1
DA:205,1
DA:206,1
DA:207,1
DA:208,1
DA:209,1
DA:210,1
DA:211,1
DA:212,1
DA:214,1
DA:216,1
DA:217,1
DA:218,1
DA:219,1
DA:220,1
DA:221,1
DA:224,1
DA:225,1
DA:227,1
DA:228,1
DA:229,1
DA:230,1
DA:231,1
DA:232,1
DA:233,1
DA:235,1
DA:236,1
DA:237,1
DA:238,1
DA:239,1
DA:240,1
DA:241,1
DA:242,1
DA:243,1
DA:245,1
DA:247,1
DA:248,1
DA:249,1
DA:250,1
DA:252,1
DA:253,1
DA:254,1
DA:257,1
DA:258,1
DA:260,1
DA:261,1
DA:262,1
DA:263,1
DA:264,1
DA:265,1
DA:266,1
DA:268,1
DA:269,1
DA:270,1
DA:271,1
DA:272,1
DA:273,1
DA:274,1
DA:276,1
DA:277,1
DA:278,1
DA:279,1
DA:280,1
DA:281,1
DA:282,1
DA:283,1
DA:284,1
DA:286,1
DA:287,1
DA:288,1
DA:289,1
DA:290,1
DA:291,1
DA:292,1
DA:293,1
DA:294,1
DA:296,1
DA:297,1
DA:299,1
DA:300,1
DA:302,1
DA:303,1
DA:304,1
BRF:0
BRH:0
LF:177
LH:177
end_of_record
SF:/home/nathan/Projects/valknut/src/lang/python_simple.rs
FN:25,_RNCNvMNtNtCs64AwlgGXCHI_10valknut_rs4lang13python_simpleNtB4_19SimplePythonAdapter21extract_code_entities0B8_
FN:46,_RNCNvMNtNtCs64AwlgGXCHI_10valknut_rs4lang13python_simpleNtB4_19SimplePythonAdapter21extract_code_entitiess_0B8_
FN:75,_RNvXs_NtNtCs64AwlgGXCHI_10valknut_rs4lang13python_simpleNtB4_19SimplePythonAdapterNtNtCs66KPHxksi63_4core7default7Default7default
FN:130,_RNCNvNtNtNtCs64AwlgGXCHI_10valknut_rs4lang13python_simple5testss_25test_simple_class_parsing0B9_
FN:131,_RNCNvNtNtNtCs64AwlgGXCHI_10valknut_rs4lang13python_simple5testss_25test_simple_class_parsings_0B9_
FN:16,_RNvMNtNtCs64AwlgGXCHI_10valknut_rs4lang13python_simpleNtB2_19SimplePythonAdapter21extract_code_entities
FN:11,_RNvMNtNtCs64AwlgGXCHI_10valknut_rs4lang13python_simpleNtB2_19SimplePythonAdapter3new
FN:113,_RNvNtNtNtCs64AwlgGXCHI_10valknut_rs4lang13python_simple5testss_25test_simple_class_parsing
FN:91,_RNvNtNtNtCs64AwlgGXCHI_10valknut_rs4lang13python_simple5testss_28test_simple_function_parsing
FN:85,_RNvNtNtNtCs64AwlgGXCHI_10valknut_rs4lang13python_simple5testss_35test_simple_python_adapter_creation
FNDA:3,_RNCNvMNtNtCs64AwlgGXCHI_10valknut_rs4lang13python_simpleNtB4_19SimplePythonAdapter21extract_code_entities0B8_
FNDA:2,_RNCNvMNtNtCs64AwlgGXCHI_10valknut_rs4lang13python_simpleNtB4_19SimplePythonAdapter21extract_code_entitiess_0B8_
FNDA:0,_RNvXs_NtNtCs64AwlgGXCHI_10valknut_rs4lang13python_simpleNtB4_19SimplePythonAdapterNtNtCs66KPHxksi63_4core7default7Default7default
FNDA:4,_RNCNvNtNtNtCs64AwlgGXCHI_10valknut_rs4lang13python_simple5testss_25test_simple_class_parsing0B9_
FNDA:4,_RNCNvNtNtNtCs64AwlgGXCHI_10valknut_rs4lang13python_simple5testss_25test_simple_class_parsings_0B9_
FNDA:2,_RNvMNtNtCs64AwlgGXCHI_10valknut_rs4lang13python_simpleNtB2_19SimplePythonAdapter21extract_code_entities
FNDA:3,_RNvMNtNtCs64AwlgGXCHI_10valknut_rs4lang13python_simpleNtB2_19SimplePythonAdapter3new
FNDA:1,_RNvNtNtNtCs64AwlgGXCHI_10valknut_rs4lang13python_simple5testss_25test_simple_class_parsing
FNDA:1,_RNvNtNtNtCs64AwlgGXCHI_10valknut_rs4lang13python_simple5testss_28test_simple_function_parsing
FNDA:1,_RNvNtNtNtCs64AwlgGXCHI_10valknut_rs4lang13python_simple5testss_35test_simple_python_adapter_creation
FNF:10
FNH:9
DA:11,3
DA:12,3
DA:13,3
DA:16,2
DA:17,2
DA:18,2
DA:20,14
DA:21,14
DA:24,14
DA:25,3
DA:26,3
DA:27,3
DA:28,3
DA:29,3
DA:30,3
DA:31,3
DA:32,3
DA:33,3
DA:34,3
DA:35,3
DA:36,3
DA:37,3
DA:38,3
DA:39,3
DA:40,3
DA:41,0
DA:42,11
DA:45,14
DA:46,2
DA:47,2
DA:48,1
DA:50,1
DA:53,2
DA:55,2
DA:56,2
DA:57,2
DA:58,2
DA:59,2
DA:61,2
DA:62,2
DA:64,2
DA:65,2
DA:66,0
DA:67,12
DA:70,2
DA:71,2
DA:75,0
DA:76,0
DA:77,0
DA:85,1
DA:86,1
DA:87,1
DA:88,1
DA:91,1
DA:92,1
DA:93,1
DA:94,1
DA:95,1
DA:96,1
DA:97,1
DA:99,1
DA:100,1
DA:102,1
DA:103,1
DA:104,1
DA:105,1
DA:108,1
DA:109,1
DA:110,1
DA:113,1
DA:114,1
DA:115,1
DA:116,1
DA:117,1
DA:118,1
DA:119,1
DA:120,1
DA:121,1
DA:122,1
DA:123,1
DA:124,1
DA:125,1
DA:127,1
DA:130,4
DA:131,4
DA:133,1
DA:134,1
DA:136,1
DA:137,1
DA:138,1
BRF:0
BRH:0
LF:94
LH:89
end_of_record
SF:/home/nathan/Projects/valknut/src/lib.rs
FN:160,_RNvNtCs64AwlgGXCHI_10valknut_rs8features12has_database
FN:155,_RNvNtCs64AwlgGXCHI_10valknut_rs8features12has_parallel
FN:150,_RNvNtCs64AwlgGXCHI_10valknut_rs8features8has_simd
FNDA:0,_RNvNtCs64AwlgGXCHI_10valknut_rs8features12has_database
FNDA:0,_RNvNtCs64AwlgGXCHI_10valknut_rs8features12has_parallel
FNDA:0,_RNvNtCs64AwlgGXCHI_10valknut_rs8features8has_simd
FNF:3
FNH:0
DA:150,0
DA:151,0
DA:152,0
DA:155,0
DA:156,0
DA:157,0
DA:160,0
DA:161,0
DA:162,0
BRF:0
BRH:0
LF:9
LH:0
end_of_record