{"meta": {"format": 3, "version": "7.10.6", "timestamp": "2025-09-07T12:58:45.142089", "branch_coverage": false, "show_contexts": false}, "files": {"valknut/__init__.py": {"executed_lines": [1, 8, 9, 10, 12, 13, 14, 16], "summary": {"covered_lines": 7, "num_statements": 7, "percent_covered": 100.0, "percent_covered_display": "100", "missing_lines": 0, "excluded_lines": 0}, "missing_lines": [], "excluded_lines": [], "functions": {"": {"executed_lines": [1, 8, 9, 10, 12, 13, 14, 16], "summary": {"covered_lines": 7, "num_statements": 7, "percent_covered": 100.0, "percent_covered_display": "100", "missing_lines": 0, "excluded_lines": 0}, "missing_lines": [], "excluded_lines": []}}, "classes": {"": {"executed_lines": [1, 8, 9, 10, 12, 13, 14, 16], "summary": {"covered_lines": 7, "num_statements": 7, "percent_covered": 100.0, "percent_covered_display": "100", "missing_lines": 0, "excluded_lines": 0}, "missing_lines": [], "excluded_lines": []}}}, "valknut/__main__.py": {"executed_lines": [], "summary": {"covered_lines": 0, "num_statements": 3, "percent_covered": 0.0, "percent_covered_display": "0", "missing_lines": 3, "excluded_lines": 0}, "missing_lines": [6, 8, 9], "excluded_lines": [], "functions": {"": {"executed_lines": [], "summary": {"covered_lines": 0, "num_statements": 3, "percent_covered": 0.0, "percent_covered_display": "0", "missing_lines": 3, "excluded_lines": 0}, "missing_lines": [6, 8, 9], "excluded_lines": []}}, "classes": {"": {"executed_lines": [], "summary": {"covered_lines": 0, "num_statements": 3, "percent_covered": 0.0, "percent_covered_display": "0", "missing_lines": 3, "excluded_lines": 0}, "missing_lines": [6, 8, 9], "excluded_lines": []}}}, "valknut/api/__init__.py": {"executed_lines": [1, 3, 5], "summary": {"covered_lines": 2, "num_statements": 2, "percent_covered": 100.0, "percent_covered_display": "100", "missing_lines": 0, "excluded_lines": 0}, "missing_lines": [], "excluded_lines": [], "functions": {"": {"executed_lines": [1, 3, 5], "summary": {"covered_lines": 2, "num_statements": 2, "percent_covered": 100.0, "percent_covered_display": "100", "missing_lines": 0, "excluded_lines": 0}, "missing_lines": [], "excluded_lines": []}}, "classes": {"": {"executed_lines": [1, 3, 5], "summary": {"covered_lines": 2, "num_statements": 2, "percent_covered": 100.0, "percent_covered_display": "100", "missing_lines": 0, "excluded_lines": 0}, "missing_lines": [], "excluded_lines": []}}}, "valknut/api/mcp.py": {"executed_lines": [1, 5, 6, 7, 9, 11, 14, 15, 16, 19, 20, 21, 26, 27, 29, 30, 31, 34, 35, 37, 38, 39, 40, 41, 44, 45, 47, 50, 51, 53, 56, 57, 59, 60, 63, 64, 66, 69, 70, 72, 75, 76, 78, 81, 82, 84, 87, 88, 90, 91, 94, 95, 96, 99, 100, 102, 103, 108, 109, 111, 112, 113, 114, 117, 118, 120, 121, 122, 123, 126, 129, 284, 289, 294, 296, 299, 300, 301, 302, 303, 305, 306, 309, 310, 312, 313, 314, 316, 319], "summary": {"covered_lines": 72, "num_statements": 74, "percent_covered": 97.29729729729729, "percent_covered_display": "97", "missing_lines": 2, "excluded_lines": 0}, "missing_lines": [291, 321], "excluded_lines": [], "functions": {"get_mcp_manifest": {"executed_lines": [129, 284], "summary": {"covered_lines": 2, "num_statements": 2, "percent_covered": 100.0, "percent_covered_display": "100", "missing_lines": 0, "excluded_lines": 0}, "missing_lines": [], "excluded_lines": []}, "convert_brief_to_mcp": {"executed_lines": [], "summary": {"covered_lines": 0, "num_statements": 1, "percent_covered": 0.0, "percent_covered_display": "0", "missing_lines": 1, "excluded_lines": 0}, "missing_lines": [291], "excluded_lines": []}, "validate_mcp_request": {"executed_lines": [296, 299, 300, 301, 302, 303, 305, 306, 309, 310, 312, 313, 314, 316], "summary": {"covered_lines": 14, "num_statements": 14, "percent_covered": 100.0, "percent_covered_display": "100", "missing_lines": 0, "excluded_lines": 0}, "missing_lines": [], "excluded_lines": []}, "format_mcp_error": {"executed_lines": [], "summary": {"covered_lines": 0, "num_statements": 1, "percent_covered": 0.0, "percent_covered_display": "0", "missing_lines": 1, "excluded_lines": 0}, "missing_lines": [321], "excluded_lines": []}, "": {"executed_lines": [1, 5, 6, 7, 9, 11, 14, 15, 16, 19, 20, 21, 26, 27, 29, 30, 31, 34, 35, 37, 38, 39, 40, 41, 44, 45, 47, 50, 51, 53, 56, 57, 59, 60, 63, 64, 66, 69, 70, 72, 75, 76, 78, 81, 82, 84, 87, 88, 90, 91, 94, 95, 96, 99, 100, 102, 103, 108, 109, 111, 112, 113, 114, 117, 118, 120, 121, 122, 123, 126, 289, 294, 319], "summary": {"covered_lines": 56, "num_statements": 56, "percent_covered": 100.0, "percent_covered_display": "100", "missing_lines": 0, "excluded_lines": 0}, "missing_lines": [], "excluded_lines": []}}, "classes": {"MCPToolRequest": {"executed_lines": [], "summary": {"covered_lines": 0, "num_statements": 0, "percent_covered": 100.0, "percent_covered_display": "100", "missing_lines": 0, "excluded_lines": 0}, "missing_lines": [], "excluded_lines": []}, "MCPToolResponse": {"executed_lines": [], "summary": {"covered_lines": 0, "num_statements": 0, "percent_covered": 100.0, "percent_covered_display": "100", "missing_lines": 0, "excluded_lines": 0}, "missing_lines": [], "excluded_lines": []}, "AnalyzeRepoRequest": {"executed_lines": [], "summary": {"covered_lines": 0, "num_statements": 0, "percent_covered": 100.0, "percent_covered_display": "100", "missing_lines": 0, "excluded_lines": 0}, "missing_lines": [], "excluded_lines": []}, "AnalyzeRepoResponse": {"executed_lines": [], "summary": {"covered_lines": 0, "num_statements": 0, "percent_covered": 100.0, "percent_covered_display": "100", "missing_lines": 0, "excluded_lines": 0}, "missing_lines": [], "excluded_lines": []}, "GetTopKRequest": {"executed_lines": [], "summary": {"covered_lines": 0, "num_statements": 0, "percent_covered": 100.0, "percent_covered_display": "100", "missing_lines": 0, "excluded_lines": 0}, "missing_lines": [], "excluded_lines": []}, "GetTopKResponse": {"executed_lines": [], "summary": {"covered_lines": 0, "num_statements": 0, "percent_covered": 100.0, "percent_covered_display": "100", "missing_lines": 0, "excluded_lines": 0}, "missing_lines": [], "excluded_lines": []}, "GetItemRequest": {"executed_lines": [], "summary": {"covered_lines": 0, "num_statements": 0, "percent_covered": 100.0, "percent_covered_display": "100", "missing_lines": 0, "excluded_lines": 0}, "missing_lines": [], "excluded_lines": []}, "GetItemResponse": {"executed_lines": [], "summary": {"covered_lines": 0, "num_statements": 0, "percent_covered": 100.0, "percent_covered_display": "100", "missing_lines": 0, "excluded_lines": 0}, "missing_lines": [], "excluded_lines": []}, "GetImpactPacksRequest": {"executed_lines": [], "summary": {"covered_lines": 0, "num_statements": 0, "percent_covered": 100.0, "percent_covered_display": "100", "missing_lines": 0, "excluded_lines": 0}, "missing_lines": [], "excluded_lines": []}, "GetImpactPacksResponse": {"executed_lines": [], "summary": {"covered_lines": 0, "num_statements": 0, "percent_covered": 100.0, "percent_covered_display": "100", "missing_lines": 0, "excluded_lines": 0}, "missing_lines": [], "excluded_lines": []}, "SetWeightsRequest": {"executed_lines": [], "summary": {"covered_lines": 0, "num_statements": 0, "percent_covered": 100.0, "percent_covered_display": "100", "missing_lines": 0, "excluded_lines": 0}, "missing_lines": [], "excluded_lines": []}, "SetWeightsResponse": {"executed_lines": [], "summary": {"covered_lines": 0, "num_statements": 0, "percent_covered": 100.0, "percent_covered_display": "100", "missing_lines": 0, "excluded_lines": 0}, "missing_lines": [], "excluded_lines": []}, "PingRequest": {"executed_lines": [], "summary": {"covered_lines": 0, "num_statements": 0, "percent_covered": 100.0, "percent_covered_display": "100", "missing_lines": 0, "excluded_lines": 0}, "missing_lines": [], "excluded_lines": []}, "PingResponse": {"executed_lines": [], "summary": {"covered_lines": 0, "num_statements": 0, "percent_covered": 100.0, "percent_covered_display": "100", "missing_lines": 0, "excluded_lines": 0}, "missing_lines": [], "excluded_lines": []}, "MCPToolSchema": {"executed_lines": [], "summary": {"covered_lines": 0, "num_statements": 0, "percent_covered": 100.0, "percent_covered_display": "100", "missing_lines": 0, "excluded_lines": 0}, "missing_lines": [], "excluded_lines": []}, "MCPManifest": {"executed_lines": [], "summary": {"covered_lines": 0, "num_statements": 0, "percent_covered": 100.0, "percent_covered_display": "100", "missing_lines": 0, "excluded_lines": 0}, "missing_lines": [], "excluded_lines": []}, "": {"executed_lines": [1, 5, 6, 7, 9, 11, 14, 15, 16, 19, 20, 21, 26, 27, 29, 30, 31, 34, 35, 37, 38, 39, 40, 41, 44, 45, 47, 50, 51, 53, 56, 57, 59, 60, 63, 64, 66, 69, 70, 72, 75, 76, 78, 81, 82, 84, 87, 88, 90, 91, 94, 95, 96, 99, 100, 102, 103, 108, 109, 111, 112, 113, 114, 117, 118, 120, 121, 122, 123, 126, 129, 284, 289, 294, 296, 299, 300, 301, 302, 303, 305, 306, 309, 310, 312, 313, 314, 316, 319], "summary": {"covered_lines": 72, "num_statements": 74, "percent_covered": 97.29729729729729, "percent_covered_display": "97", "missing_lines": 2, "excluded_lines": 0}, "missing_lines": [291, 321], "excluded_lines": []}}}, "valknut/api/stdio_server.py": {"executed_lines": [], "summary": {"covered_lines": 0, "num_statements": 232, "percent_covered": 0.0, "percent_covered_display": "0", "missing_lines": 232, "excluded_lines": 0}, "missing_lines": [8, 9, 10, 11, 12, 13, 14, 16, 31, 32, 33, 36, 37, 40, 41, 44, 45, 46, 49, 52, 53, 54, 55, 56, 59, 62, 63, 64, 65, 66, 69, 72, 82, 89, 91, 93, 94, 95, 97, 98, 100, 102, 103, 104, 107, 108, 109, 110, 111, 114, 117, 119, 120, 121, 122, 123, 127, 128, 130, 132, 135, 136, 139, 141, 142, 146, 148, 149, 150, 154, 156, 157, 160, 161, 164, 167, 168, 169, 170, 171, 173, 176, 177, 178, 179, 180, 184, 186, 191, 193, 195, 199, 200, 202, 207, 209, 211, 212, 213, 214, 215, 216, 218, 221, 222, 223, 225, 226, 227, 229, 230, 231, 233, 235, 246, 248, 249, 251, 252, 258, 260, 262, 263, 264, 266, 267, 269, 271, 272, 273, 279, 280, 281, 283, 285, 287, 288, 290, 291, 292, 295, 298, 299, 300, 301, 304, 305, 308, 309, 310, 311, 312, 313, 315, 317, 318, 321, 322, 325, 326, 328, 336, 337, 338, 339, 340, 342, 344, 345, 347, 348, 350, 351, 354, 355, 357, 358, 364, 366, 368, 370, 371, 372, 373, 375, 376, 378, 379, 380, 383, 384, 385, 391, 393, 395, 397, 398, 400, 401, 403, 404, 407, 408, 409, 420, 422, 424, 426, 427, 429, 430, 431, 434, 435, 436, 438, 443, 445, 451, 453, 454, 457, 459, 462, 463, 464, 465, 466, 467, 468, 471, 472], "excluded_lines": [], "functions": {"JSONRPCError.__init__": {"executed_lines": [], "summary": {"covered_lines": 0, "num_statements": 4, "percent_covered": 0.0, "percent_covered_display": "0", "missing_lines": 4, "excluded_lines": 0}, "missing_lines": [53, 54, 55, 56], "excluded_lines": []}, "MCPStdioServer.__init__": {"executed_lines": [], "summary": {"covered_lines": 0, "num_statements": 7, "percent_covered": 0.0, "percent_covered_display": "0", "missing_lines": 7, "excluded_lines": 0}, "missing_lines": [63, 64, 65, 66, 69, 72, 82], "excluded_lines": []}, "MCPStdioServer.run": {"executed_lines": [], "summary": {"covered_lines": 0, "num_statements": 25, "percent_covered": 0.0, "percent_covered_display": "0", "missing_lines": 25, "excluded_lines": 0}, "missing_lines": [91, 93, 94, 95, 97, 98, 100, 102, 103, 104, 107, 108, 109, 110, 111, 114, 117, 119, 120, 121, 122, 123, 127, 128, 130], "excluded_lines": []}, "MCPStdioServer._handle_message": {"executed_lines": [], "summary": {"covered_lines": 0, "num_statements": 26, "percent_covered": 0.0, "percent_covered_display": "0", "missing_lines": 26, "excluded_lines": 0}, "missing_lines": [135, 136, 139, 141, 142, 146, 148, 149, 150, 154, 156, 157, 160, 161, 164, 167, 168, 169, 170, 171, 173, 176, 177, 178, 179, 180], "excluded_lines": []}, "MCPStdioServer._send_success_response": {"executed_lines": [], "summary": {"covered_lines": 0, "num_statements": 2, "percent_covered": 0.0, "percent_covered_display": "0", "missing_lines": 2, "excluded_lines": 0}, "missing_lines": [186, 191], "excluded_lines": []}, "MCPStdioServer._send_error_response": {"executed_lines": [], "summary": {"covered_lines": 0, "num_statements": 5, "percent_covered": 0.0, "percent_covered_display": "0", "missing_lines": 5, "excluded_lines": 0}, "missing_lines": [195, 199, 200, 202, 207], "excluded_lines": []}, "MCPStdioServer._send_message": {"executed_lines": [], "summary": {"covered_lines": 0, "num_statements": 6, "percent_covered": 0.0, "percent_covered_display": "0", "missing_lines": 6, "excluded_lines": 0}, "missing_lines": [211, 212, 213, 214, 215, 216], "excluded_lines": []}, "MCPStdioServer._initialize": {"executed_lines": [], "summary": {"covered_lines": 0, "num_statements": 11, "percent_covered": 0.0, "percent_covered_display": "0", "missing_lines": 11, "excluded_lines": 0}, "missing_lines": [221, 222, 223, 225, 226, 227, 229, 230, 231, 233, 235], "excluded_lines": []}, "MCPStdioServer._list_tools": {"executed_lines": [], "summary": {"covered_lines": 0, "num_statements": 5, "percent_covered": 0.0, "percent_covered_display": "0", "missing_lines": 5, "excluded_lines": 0}, "missing_lines": [248, 249, 251, 252, 258], "excluded_lines": []}, "MCPStdioServer._call_tool": {"executed_lines": [], "summary": {"covered_lines": 0, "num_statements": 12, "percent_covered": 0.0, "percent_covered_display": "0", "missing_lines": 12, "excluded_lines": 0}, "missing_lines": [262, 263, 264, 266, 267, 269, 271, 272, 273, 279, 280, 281], "excluded_lines": []}, "MCPStdioServer._analyze_repo": {"executed_lines": [], "summary": {"covered_lines": 0, "num_statements": 32, "percent_covered": 0.0, "percent_covered_display": "0", "missing_lines": 32, "excluded_lines": 0}, "missing_lines": [285, 287, 288, 290, 291, 292, 295, 298, 299, 300, 301, 304, 305, 308, 309, 310, 311, 312, 313, 315, 317, 318, 321, 322, 325, 326, 328, 336, 337, 338, 339, 340], "excluded_lines": []}, "MCPStdioServer._get_topk": {"executed_lines": [], "summary": {"covered_lines": 0, "num_statements": 12, "percent_covered": 0.0, "percent_covered_display": "0", "missing_lines": 12, "excluded_lines": 0}, "missing_lines": [344, 345, 347, 348, 350, 351, 354, 355, 357, 358, 364, 366], "excluded_lines": []}, "MCPStdioServer._get_item": {"executed_lines": [], "summary": {"covered_lines": 0, "num_statements": 14, "percent_covered": 0.0, "percent_covered_display": "0", "missing_lines": 14, "excluded_lines": 0}, "missing_lines": [370, 371, 372, 373, 375, 376, 378, 379, 380, 383, 384, 385, 391, 393], "excluded_lines": []}, "MCPStdioServer._get_impact_packs": {"executed_lines": [], "summary": {"covered_lines": 0, "num_statements": 11, "percent_covered": 0.0, "percent_covered_display": "0", "missing_lines": 11, "excluded_lines": 0}, "missing_lines": [397, 398, 400, 401, 403, 404, 407, 408, 409, 420, 422], "excluded_lines": []}, "MCPStdioServer._set_weights": {"executed_lines": [], "summary": {"covered_lines": 0, "num_statements": 9, "percent_covered": 0.0, "percent_covered_display": "0", "missing_lines": 9, "excluded_lines": 0}, "missing_lines": [426, 427, 429, 430, 431, 434, 435, 436, 438], "excluded_lines": []}, "MCPStdioServer._ping": {"executed_lines": [], "summary": {"covered_lines": 0, "num_statements": 1, "percent_covered": 0.0, "percent_covered_display": "0", "missing_lines": 1, "excluded_lines": 0}, "missing_lines": [445], "excluded_lines": []}, "run_stdio_server": {"executed_lines": [], "summary": {"covered_lines": 0, "num_statements": 2, "percent_covered": 0.0, "percent_covered_display": "0", "missing_lines": 2, "excluded_lines": 0}, "missing_lines": [453, 454], "excluded_lines": []}, "main": {"executed_lines": [], "summary": {"covered_lines": 0, "num_statements": 8, "percent_covered": 0.0, "percent_covered_display": "0", "missing_lines": 8, "excluded_lines": 0}, "missing_lines": [459, 462, 463, 464, 465, 466, 467, 468], "excluded_lines": []}, "": {"executed_lines": [], "summary": {"covered_lines": 0, "num_statements": 40, "percent_covered": 0.0, "percent_covered_display": "0", "missing_lines": 40, "excluded_lines": 0}, "missing_lines": [8, 9, 10, 11, 12, 13, 14, 16, 31, 32, 33, 36, 37, 40, 41, 44, 45, 46, 49, 52, 59, 62, 89, 132, 184, 193, 209, 218, 246, 260, 283, 342, 368, 395, 424, 443, 451, 457, 471, 472], "excluded_lines": []}}, "classes": {"JSONRPCError": {"executed_lines": [], "summary": {"covered_lines": 0, "num_statements": 4, "percent_covered": 0.0, "percent_covered_display": "0", "missing_lines": 4, "excluded_lines": 0}, "missing_lines": [53, 54, 55, 56], "excluded_lines": []}, "MCPStdioServer": {"executed_lines": [], "summary": {"covered_lines": 0, "num_statements": 178, "percent_covered": 0.0, "percent_covered_display": "0", "missing_lines": 178, "excluded_lines": 0}, "missing_lines": [63, 64, 65, 66, 69, 72, 82, 91, 93, 94, 95, 97, 98, 100, 102, 103, 104, 107, 108, 109, 110, 111, 114, 117, 119, 120, 121, 122, 123, 127, 128, 130, 135, 136, 139, 141, 142, 146, 148, 149, 150, 154, 156, 157, 160, 161, 164, 167, 168, 169, 170, 171, 173, 176, 177, 178, 179, 180, 186, 191, 195, 199, 200, 202, 207, 211, 212, 213, 214, 215, 216, 221, 222, 223, 225, 226, 227, 229, 230, 231, 233, 235, 248, 249, 251, 252, 258, 262, 263, 264, 266, 267, 269, 271, 272, 273, 279, 280, 281, 285, 287, 288, 290, 291, 292, 295, 298, 299, 300, 301, 304, 305, 308, 309, 310, 311, 312, 313, 315, 317, 318, 321, 322, 325, 326, 328, 336, 337, 338, 339, 340, 344, 345, 347, 348, 350, 351, 354, 355, 357, 358, 364, 366, 370, 371, 372, 373, 375, 376, 378, 379, 380, 383, 384, 385, 391, 393, 397, 398, 400, 401, 403, 404, 407, 408, 409, 420, 422, 426, 427, 429, 430, 431, 434, 435, 436, 438, 445], "excluded_lines": []}, "": {"executed_lines": [], "summary": {"covered_lines": 0, "num_statements": 50, "percent_covered": 0.0, "percent_covered_display": "0", "missing_lines": 50, "excluded_lines": 0}, "missing_lines": [8, 9, 10, 11, 12, 13, 14, 16, 31, 32, 33, 36, 37, 40, 41, 44, 45, 46, 49, 52, 59, 62, 89, 132, 184, 193, 209, 218, 246, 260, 283, 342, 368, 395, 424, 443, 451, 453, 454, 457, 459, 462, 463, 464, 465, 466, 467, 468, 471, 472], "excluded_lines": []}}}, "valknut/cli.py": {"executed_lines": [], "summary": {"covered_lines": 0, "num_statements": 641, "percent_covered": 0.0, "percent_covered_display": "0", "missing_lines": 641, "excluded_lines": 0}, "missing_lines": [5, 6, 7, 8, 9, 10, 12, 13, 14, 15, 24, 25, 26, 27, 28, 29, 31, 32, 33, 34, 40, 41, 42, 44, 45, 48, 50, 52, 59, 67, 69, 70, 71, 73, 74, 75, 76, 78, 81, 83, 92, 93, 94, 95, 100, 102, 103, 104, 106, 107, 108, 110, 111, 112, 114, 117, 119, 122, 125, 126, 129, 130, 131, 133, 134, 135, 137, 138, 139, 140, 141, 144, 145, 146, 148, 149, 151, 159, 161, 162, 167, 168, 170, 172, 173, 175, 178, 181, 184, 187, 188, 191, 192, 193, 194, 195, 196, 197, 200, 201, 202, 205, 206, 210, 211, 215, 216, 220, 221, 226, 231, 232, 235, 236, 237, 238, 239, 240, 241, 242, 245, 247, 286, 291, 292, 293, 299, 300, 301, 302, 303, 304, 305, 327, 330, 331, 336, 337, 338, 341, 342, 343, 344, 349, 350, 351, 352, 376, 378, 379, 382, 383, 384, 385, 386, 388, 389, 390, 393, 394, 396, 397, 398, 399, 400, 401, 402, 403, 404, 406, 407, 409, 410, 411, 414, 415, 417, 418, 419, 422, 423, 424, 426, 429, 430, 433, 434, 436, 438, 439, 441, 442, 443, 444, 445, 446, 447, 448, 451, 455, 456, 459, 462, 464, 465, 468, 469, 470, 488, 490, 493, 494, 495, 513, 515, 518, 519, 520, 521, 522, 533, 535, 537, 539, 541, 586, 587, 589, 592, 594, 597, 604, 607, 608, 611, 612, 613, 614, 617, 618, 619, 620, 622, 623, 624, 627, 630, 631, 634, 635, 636, 637, 638, 641, 642, 643, 644, 645, 646, 647, 648, 649, 652, 653, 654, 656, 657, 658, 659, 660, 661, 662, 663, 664, 665, 667, 670, 671, 672, 673, 674, 675, 676, 678, 679, 681, 684, 686, 687, 688, 691, 697, 698, 699, 700, 703, 704, 705, 706, 707, 710, 711, 714, 715, 716, 718, 723, 724, 726, 727, 728, 729, 731, 732, 733, 734, 735, 737, 739, 741, 744, 747, 748, 749, 752, 753, 755, 756, 757, 758, 759, 760, 761, 763, 764, 765, 766, 767, 770, 771, 773, 774, 775, 776, 777, 779, 780, 781, 782, 783, 785, 787, 790, 792, 793, 794, 797, 798, 799, 800, 801, 803, 804, 805, 806, 807, 810, 811, 812, 814, 815, 816, 817, 820, 821, 822, 823, 824, 827, 828, 829, 830, 831, 833, 834, 835, 836, 838, 840, 843, 845, 846, 847, 848, 849, 850, 851, 853, 854, 855, 858, 859, 860, 863, 864, 865, 867, 868, 870, 871, 874, 875, 877, 883, 884, 885, 886, 888, 890, 892, 899, 900, 901, 902, 904, 905, 908, 911, 912, 913, 914, 915, 916, 917, 918, 919, 921, 922, 923, 924, 925, 926, 928, 929, 930, 931, 932, 933, 935, 936, 937, 940, 941, 950, 951, 954, 955, 956, 958, 959, 960, 961, 962, 963, 964, 965, 966, 967, 968, 971, 972, 973, 974, 991, 992, 995, 996, 997, 998, 1000, 1001, 1003, 1004, 1005, 1006, 1009, 1010, 1011, 1012, 1014, 1015, 1016, 1017, 1019, 1021, 1022, 1023, 1029, 1030, 1031, 1034, 1035, 1037, 1038, 1039, 1040, 1042, 1045, 1046, 1047, 1048, 1062, 1063, 1065, 1066, 1069, 1070, 1071, 1073, 1074, 1075, 1076, 1077, 1079, 1080, 1083, 1084, 1087, 1088, 1089, 1091, 1092, 1093, 1094, 1095, 1096, 1098, 1101, 1102, 1103, 1104, 1105, 1107, 1108, 1109, 1111, 1114, 1115, 1116, 1117, 1118, 1119, 1120, 1121, 1122, 1125, 1126, 1128, 1129, 1131, 1132, 1134, 1135, 1137, 1138, 1140, 1141, 1143, 1144, 1146, 1147, 1148, 1149, 1150, 1151, 1152, 1153, 1154, 1155, 1156, 1159, 1160, 1161, 1162, 1165, 1167, 1168, 1170, 1173, 1174, 1177, 1178, 1179, 1181, 1184, 1185, 1187, 1189, 1190, 1192, 1193, 1194, 1197, 1198, 1208, 1209, 1211, 1213, 1214, 1215, 1217, 1218, 1221, 1222, 1224, 1225, 1226, 1227, 1228, 1231, 1246, 1254, 1255, 1256, 1257, 1258, 1261, 1262, 1263, 1265, 1268, 1269, 1270, 1271, 1272, 1274, 1275, 1276, 1277, 1280, 1281], "excluded_lines": [], "functions": {"_print_header": {"executed_lines": [], "summary": {"covered_lines": 0, "num_statements": 3, "percent_covered": 0.0, "percent_covered_display": "0", "missing_lines": 3, "excluded_lines": 0}, "missing_lines": [50, 52, 59], "excluded_lines": []}, "_display_config_summary": {"executed_lines": [], "summary": {"covered_lines": 0, "num_statements": 8, "percent_covered": 0.0, "percent_covered_display": "0", "missing_lines": 8, "excluded_lines": 0}, "missing_lines": [69, 70, 71, 73, 74, 75, 76, 78], "excluded_lines": []}, "_run_analysis_with_progress": {"executed_lines": [], "summary": {"covered_lines": 0, "num_statements": 18, "percent_covered": 0.0, "percent_covered_display": "0", "missing_lines": 18, "excluded_lines": 0}, "missing_lines": [83, 92, 93, 94, 95, 100, 102, 103, 104, 106, 107, 108, 110, 111, 112, 114, 117, 119], "excluded_lines": []}, "_display_analysis_results": {"executed_lines": [], "summary": {"covered_lines": 0, "num_statements": 19, "percent_covered": 0.0, "percent_covered_display": "0", "missing_lines": 19, "excluded_lines": 0}, "missing_lines": [125, 126, 129, 130, 131, 133, 134, 135, 137, 138, 139, 140, 141, 144, 145, 146, 148, 149, 151], "excluded_lines": []}, "_generate_outputs_with_feedback": {"executed_lines": [], "summary": {"covered_lines": 0, "num_statements": 8, "percent_covered": 0.0, "percent_covered_display": "0", "missing_lines": 8, "excluded_lines": 0}, "missing_lines": [161, 162, 167, 168, 170, 172, 173, 175], "excluded_lines": []}, "_display_completion_summary": {"executed_lines": [], "summary": {"covered_lines": 0, "num_statements": 33, "percent_covered": 0.0, "percent_covered_display": "0", "missing_lines": 33, "excluded_lines": 0}, "missing_lines": [181, 184, 187, 188, 191, 192, 193, 194, 195, 196, 197, 200, 201, 202, 205, 206, 210, 211, 215, 216, 220, 221, 226, 231, 232, 235, 236, 237, 238, 239, 240, 241, 242], "excluded_lines": []}, "get_survey_config": {"executed_lines": [], "summary": {"covered_lines": 0, "num_statements": 5, "percent_covered": 0.0, "percent_covered_display": "0", "missing_lines": 5, "excluded_lines": 0}, "missing_lines": [247, 286, 291, 292, 293], "excluded_lines": []}, "main": {"executed_lines": [], "summary": {"covered_lines": 0, "num_statements": 6, "percent_covered": 0.0, "percent_covered_display": "0", "missing_lines": 6, "excluded_lines": 0}, "missing_lines": [327, 330, 331, 336, 337, 338], "excluded_lines": []}, "analyze_command": {"executed_lines": [], "summary": {"covered_lines": 0, "num_statements": 51, "percent_covered": 0.0, "percent_covered_display": "0", "missing_lines": 51, "excluded_lines": 0}, "missing_lines": [376, 378, 379, 382, 383, 384, 385, 386, 388, 389, 390, 393, 394, 396, 397, 398, 399, 400, 401, 402, 403, 404, 406, 407, 409, 410, 411, 414, 415, 417, 418, 419, 422, 423, 424, 426, 429, 430, 433, 434, 436, 438, 439, 441, 442, 443, 444, 445, 446, 447, 448], "excluded_lines": []}, "_generate_outputs": {"executed_lines": [], "summary": {"covered_lines": 0, "num_statements": 46, "percent_covered": 0.0, "percent_covered_display": "0", "missing_lines": 46, "excluded_lines": 0}, "missing_lines": [455, 456, 459, 462, 464, 465, 468, 469, 470, 488, 490, 493, 494, 495, 513, 515, 518, 519, 520, 521, 522, 533, 535, 537, 539, 541, 586, 587, 589, 592, 594, 597, 604, 607, 608, 611, 612, 613, 614, 617, 618, 619, 620, 622, 623, 624], "excluded_lines": []}, "_generate_markdown_summary": {"executed_lines": [], "summary": {"covered_lines": 0, "num_statements": 74, "percent_covered": 0.0, "percent_covered_display": "0", "missing_lines": 74, "excluded_lines": 0}, "missing_lines": [630, 631, 634, 635, 636, 637, 638, 641, 642, 643, 644, 645, 646, 647, 648, 649, 652, 653, 654, 656, 657, 658, 659, 660, 661, 662, 663, 664, 665, 667, 670, 671, 672, 673, 674, 675, 676, 678, 679, 681, 684, 686, 687, 688, 691, 697, 698, 699, 700, 703, 704, 705, 706, 707, 710, 711, 714, 715, 716, 718, 723, 724, 726, 727, 728, 729, 731, 732, 733, 734, 735, 737, 739, 741], "excluded_lines": []}, "_generate_refactoring_guide": {"executed_lines": [], "summary": {"covered_lines": 0, "num_statements": 130, "percent_covered": 0.0, "percent_covered_display": "0", "missing_lines": 130, "excluded_lines": 0}, "missing_lines": [747, 748, 749, 752, 753, 755, 756, 757, 758, 759, 760, 761, 763, 764, 765, 766, 767, 770, 771, 773, 774, 775, 776, 777, 779, 780, 781, 782, 783, 785, 787, 790, 792, 793, 794, 797, 798, 799, 800, 801, 803, 804, 805, 806, 807, 810, 811, 812, 814, 815, 816, 817, 820, 821, 822, 823, 824, 827, 828, 829, 830, 831, 833, 834, 835, 836, 838, 840, 843, 845, 846, 847, 848, 849, 850, 851, 853, 854, 855, 858, 859, 860, 863, 864, 865, 867, 868, 870, 871, 874, 875, 877, 883, 884, 885, 886, 888, 890, 892, 899, 900, 901, 902, 904, 905, 908, 911, 912, 913, 914, 915, 916, 917, 918, 919, 921, 922, 923, 924, 925, 926, 928, 929, 930, 931, 932, 933, 935, 936, 937], "excluded_lines": []}, "print_default_config": {"executed_lines": [], "summary": {"covered_lines": 0, "num_statements": 16, "percent_covered": 0.0, "percent_covered_display": "0", "missing_lines": 16, "excluded_lines": 0}, "missing_lines": [950, 951, 954, 955, 956, 958, 959, 960, 961, 962, 963, 964, 965, 966, 967, 968], "excluded_lines": []}, "init_config": {"executed_lines": [], "summary": {"covered_lines": 0, "num_statements": 24, "percent_covered": 0.0, "percent_covered_display": "0", "missing_lines": 24, "excluded_lines": 0}, "missing_lines": [991, 992, 995, 996, 997, 998, 1000, 1001, 1003, 1004, 1005, 1006, 1009, 1010, 1011, 1012, 1014, 1015, 1016, 1017, 1019, 1021, 1022, 1023], "excluded_lines": []}, "mcp_manifest_command": {"executed_lines": [], "summary": {"covered_lines": 0, "num_statements": 7, "percent_covered": 0.0, "percent_covered_display": "0", "missing_lines": 7, "excluded_lines": 0}, "missing_lines": [1034, 1035, 1037, 1038, 1039, 1040, 1042], "excluded_lines": []}, "validate_config": {"executed_lines": [], "summary": {"covered_lines": 0, "num_statements": 69, "percent_covered": 0.0, "percent_covered_display": "0", "missing_lines": 69, "excluded_lines": 0}, "missing_lines": [1062, 1063, 1065, 1066, 1069, 1070, 1071, 1073, 1074, 1075, 1076, 1077, 1079, 1080, 1083, 1084, 1087, 1088, 1089, 1091, 1092, 1093, 1094, 1095, 1096, 1098, 1101, 1102, 1103, 1104, 1105, 1107, 1108, 1109, 1111, 1114, 1115, 1116, 1117, 1118, 1119, 1120, 1121, 1122, 1125, 1126, 1128, 1129, 1131, 1132, 1134, 1135, 1137, 1138, 1140, 1141, 1143, 1144, 1146, 1147, 1148, 1149, 1150, 1151, 1152, 1153, 1154, 1155, 1156], "excluded_lines": []}, "mcp_stdio_command": {"executed_lines": [], "summary": {"covered_lines": 0, "num_statements": 18, "percent_covered": 0.0, "percent_covered_display": "0", "missing_lines": 18, "excluded_lines": 0}, "missing_lines": [1165, 1167, 1168, 1170, 1173, 1174, 1177, 1178, 1179, 1181, 1184, 1185, 1187, 1189, 1190, 1192, 1193, 1194], "excluded_lines": []}, "list_languages": {"executed_lines": [], "summary": {"covered_lines": 0, "num_statements": 35, "percent_covered": 0.0, "percent_covered_display": "0", "missing_lines": 35, "excluded_lines": 0}, "missing_lines": [1208, 1209, 1211, 1213, 1214, 1215, 1217, 1218, 1221, 1222, 1224, 1225, 1226, 1227, 1228, 1231, 1246, 1254, 1255, 1256, 1257, 1258, 1261, 1262, 1263, 1265, 1268, 1269, 1270, 1271, 1272, 1274, 1275, 1276, 1277], "excluded_lines": []}, "": {"executed_lines": [], "summary": {"covered_lines": 0, "num_statements": 71, "percent_covered": 0.0, "percent_covered_display": "0", "missing_lines": 71, "excluded_lines": 0}, "missing_lines": [5, 6, 7, 8, 9, 10, 12, 13, 14, 15, 24, 25, 26, 27, 28, 29, 31, 32, 33, 34, 40, 41, 42, 44, 45, 48, 67, 81, 122, 159, 178, 245, 299, 300, 301, 302, 303, 304, 305, 341, 342, 343, 344, 349, 350, 351, 352, 451, 627, 744, 940, 941, 971, 972, 973, 974, 1029, 1030, 1031, 1045, 1046, 1047, 1048, 1159, 1160, 1161, 1162, 1197, 1198, 1280, 1281], "excluded_lines": []}}, "classes": {"": {"executed_lines": [], "summary": {"covered_lines": 0, "num_statements": 641, "percent_covered": 0.0, "percent_covered_display": "0", "missing_lines": 641, "excluded_lines": 0}, "missing_lines": [5, 6, 7, 8, 9, 10, 12, 13, 14, 15, 24, 25, 26, 27, 28, 29, 31, 32, 33, 34, 40, 41, 42, 44, 45, 48, 50, 52, 59, 67, 69, 70, 71, 73, 74, 75, 76, 78, 81, 83, 92, 93, 94, 95, 100, 102, 103, 104, 106, 107, 108, 110, 111, 112, 114, 117, 119, 122, 125, 126, 129, 130, 131, 133, 134, 135, 137, 138, 139, 140, 141, 144, 145, 146, 148, 149, 151, 159, 161, 162, 167, 168, 170, 172, 173, 175, 178, 181, 184, 187, 188, 191, 192, 193, 194, 195, 196, 197, 200, 201, 202, 205, 206, 210, 211, 215, 216, 220, 221, 226, 231, 232, 235, 236, 237, 238, 239, 240, 241, 242, 245, 247, 286, 291, 292, 293, 299, 300, 301, 302, 303, 304, 305, 327, 330, 331, 336, 337, 338, 341, 342, 343, 344, 349, 350, 351, 352, 376, 378, 379, 382, 383, 384, 385, 386, 388, 389, 390, 393, 394, 396, 397, 398, 399, 400, 401, 402, 403, 404, 406, 407, 409, 410, 411, 414, 415, 417, 418, 419, 422, 423, 424, 426, 429, 430, 433, 434, 436, 438, 439, 441, 442, 443, 444, 445, 446, 447, 448, 451, 455, 456, 459, 462, 464, 465, 468, 469, 470, 488, 490, 493, 494, 495, 513, 515, 518, 519, 520, 521, 522, 533, 535, 537, 539, 541, 586, 587, 589, 592, 594, 597, 604, 607, 608, 611, 612, 613, 614, 617, 618, 619, 620, 622, 623, 624, 627, 630, 631, 634, 635, 636, 637, 638, 641, 642, 643, 644, 645, 646, 647, 648, 649, 652, 653, 654, 656, 657, 658, 659, 660, 661, 662, 663, 664, 665, 667, 670, 671, 672, 673, 674, 675, 676, 678, 679, 681, 684, 686, 687, 688, 691, 697, 698, 699, 700, 703, 704, 705, 706, 707, 710, 711, 714, 715, 716, 718, 723, 724, 726, 727, 728, 729, 731, 732, 733, 734, 735, 737, 739, 741, 744, 747, 748, 749, 752, 753, 755, 756, 757, 758, 759, 760, 761, 763, 764, 765, 766, 767, 770, 771, 773, 774, 775, 776, 777, 779, 780, 781, 782, 783, 785, 787, 790, 792, 793, 794, 797, 798, 799, 800, 801, 803, 804, 805, 806, 807, 810, 811, 812, 814, 815, 816, 817, 820, 821, 822, 823, 824, 827, 828, 829, 830, 831, 833, 834, 835, 836, 838, 840, 843, 845, 846, 847, 848, 849, 850, 851, 853, 854, 855, 858, 859, 860, 863, 864, 865, 867, 868, 870, 871, 874, 875, 877, 883, 884, 885, 886, 888, 890, 892, 899, 900, 901, 902, 904, 905, 908, 911, 912, 913, 914, 915, 916, 917, 918, 919, 921, 922, 923, 924, 925, 926, 928, 929, 930, 931, 932, 933, 935, 936, 937, 940, 941, 950, 951, 954, 955, 956, 958, 959, 960, 961, 962, 963, 964, 965, 966, 967, 968, 971, 972, 973, 974, 991, 992, 995, 996, 997, 998, 1000, 1001, 1003, 1004, 1005, 1006, 1009, 1010, 1011, 1012, 1014, 1015, 1016, 1017, 1019, 1021, 1022, 1023, 1029, 1030, 1031, 1034, 1035, 1037, 1038, 1039, 1040, 1042, 1045, 1046, 1047, 1048, 1062, 1063, 1065, 1066, 1069, 1070, 1071, 1073, 1074, 1075, 1076, 1077, 1079, 1080, 1083, 1084, 1087, 1088, 1089, 1091, 1092, 1093, 1094, 1095, 1096, 1098, 1101, 1102, 1103, 1104, 1105, 1107, 1108, 1109, 1111, 1114, 1115, 1116, 1117, 1118, 1119, 1120, 1121, 1122, 1125, 1126, 1128, 1129, 1131, 1132, 1134, 1135, 1137, 1138, 1140, 1141, 1143, 1144, 1146, 1147, 1148, 1149, 1150, 1151, 1152, 1153, 1154, 1155, 1156, 1159, 1160, 1161, 1162, 1165, 1167, 1168, 1170, 1173, 1174, 1177, 1178, 1179, 1181, 1184, 1185, 1187, 1189, 1190, 1192, 1193, 1194, 1197, 1198, 1208, 1209, 1211, 1213, 1214, 1215, 1217, 1218, 1221, 1222, 1224, 1225, 1226, 1227, 1228, 1231, 1246, 1254, 1255, 1256, 1257, 1258, 1261, 1262, 1263, 1265, 1268, 1269, 1270, 1271, 1272, 1274, 1275, 1276, 1277, 1280, 1281], "excluded_lines": []}}}, "valknut/core/__init__.py": {"executed_lines": [1, 3, 4, 5, 8, 11, 12, 13, 18, 19, 20, 25, 26, 27, 32, 33, 34, 38, 40], "summary": {"covered_lines": 18, "num_statements": 26, "percent_covered": 69.23076923076923, "percent_covered_display": "69", "missing_lines": 8, "excluded_lines": 0}, "missing_lines": [14, 15, 21, 22, 28, 29, 35, 36], "excluded_lines": [], "functions": {"_initialize_adapters": {"executed_lines": [11, 12, 13, 18, 19, 20, 25, 26, 27, 32, 33, 34], "summary": {"covered_lines": 12, "num_statements": 20, "percent_covered": 60.0, "percent_covered_display": "60", "missing_lines": 8, "excluded_lines": 0}, "missing_lines": [14, 15, 21, 22, 28, 29, 35, 36], "excluded_lines": []}, "": {"executed_lines": [1, 3, 4, 5, 8, 38, 40], "summary": {"covered_lines": 6, "num_statements": 6, "percent_covered": 100.0, "percent_covered_display": "100", "missing_lines": 0, "excluded_lines": 0}, "missing_lines": [], "excluded_lines": []}}, "classes": {"": {"executed_lines": [1, 3, 4, 5, 8, 11, 12, 13, 18, 19, 20, 25, 26, 27, 32, 33, 34, 38, 40], "summary": {"covered_lines": 18, "num_statements": 26, "percent_covered": 69.23076923076923, "percent_covered_display": "69", "missing_lines": 8, "excluded_lines": 0}, "missing_lines": [14, 15, 21, 22, 28, 29, 35, 36], "excluded_lines": []}}}, "valknut/core/bayesian_normalization.py": {"executed_lines": [1, 8, 9, 10, 11, 12, 14, 16, 19, 20, 21, 22, 23, 24, 25, 28, 29, 30, 31, 34, 35, 38, 39, 40, 43, 44, 47, 48, 49, 52, 53, 55, 56, 57, 58, 59, 61, 63, 66, 74, 77, 90, 98, 99, 112, 117, 118, 131, 136, 137, 149, 151, 153, 158, 159, 160, 161, 162, 163, 166, 167, 170, 171, 174, 177, 180, 181, 184, 188, 198, 200, 202, 213, 215, 216, 219, 221, 222, 239, 249, 250, 253, 259, 268, 269, 273, 276, 281, 286, 297, 299, 301, 302, 310, 313, 314, 317, 318, 320, 322, 332, 334, 336, 337, 338, 339, 341, 350, 353, 358, 359, 360, 362, 364, 365, 366, 368, 369, 374, 375, 378, 379, 381, 383, 385, 386, 392, 394, 395, 397, 412, 413, 414, 416, 427, 440, 468, 478, 484, 486, 488, 489, 490, 500], "summary": {"covered_lines": 140, "num_statements": 211, "percent_covered": 66.35071090047393, "percent_covered_display": "66", "missing_lines": 71, "excluded_lines": 0}, "missing_lines": [154, 155, 168, 220, 223, 224, 227, 228, 229, 231, 234, 235, 237, 261, 262, 263, 264, 300, 303, 304, 305, 306, 308, 371, 372, 387, 388, 390, 399, 400, 402, 405, 406, 407, 409, 418, 419, 421, 423, 425, 429, 430, 432, 434, 436, 437, 438, 442, 443, 444, 447, 448, 450, 453, 454, 455, 456, 457, 458, 460, 463, 464, 466, 471, 472, 473, 475, 476, 480, 481, 482], "excluded_lines": [], "functions": {"BayesianNormalizer.__init__": {"executed_lines": [56, 57, 58, 59], "summary": {"covered_lines": 4, "num_statements": 4, "percent_covered": 100.0, "percent_covered_display": "100", "missing_lines": 0, "excluded_lines": 0}, "missing_lines": [], "excluded_lines": []}, "BayesianNormalizer._initialize_feature_priors": {"executed_lines": [63, 66, 74, 77, 90, 98, 99, 112, 117, 118, 131, 136, 137, 149], "summary": {"covered_lines": 14, "num_statements": 14, "percent_covered": 100.0, "percent_covered_display": "100", "missing_lines": 0, "excluded_lines": 0}, "missing_lines": [], "excluded_lines": []}, "BayesianNormalizer.fit": {"executed_lines": [153, 158, 159, 160, 161, 162, 163, 166, 167, 170, 171, 174, 177, 180, 181, 184, 188, 198], "summary": {"covered_lines": 18, "num_statements": 21, "percent_covered": 85.71428571428571, "percent_covered_display": "86", "missing_lines": 3, "excluded_lines": 0}, "missing_lines": [154, 155, 168], "excluded_lines": []}, "BayesianNormalizer._calculate_empirical_stats": {"executed_lines": [202], "summary": {"covered_lines": 1, "num_statements": 1, "percent_covered": 100.0, "percent_covered_display": "100", "missing_lines": 0, "excluded_lines": 0}, "missing_lines": [], "excluded_lines": []}, "BayesianNormalizer._assess_variance_confidence": {"executed_lines": [215, 216, 219, 221, 222], "summary": {"covered_lines": 5, "num_statements": 15, "percent_covered": 33.333333333333336, "percent_covered_display": "33", "missing_lines": 10, "excluded_lines": 0}, "missing_lines": [220, 223, 224, 227, 228, 229, 231, 234, 235, 237], "excluded_lines": []}, "BayesianNormalizer._calculate_posterior_stats": {"executed_lines": [249, 250, 253, 259, 268, 269, 273, 276, 281, 286], "summary": {"covered_lines": 10, "num_statements": 14, "percent_covered": 71.42857142857143, "percent_covered_display": "71", "missing_lines": 4, "excluded_lines": 0}, "missing_lines": [261, 262, 263, 264], "excluded_lines": []}, "BayesianNormalizer._calculate_prior_weight": {"executed_lines": [299, 301, 302], "summary": {"covered_lines": 3, "num_statements": 9, "percent_covered": 33.333333333333336, "percent_covered_display": "33", "missing_lines": 6, "excluded_lines": 0}, "missing_lines": [300, 303, 304, 305, 306, 308], "excluded_lines": []}, "BayesianNormalizer._prior_variance_estimate": {"executed_lines": [313, 314, 317, 318], "summary": {"covered_lines": 4, "num_statements": 4, "percent_covered": 100.0, "percent_covered_display": "100", "missing_lines": 0, "excluded_lines": 0}, "missing_lines": [], "excluded_lines": []}, "BayesianNormalizer._create_generic_prior": {"executed_lines": [322], "summary": {"covered_lines": 1, "num_statements": 1, "percent_covered": 100.0, "percent_covered_display": "100", "missing_lines": 0, "excluded_lines": 0}, "missing_lines": [], "excluded_lines": []}, "BayesianNormalizer._log_bayesian_diagnostics": {"executed_lines": [334, 336, 337, 338, 339, 341, 350, 353, 358, 359, 360], "summary": {"covered_lines": 11, "num_statements": 11, "percent_covered": 100.0, "percent_covered_display": "100", "missing_lines": 0, "excluded_lines": 0}, "missing_lines": [], "excluded_lines": []}, "BayesianNormalizer.normalize": {"executed_lines": [364, 365, 366, 368, 369, 374, 375, 378, 379, 381], "summary": {"covered_lines": 10, "num_statements": 12, "percent_covered": 83.33333333333333, "percent_covered_display": "83", "missing_lines": 2, "excluded_lines": 0}, "missing_lines": [371, 372], "excluded_lines": []}, "BayesianNormalizer._normalize_with_posterior": {"executed_lines": [385, 386], "summary": {"covered_lines": 2, "num_statements": 5, "percent_covered": 40.0, "percent_covered_display": "40", "missing_lines": 3, "excluded_lines": 0}, "missing_lines": [387, 388, 390], "excluded_lines": []}, "BayesianNormalizer._normalize_robust_bayesian": {"executed_lines": [394, 395, 397, 412, 413, 414], "summary": {"covered_lines": 6, "num_statements": 13, "percent_covered": 46.15384615384615, "percent_covered_display": "46", "missing_lines": 7, "excluded_lines": 0}, "missing_lines": [399, 400, 402, 405, 406, 407, 409], "excluded_lines": []}, "BayesianNormalizer._normalize_minmax_bayesian": {"executed_lines": [], "summary": {"covered_lines": 0, "num_statements": 5, "percent_covered": 0.0, "percent_covered_display": "0", "missing_lines": 5, "excluded_lines": 0}, "missing_lines": [418, 419, 421, 423, 425], "excluded_lines": []}, "BayesianNormalizer._normalize_zscore_bayesian": {"executed_lines": [], "summary": {"covered_lines": 0, "num_statements": 7, "percent_covered": 0.0, "percent_covered_display": "0", "missing_lines": 7, "excluded_lines": 0}, "missing_lines": [429, 430, 432, 434, 436, 437, 438], "excluded_lines": []}, "BayesianNormalizer._confidence_weighted_fallback": {"executed_lines": [], "summary": {"covered_lines": 0, "num_statements": 16, "percent_covered": 0.0, "percent_covered_display": "0", "missing_lines": 16, "excluded_lines": 0}, "missing_lines": [442, 443, 444, 447, 448, 450, 453, 454, 455, 456, 457, 458, 460, 463, 464, 466], "excluded_lines": []}, "BayesianNormalizer._normalize_with_prior_only": {"executed_lines": [], "summary": {"covered_lines": 0, "num_statements": 5, "percent_covered": 0.0, "percent_covered_display": "0", "missing_lines": 5, "excluded_lines": 0}, "missing_lines": [471, 472, 473, 475, 476], "excluded_lines": []}, "BayesianNormalizer._value_to_unit_interval": {"executed_lines": [], "summary": {"covered_lines": 0, "num_statements": 3, "percent_covered": 0.0, "percent_covered_display": "0", "missing_lines": 3, "excluded_lines": 0}, "missing_lines": [480, 481, 482], "excluded_lines": []}, "BayesianNormalizer.get_feature_diagnostics": {"executed_lines": [486, 488, 489, 490, 500], "summary": {"covered_lines": 5, "num_statements": 5, "percent_covered": 100.0, "percent_covered_display": "100", "missing_lines": 0, "excluded_lines": 0}, "missing_lines": [], "excluded_lines": []}, "": {"executed_lines": [1, 8, 9, 10, 11, 12, 14, 16, 19, 20, 21, 22, 23, 24, 25, 28, 29, 30, 31, 34, 35, 38, 39, 40, 43, 44, 47, 48, 49, 52, 53, 55, 61, 151, 200, 213, 239, 297, 310, 320, 332, 362, 383, 392, 416, 427, 440, 468, 478, 484], "summary": {"covered_lines": 46, "num_statements": 46, "percent_covered": 100.0, "percent_covered_display": "100", "missing_lines": 0, "excluded_lines": 0}, "missing_lines": [], "excluded_lines": []}}, "classes": {"VarianceConfidence": {"executed_lines": [], "summary": {"covered_lines": 0, "num_statements": 0, "percent_covered": 100.0, "percent_covered_display": "100", "missing_lines": 0, "excluded_lines": 0}, "missing_lines": [], "excluded_lines": []}, "FeaturePrior": {"executed_lines": [], "summary": {"covered_lines": 0, "num_statements": 0, "percent_covered": 100.0, "percent_covered_display": "100", "missing_lines": 0, "excluded_lines": 0}, "missing_lines": [], "excluded_lines": []}, "BayesianNormalizer": {"executed_lines": [56, 57, 58, 59, 63, 66, 74, 77, 90, 98, 99, 112, 117, 118, 131, 136, 137, 149, 153, 158, 159, 160, 161, 162, 163, 166, 167, 170, 171, 174, 177, 180, 181, 184, 188, 198, 202, 215, 216, 219, 221, 222, 249, 250, 253, 259, 268, 269, 273, 276, 281, 286, 299, 301, 302, 313, 314, 317, 318, 322, 334, 336, 337, 338, 339, 341, 350, 353, 358, 359, 360, 364, 365, 366, 368, 369, 374, 375, 378, 379, 381, 385, 386, 394, 395, 397, 412, 413, 414, 486, 488, 489, 490, 500], "summary": {"covered_lines": 94, "num_statements": 165, "percent_covered": 56.96969696969697, "percent_covered_display": "57", "missing_lines": 71, "excluded_lines": 0}, "missing_lines": [154, 155, 168, 220, 223, 224, 227, 228, 229, 231, 234, 235, 237, 261, 262, 263, 264, 300, 303, 304, 305, 306, 308, 371, 372, 387, 388, 390, 399, 400, 402, 405, 406, 407, 409, 418, 419, 421, 423, 425, 429, 430, 432, 434, 436, 437, 438, 442, 443, 444, 447, 448, 450, 453, 454, 455, 456, 457, 458, 460, 463, 464, 466, 471, 472, 473, 475, 476, 480, 481, 482], "excluded_lines": []}, "": {"executed_lines": [1, 8, 9, 10, 11, 12, 14, 16, 19, 20, 21, 22, 23, 24, 25, 28, 29, 30, 31, 34, 35, 38, 39, 40, 43, 44, 47, 48, 49, 52, 53, 55, 61, 151, 200, 213, 239, 297, 310, 320, 332, 362, 383, 392, 416, 427, 440, 468, 478, 484], "summary": {"covered_lines": 46, "num_statements": 46, "percent_covered": 100.0, "percent_covered_display": "100", "missing_lines": 0, "excluded_lines": 0}, "missing_lines": [], "excluded_lines": []}}}, "valknut/core/briefs.py": {"executed_lines": [1, 5, 6, 7, 9, 10, 11, 12, 14, 17, 18, 19, 21, 22, 23, 26, 27, 28, 30, 31, 32, 33, 34, 37, 38, 39, 41, 42, 43, 44, 45, 46, 49, 50, 53, 54, 55, 56, 57, 60, 61, 63, 114, 115, 117, 121, 181, 201, 232, 261, 294, 358, 371, 405, 437, 454], "summary": {"covered_lines": 51, "num_statements": 257, "percent_covered": 19.844357976653697, "percent_covered_display": "20", "missing_lines": 206, "excluded_lines": 0}, "missing_lines": [65, 76, 77, 83, 85, 86, 87, 88, 89, 90, 91, 92, 93, 94, 95, 96, 98, 99, 101, 102, 105, 106, 108, 109, 111, 118, 119, 140, 151, 152, 155, 158, 161, 164, 165, 168, 171, 174, 177, 179, 183, 185, 186, 187, 189, 190, 192, 193, 195, 197, 199, 203, 206, 207, 208, 209, 210, 213, 214, 219, 222, 223, 224, 225, 226, 227, 228, 230, 234, 236, 238, 239, 241, 242, 244, 245, 247, 248, 250, 251, 252, 253, 254, 256, 257, 259, 263, 266, 267, 270, 271, 273, 274, 276, 277, 280, 281, 282, 284, 285, 286, 289, 290, 292, 296, 299, 300, 301, 303, 306, 307, 308, 309, 315, 316, 317, 318, 319, 321, 322, 323, 324, 326, 329, 330, 331, 332, 333, 335, 336, 337, 338, 340, 343, 344, 345, 346, 347, 349, 350, 351, 352, 354, 356, 362, 363, 364, 369, 373, 376, 377, 380, 381, 384, 385, 388, 389, 392, 393, 396, 397, 400, 401, 403, 407, 410, 411, 412, 415, 416, 419, 420, 421, 424, 425, 426, 429, 435, 439, 441, 442, 443, 450, 452, 456, 459, 460, 462, 463, 465, 466, 468, 469, 472, 475, 477, 478, 479, 480, 481, 482, 483, 484, 485, 486, 488], "excluded_lines": [], "functions": {"RefactorBrief.to_dict": {"executed_lines": [], "summary": {"covered_lines": 0, "num_statements": 25, "percent_covered": 0.0, "percent_covered_display": "0", "missing_lines": 25, "excluded_lines": 0}, "missing_lines": [65, 76, 77, 83, 85, 86, 87, 88, 89, 90, 91, 92, 93, 94, 95, 96, 98, 99, 101, 102, 105, 106, 108, 109, 111], "excluded_lines": []}, "BriefGenerator.__init__": {"executed_lines": [], "summary": {"covered_lines": 0, "num_statements": 2, "percent_covered": 0.0, "percent_covered_display": "0", "missing_lines": 2, "excluded_lines": 0}, "missing_lines": [118, 119], "excluded_lines": []}, "BriefGenerator.generate_brief": {"executed_lines": [], "summary": {"covered_lines": 0, "num_statements": 13, "percent_covered": 0.0, "percent_covered_display": "0", "missing_lines": 13, "excluded_lines": 0}, "missing_lines": [140, 151, 152, 155, 158, 161, 164, 165, 168, 171, 174, 177, 179], "excluded_lines": []}, "BriefGenerator._extract_signatures": {"executed_lines": [], "summary": {"covered_lines": 0, "num_statements": 11, "percent_covered": 0.0, "percent_covered_display": "0", "missing_lines": 11, "excluded_lines": 0}, "missing_lines": [183, 185, 186, 187, 189, 190, 192, 193, 195, 197, 199], "excluded_lines": []}, "BriefGenerator._build_dependency_slice": {"executed_lines": [], "summary": {"covered_lines": 0, "num_statements": 17, "percent_covered": 0.0, "percent_covered_display": "0", "missing_lines": 17, "excluded_lines": 0}, "missing_lines": [203, 206, 207, 208, 209, 210, 213, 214, 219, 222, 223, 224, 225, 226, 227, 228, 230], "excluded_lines": []}, "BriefGenerator._get_callees_with_depth": {"executed_lines": [], "summary": {"covered_lines": 0, "num_statements": 18, "percent_covered": 0.0, "percent_covered_display": "0", "missing_lines": 18, "excluded_lines": 0}, "missing_lines": [234, 236, 238, 239, 241, 242, 244, 245, 247, 248, 250, 251, 252, 253, 254, 256, 257, 259], "excluded_lines": []}, "BriefGenerator._extract_invariants": {"executed_lines": [], "summary": {"covered_lines": 0, "num_statements": 18, "percent_covered": 0.0, "percent_covered_display": "0", "missing_lines": 18, "excluded_lines": 0}, "missing_lines": [263, 266, 267, 270, 271, 273, 274, 276, 277, 280, 281, 282, 284, 285, 286, 289, 290, 292], "excluded_lines": []}, "BriefGenerator._analyze_findings": {"executed_lines": [], "summary": {"covered_lines": 0, "num_statements": 40, "percent_covered": 0.0, "percent_covered_display": "0", "missing_lines": 40, "excluded_lines": 0}, "missing_lines": [296, 299, 300, 301, 303, 306, 307, 308, 309, 315, 316, 317, 318, 319, 321, 322, 323, 324, 326, 329, 330, 331, 332, 333, 335, 336, 337, 338, 340, 343, 344, 345, 346, 347, 349, 350, 351, 352, 354, 356], "excluded_lines": []}, "BriefGenerator._get_clone_details": {"executed_lines": [], "summary": {"covered_lines": 0, "num_statements": 4, "percent_covered": 0.0, "percent_covered_display": "0", "missing_lines": 4, "excluded_lines": 0}, "missing_lines": [362, 363, 364, 369], "excluded_lines": []}, "BriefGenerator._suggest_refactors": {"executed_lines": [], "summary": {"covered_lines": 0, "num_statements": 16, "percent_covered": 0.0, "percent_covered_display": "0", "missing_lines": 16, "excluded_lines": 0}, "missing_lines": [373, 376, 377, 380, 381, 384, 385, 388, 389, 392, 393, 396, 397, 400, 401, 403], "excluded_lines": []}, "BriefGenerator._generate_safety_checklist": {"executed_lines": [], "summary": {"covered_lines": 0, "num_statements": 14, "percent_covered": 0.0, "percent_covered_display": "0", "missing_lines": 14, "excluded_lines": 0}, "missing_lines": [407, 410, 411, 412, 415, 416, 419, 420, 421, 424, 425, 426, 429, 435], "excluded_lines": []}, "BriefGenerator._get_top_features": {"executed_lines": [], "summary": {"covered_lines": 0, "num_statements": 6, "percent_covered": 0.0, "percent_covered_display": "0", "missing_lines": 6, "excluded_lines": 0}, "missing_lines": [439, 441, 442, 443, 450, 452], "excluded_lines": []}, "BriefGenerator._generate_summary": {"executed_lines": [], "summary": {"covered_lines": 0, "num_statements": 22, "percent_covered": 0.0, "percent_covered_display": "0", "missing_lines": 22, "excluded_lines": 0}, "missing_lines": [456, 459, 460, 462, 463, 465, 466, 468, 469, 472, 475, 477, 478, 479, 480, 481, 482, 483, 484, 485, 486, 488], "excluded_lines": []}, "": {"executed_lines": [1, 5, 6, 7, 9, 10, 11, 12, 14, 17, 18, 19, 21, 22, 23, 26, 27, 28, 30, 31, 32, 33, 34, 37, 38, 39, 41, 42, 43, 44, 45, 46, 49, 50, 53, 54, 55, 56, 57, 60, 61, 63, 114, 115, 117, 121, 181, 201, 232, 261, 294, 358, 371, 405, 437, 454], "summary": {"covered_lines": 51, "num_statements": 51, "percent_covered": 100.0, "percent_covered_display": "100", "missing_lines": 0, "excluded_lines": 0}, "missing_lines": [], "excluded_lines": []}}, "classes": {"DependencySlice": {"executed_lines": [], "summary": {"covered_lines": 0, "num_statements": 0, "percent_covered": 100.0, "percent_covered_display": "100", "missing_lines": 0, "excluded_lines": 0}, "missing_lines": [], "excluded_lines": []}, "FindingInfo": {"executed_lines": [], "summary": {"covered_lines": 0, "num_statements": 0, "percent_covered": 100.0, "percent_covered_display": "100", "missing_lines": 0, "excluded_lines": 0}, "missing_lines": [], "excluded_lines": []}, "RefactorBrief": {"executed_lines": [], "summary": {"covered_lines": 0, "num_statements": 25, "percent_covered": 0.0, "percent_covered_display": "0", "missing_lines": 25, "excluded_lines": 0}, "missing_lines": [65, 76, 77, 83, 85, 86, 87, 88, 89, 90, 91, 92, 93, 94, 95, 96, 98, 99, 101, 102, 105, 106, 108, 109, 111], "excluded_lines": []}, "BriefGenerator": {"executed_lines": [], "summary": {"covered_lines": 0, "num_statements": 181, "percent_covered": 0.0, "percent_covered_display": "0", "missing_lines": 181, "excluded_lines": 0}, "missing_lines": [118, 119, 140, 151, 152, 155, 158, 161, 164, 165, 168, 171, 174, 177, 179, 183, 185, 186, 187, 189, 190, 192, 193, 195, 197, 199, 203, 206, 207, 208, 209, 210, 213, 214, 219, 222, 223, 224, 225, 226, 227, 228, 230, 234, 236, 238, 239, 241, 242, 244, 245, 247, 248, 250, 251, 252, 253, 254, 256, 257, 259, 263, 266, 267, 270, 271, 273, 274, 276, 277, 280, 281, 282, 284, 285, 286, 289, 290, 292, 296, 299, 300, 301, 303, 306, 307, 308, 309, 315, 316, 317, 318, 319, 321, 322, 323, 324, 326, 329, 330, 331, 332, 333, 335, 336, 337, 338, 340, 343, 344, 345, 346, 347, 349, 350, 351, 352, 354, 356, 362, 363, 364, 369, 373, 376, 377, 380, 381, 384, 385, 388, 389, 392, 393, 396, 397, 400, 401, 403, 407, 410, 411, 412, 415, 416, 419, 420, 421, 424, 425, 426, 429, 435, 439, 441, 442, 443, 450, 452, 456, 459, 460, 462, 463, 465, 466, 468, 469, 472, 475, 477, 478, 479, 480, 481, 482, 483, 484, 485, 486, 488], "excluded_lines": []}, "": {"executed_lines": [1, 5, 6, 7, 9, 10, 11, 12, 14, 17, 18, 19, 21, 22, 23, 26, 27, 28, 30, 31, 32, 33, 34, 37, 38, 39, 41, 42, 43, 44, 45, 46, 49, 50, 53, 54, 55, 56, 57, 60, 61, 63, 114, 115, 117, 121, 181, 201, 232, 261, 294, 358, 371, 405, 437, 454], "summary": {"covered_lines": 51, "num_statements": 51, "percent_covered": 100.0, "percent_covered_display": "100", "missing_lines": 0, "excluded_lines": 0}, "missing_lines": [], "excluded_lines": []}}}, "valknut/core/config.py": {"executed_lines": [1, 5, 6, 8, 9, 11, 14, 15, 17, 18, 19, 59, 60, 62, 63, 64, 65, 66, 67, 69, 70, 72, 80, 82, 85, 86, 88, 89, 90, 93, 94, 96, 97, 98, 104, 105, 107, 108, 111, 112, 114, 115, 121, 122, 124, 128, 132, 136, 142, 143, 145, 148, 149, 151, 152, 153, 156, 157, 158, 159, 162, 163, 166, 167, 170, 171, 173, 174, 175, 176, 177, 178, 181, 182, 184, 185, 190, 191, 194, 195, 197, 198, 199, 200, 202, 203, 205, 207, 210, 211, 213, 214, 218, 222, 223, 224, 225, 226, 227, 228, 229, 230, 233, 234, 237, 241, 246, 247, 248, 258, 259, 261, 263, 266, 296, 319, 321], "summary": {"covered_lines": 103, "num_statements": 129, "percent_covered": 79.84496124031008, "percent_covered_display": "80", "missing_lines": 26, "excluded_lines": 0}, "missing_lines": [81, 206, 250, 253, 254, 255, 256, 262, 279, 280, 281, 282, 284, 285, 287, 288, 290, 292, 293, 304, 305, 306, 308, 309, 315, 316], "excluded_lines": [], "functions": {"WeightsConfig.validate_weights": {"executed_lines": [72, 80, 82], "summary": {"covered_lines": 3, "num_statements": 4, "percent_covered": 75.0, "percent_covered_display": "75", "missing_lines": 1, "excluded_lines": 0}, "missing_lines": [81], "excluded_lines": []}, "ServerConfig.validate_auth": {"executed_lines": [205, 207], "summary": {"covered_lines": 2, "num_statements": 3, "percent_covered": 66.66666666666667, "percent_covered_display": "67", "missing_lines": 1, "excluded_lines": 0}, "missing_lines": [206], "excluded_lines": []}, "RefactorRankConfig.validate_languages": {"executed_lines": [], "summary": {"covered_lines": 0, "num_statements": 5, "percent_covered": 0.0, "percent_covered_display": "0", "missing_lines": 5, "excluded_lines": 0}, "missing_lines": [250, 253, 254, 255, 256], "excluded_lines": []}, "RefactorRankConfig.validate_config": {"executed_lines": [261, 263], "summary": {"covered_lines": 2, "num_statements": 3, "percent_covered": 66.66666666666667, "percent_covered_display": "67", "missing_lines": 1, "excluded_lines": 0}, "missing_lines": [262], "excluded_lines": []}, "load_config": {"executed_lines": [], "summary": {"covered_lines": 0, "num_statements": 11, "percent_covered": 0.0, "percent_covered_display": "0", "missing_lines": 11, "excluded_lines": 0}, "missing_lines": [279, 280, 281, 282, 284, 285, 287, 288, 290, 292, 293], "excluded_lines": []}, "save_config": {"executed_lines": [], "summary": {"covered_lines": 0, "num_statements": 7, "percent_covered": 0.0, "percent_covered_display": "0", "missing_lines": 7, "excluded_lines": 0}, "missing_lines": [304, 305, 306, 308, 309, 315, 316], "excluded_lines": []}, "get_default_config": {"executed_lines": [321], "summary": {"covered_lines": 1, "num_statements": 1, "percent_covered": 100.0, "percent_covered_display": "100", "missing_lines": 0, "excluded_lines": 0}, "missing_lines": [], "excluded_lines": []}, "": {"executed_lines": [1, 5, 6, 8, 9, 11, 14, 15, 17, 18, 19, 59, 60, 62, 63, 64, 65, 66, 67, 69, 70, 85, 86, 88, 89, 90, 93, 94, 96, 97, 98, 104, 105, 107, 108, 111, 112, 114, 115, 121, 122, 124, 128, 132, 136, 142, 143, 145, 148, 149, 151, 152, 153, 156, 157, 158, 159, 162, 163, 166, 167, 170, 171, 173, 174, 175, 176, 177, 178, 181, 182, 184, 185, 190, 191, 194, 195, 197, 198, 199, 200, 202, 203, 210, 211, 213, 214, 218, 222, 223, 224, 225, 226, 227, 228, 229, 230, 233, 234, 237, 241, 246, 247, 248, 258, 259, 266, 296, 319], "summary": {"covered_lines": 95, "num_statements": 95, "percent_covered": 100.0, "percent_covered_display": "100", "missing_lines": 0, "excluded_lines": 0}, "missing_lines": [], "excluded_lines": []}}, "classes": {"RootConfig": {"executed_lines": [], "summary": {"covered_lines": 0, "num_statements": 0, "percent_covered": 100.0, "percent_covered_display": "100", "missing_lines": 0, "excluded_lines": 0}, "missing_lines": [], "excluded_lines": []}, "WeightsConfig": {"executed_lines": [72, 80, 82], "summary": {"covered_lines": 3, "num_statements": 4, "percent_covered": 75.0, "percent_covered_display": "75", "missing_lines": 1, "excluded_lines": 0}, "missing_lines": [81], "excluded_lines": []}, "EchoConfig": {"executed_lines": [], "summary": {"covered_lines": 0, "num_statements": 0, "percent_covered": 100.0, "percent_covered_display": "100", "missing_lines": 0, "excluded_lines": 0}, "missing_lines": [], "excluded_lines": []}, "SemgrepConfig": {"executed_lines": [], "summary": {"covered_lines": 0, "num_statements": 0, "percent_covered": 100.0, "percent_covered_display": "100", "missing_lines": 0, "excluded_lines": 0}, "missing_lines": [], "excluded_lines": []}, "DetectorsConfig": {"executed_lines": [], "summary": {"covered_lines": 0, "num_statements": 0, "percent_covered": 100.0, "percent_covered_display": "100", "missing_lines": 0, "excluded_lines": 0}, "missing_lines": [], "excluded_lines": []}, "RankingConfig": {"executed_lines": [], "summary": {"covered_lines": 0, "num_statements": 0, "percent_covered": 100.0, "percent_covered_display": "100", "missing_lines": 0, "excluded_lines": 0}, "missing_lines": [], "excluded_lines": []}, "NormalizationConfig": {"executed_lines": [], "summary": {"covered_lines": 0, "num_statements": 0, "percent_covered": 100.0, "percent_covered_display": "100", "missing_lines": 0, "excluded_lines": 0}, "missing_lines": [], "excluded_lines": []}, "CloneConfig": {"executed_lines": [], "summary": {"covered_lines": 0, "num_statements": 0, "percent_covered": 100.0, "percent_covered_display": "100", "missing_lines": 0, "excluded_lines": 0}, "missing_lines": [], "excluded_lines": []}, "StructureConfig": {"executed_lines": [], "summary": {"covered_lines": 0, "num_statements": 0, "percent_covered": 100.0, "percent_covered_display": "100", "missing_lines": 0, "excluded_lines": 0}, "missing_lines": [], "excluded_lines": []}, "ImpactPacksConfig": {"executed_lines": [], "summary": {"covered_lines": 0, "num_statements": 0, "percent_covered": 100.0, "percent_covered_display": "100", "missing_lines": 0, "excluded_lines": 0}, "missing_lines": [], "excluded_lines": []}, "BriefsConfig": {"executed_lines": [], "summary": {"covered_lines": 0, "num_statements": 0, "percent_covered": 100.0, "percent_covered_display": "100", "missing_lines": 0, "excluded_lines": 0}, "missing_lines": [], "excluded_lines": []}, "ServerConfig": {"executed_lines": [205, 207], "summary": {"covered_lines": 2, "num_statements": 3, "percent_covered": 66.66666666666667, "percent_covered_display": "67", "missing_lines": 1, "excluded_lines": 0}, "missing_lines": [206], "excluded_lines": []}, "RefactorRankConfig": {"executed_lines": [261, 263], "summary": {"covered_lines": 2, "num_statements": 8, "percent_covered": 25.0, "percent_covered_display": "25", "missing_lines": 6, "excluded_lines": 0}, "missing_lines": [250, 253, 254, 255, 256, 262], "excluded_lines": []}, "": {"executed_lines": [1, 5, 6, 8, 9, 11, 14, 15, 17, 18, 19, 59, 60, 62, 63, 64, 65, 66, 67, 69, 70, 85, 86, 88, 89, 90, 93, 94, 96, 97, 98, 104, 105, 107, 108, 111, 112, 114, 115, 121, 122, 124, 128, 132, 136, 142, 143, 145, 148, 149, 151, 152, 153, 156, 157, 158, 159, 162, 163, 166, 167, 170, 171, 173, 174, 175, 176, 177, 178, 181, 182, 184, 185, 190, 191, 194, 195, 197, 198, 199, 200, 202, 203, 210, 211, 213, 214, 218, 222, 223, 224, 225, 226, 227, 228, 229, 230, 233, 234, 237, 241, 246, 247, 248, 258, 259, 266, 296, 319, 321], "summary": {"covered_lines": 96, "num_statements": 114, "percent_covered": 84.21052631578948, "percent_covered_display": "84", "missing_lines": 18, "excluded_lines": 0}, "missing_lines": [279, 280, 281, 282, 284, 285, 287, 288, 290, 292, 293, 304, 305, 306, 308, 309, 315, 316], "excluded_lines": []}}}, "valknut/core/errors.py": {"executed_lines": [1, 5, 8, 9, 11, 17, 18, 19, 22, 23, 25, 30, 31, 33, 40, 41, 43, 49, 50, 51, 54, 55, 56, 59, 60, 61], "summary": {"covered_lines": 17, "num_statements": 29, "percent_covered": 58.62068965517241, "percent_covered_display": "59", "missing_lines": 12, "excluded_lines": 0}, "missing_lines": [12, 13, 14, 26, 27, 34, 35, 36, 37, 44, 45, 46], "excluded_lines": [], "functions": {"RefactorRankError.__init__": {"executed_lines": [], "summary": {"covered_lines": 0, "num_statements": 3, "percent_covered": 0.0, "percent_covered_display": "0", "missing_lines": 3, "excluded_lines": 0}, "missing_lines": [12, 13, 14], "excluded_lines": []}, "ParseError.__init__": {"executed_lines": [], "summary": {"covered_lines": 0, "num_statements": 2, "percent_covered": 0.0, "percent_covered_display": "0", "missing_lines": 2, "excluded_lines": 0}, "missing_lines": [26, 27], "excluded_lines": []}, "LanguageNotSupportedError.__init__": {"executed_lines": [], "summary": {"covered_lines": 0, "num_statements": 4, "percent_covered": 0.0, "percent_covered_display": "0", "missing_lines": 4, "excluded_lines": 0}, "missing_lines": [34, 35, 36, 37], "excluded_lines": []}, "FeatureExtractionError.__init__": {"executed_lines": [], "summary": {"covered_lines": 0, "num_statements": 3, "percent_covered": 0.0, "percent_covered_display": "0", "missing_lines": 3, "excluded_lines": 0}, "missing_lines": [44, 45, 46], "excluded_lines": []}, "": {"executed_lines": [1, 5, 8, 9, 11, 17, 18, 19, 22, 23, 25, 30, 31, 33, 40, 41, 43, 49, 50, 51, 54, 55, 56, 59, 60, 61], "summary": {"covered_lines": 17, "num_statements": 17, "percent_covered": 100.0, "percent_covered_display": "100", "missing_lines": 0, "excluded_lines": 0}, "missing_lines": [], "excluded_lines": []}}, "classes": {"RefactorRankError": {"executed_lines": [], "summary": {"covered_lines": 0, "num_statements": 3, "percent_covered": 0.0, "percent_covered_display": "0", "missing_lines": 3, "excluded_lines": 0}, "missing_lines": [12, 13, 14], "excluded_lines": []}, "ConfigurationError": {"executed_lines": [], "summary": {"covered_lines": 0, "num_statements": 0, "percent_covered": 100.0, "percent_covered_display": "100", "missing_lines": 0, "excluded_lines": 0}, "missing_lines": [], "excluded_lines": []}, "ParseError": {"executed_lines": [], "summary": {"covered_lines": 0, "num_statements": 2, "percent_covered": 0.0, "percent_covered_display": "0", "missing_lines": 2, "excluded_lines": 0}, "missing_lines": [26, 27], "excluded_lines": []}, "LanguageNotSupportedError": {"executed_lines": [], "summary": {"covered_lines": 0, "num_statements": 4, "percent_covered": 0.0, "percent_covered_display": "0", "missing_lines": 4, "excluded_lines": 0}, "missing_lines": [34, 35, 36, 37], "excluded_lines": []}, "FeatureExtractionError": {"executed_lines": [], "summary": {"covered_lines": 0, "num_statements": 3, "percent_covered": 0.0, "percent_covered_display": "0", "missing_lines": 3, "excluded_lines": 0}, "missing_lines": [44, 45, 46], "excluded_lines": []}, "CacheError": {"executed_lines": [], "summary": {"covered_lines": 0, "num_statements": 0, "percent_covered": 100.0, "percent_covered_display": "100", "missing_lines": 0, "excluded_lines": 0}, "missing_lines": [], "excluded_lines": []}, "ServerError": {"executed_lines": [], "summary": {"covered_lines": 0, "num_statements": 0, "percent_covered": 100.0, "percent_covered_display": "100", "missing_lines": 0, "excluded_lines": 0}, "missing_lines": [], "excluded_lines": []}, "MCPError": {"executed_lines": [], "summary": {"covered_lines": 0, "num_statements": 0, "percent_covered": 100.0, "percent_covered_display": "100", "missing_lines": 0, "excluded_lines": 0}, "missing_lines": [], "excluded_lines": []}, "": {"executed_lines": [1, 5, 8, 9, 11, 17, 18, 19, 22, 23, 25, 30, 31, 33, 40, 41, 43, 49, 50, 51, 54, 55, 56, 59, 60, 61], "summary": {"covered_lines": 17, "num_statements": 17, "percent_covered": 100.0, "percent_covered_display": "100", "missing_lines": 0, "excluded_lines": 0}, "missing_lines": [], "excluded_lines": []}}}, "valknut/core/featureset.py": {"executed_lines": [1, 5, 6, 7, 9, 12, 13, 14, 16, 17, 18, 19, 20, 21, 22, 25, 26, 28, 29, 33, 34, 38, 51, 56, 57, 59, 60, 61, 63, 64, 68, 69, 70, 74, 75, 77, 79, 83, 94, 104, 105, 109, 113, 132, 133, 140, 141, 142, 144, 145, 146, 147, 148, 150, 156, 163, 167, 171, 177, 182, 183, 185, 186, 187, 189, 191, 194, 195, 197, 201, 205, 212, 219, 236, 238, 239, 246, 247, 248, 249, 250, 253, 254, 260, 264], "summary": {"covered_lines": 79, "num_statements": 109, "percent_covered": 72.4770642201835, "percent_covered_display": "72", "missing_lines": 30, "excluded_lines": 15}, "missing_lines": [81, 111, 134, 136, 137, 152, 153, 154, 158, 159, 161, 165, 169, 173, 174, 175, 179, 199, 203, 207, 208, 209, 210, 214, 215, 216, 217, 240, 256, 258], "excluded_lines": [31, 32, 36, 37, 49, 50, 53, 54, 55, 66, 67, 72, 73, 107, 108], "functions": {"FeatureExtractor.name": {"executed_lines": [], "summary": {"covered_lines": 0, "num_statements": 0, "percent_covered": 100.0, "percent_covered_display": "100", "missing_lines": 0, "excluded_lines": 1}, "missing_lines": [], "excluded_lines": [31]}, "FeatureExtractor.features": {"executed_lines": [], "summary": {"covered_lines": 0, "num_statements": 0, "percent_covered": 100.0, "percent_covered_display": "100", "missing_lines": 0, "excluded_lines": 1}, "missing_lines": [], "excluded_lines": [36]}, "FeatureExtractor.extract": {"executed_lines": [], "summary": {"covered_lines": 0, "num_statements": 0, "percent_covered": 100.0, "percent_covered_display": "100", "missing_lines": 0, "excluded_lines": 1}, "missing_lines": [], "excluded_lines": [49]}, "FeatureExtractor.supports_entity": {"executed_lines": [], "summary": {"covered_lines": 0, "num_statements": 0, "percent_covered": 100.0, "percent_covered_display": "100", "missing_lines": 0, "excluded_lines": 1}, "missing_lines": [], "excluded_lines": [53]}, "BaseFeatureExtractor.__init__": {"executed_lines": [60, 61], "summary": {"covered_lines": 2, "num_statements": 2, "percent_covered": 100.0, "percent_covered_display": "100", "missing_lines": 0, "excluded_lines": 0}, "missing_lines": [], "excluded_lines": []}, "BaseFeatureExtractor._initialize_features": {"executed_lines": [], "summary": {"covered_lines": 0, "num_statements": 0, "percent_covered": 100.0, "percent_covered_display": "100", "missing_lines": 0, "excluded_lines": 1}, "missing_lines": [], "excluded_lines": [66]}, "BaseFeatureExtractor.name": {"executed_lines": [], "summary": {"covered_lines": 0, "num_statements": 0, "percent_covered": 100.0, "percent_covered_display": "100", "missing_lines": 0, "excluded_lines": 1}, "missing_lines": [], "excluded_lines": [72]}, "BaseFeatureExtractor.features": {"executed_lines": [77], "summary": {"covered_lines": 1, "num_statements": 1, "percent_covered": 100.0, "percent_covered_display": "100", "missing_lines": 0, "excluded_lines": 0}, "missing_lines": [], "excluded_lines": []}, "BaseFeatureExtractor.get_feature_definition": {"executed_lines": [], "summary": {"covered_lines": 0, "num_statements": 1, "percent_covered": 0.0, "percent_covered_display": "0", "missing_lines": 1, "excluded_lines": 0}, "missing_lines": [81], "excluded_lines": []}, "BaseFeatureExtractor._add_feature": {"executed_lines": [94], "summary": {"covered_lines": 1, "num_statements": 1, "percent_covered": 100.0, "percent_covered_display": "100", "missing_lines": 0, "excluded_lines": 0}, "missing_lines": [], "excluded_lines": []}, "BaseFeatureExtractor.extract": {"executed_lines": [], "summary": {"covered_lines": 0, "num_statements": 0, "percent_covered": 100.0, "percent_covered_display": "100", "missing_lines": 0, "excluded_lines": 1}, "missing_lines": [], "excluded_lines": [107]}, "BaseFeatureExtractor.supports_entity": {"executed_lines": [], "summary": {"covered_lines": 0, "num_statements": 1, "percent_covered": 0.0, "percent_covered_display": "0", "missing_lines": 1, "excluded_lines": 0}, "missing_lines": [111], "excluded_lines": []}, "BaseFeatureExtractor._safe_extract": {"executed_lines": [132, 133], "summary": {"covered_lines": 2, "num_statements": 5, "percent_covered": 40.0, "percent_covered_display": "40", "missing_lines": 3, "excluded_lines": 0}, "missing_lines": [134, 136, 137], "excluded_lines": []}, "FeatureVector.get_feature": {"executed_lines": [], "summary": {"covered_lines": 0, "num_statements": 3, "percent_covered": 0.0, "percent_covered_display": "0", "missing_lines": 3, "excluded_lines": 0}, "missing_lines": [152, 153, 154], "excluded_lines": []}, "FeatureVector.set_feature": {"executed_lines": [], "summary": {"covered_lines": 0, "num_statements": 3, "percent_covered": 0.0, "percent_covered_display": "0", "missing_lines": 3, "excluded_lines": 0}, "missing_lines": [158, 159, 161], "excluded_lines": []}, "FeatureVector.get_all_features": {"executed_lines": [], "summary": {"covered_lines": 0, "num_statements": 1, "percent_covered": 0.0, "percent_covered_display": "0", "missing_lines": 1, "excluded_lines": 0}, "missing_lines": [165], "excluded_lines": []}, "FeatureVector.add_refactoring_suggestion": {"executed_lines": [], "summary": {"covered_lines": 0, "num_statements": 1, "percent_covered": 0.0, "percent_covered_display": "0", "missing_lines": 1, "excluded_lines": 0}, "missing_lines": [169], "excluded_lines": []}, "FeatureVector.get_refactoring_suggestions": {"executed_lines": [], "summary": {"covered_lines": 0, "num_statements": 3, "percent_covered": 0.0, "percent_covered_display": "0", "missing_lines": 3, "excluded_lines": 0}, "missing_lines": [173, 174, 175], "excluded_lines": []}, "FeatureVector.has_high_priority_refactoring": {"executed_lines": [], "summary": {"covered_lines": 0, "num_statements": 1, "percent_covered": 0.0, "percent_covered_display": "0", "missing_lines": 1, "excluded_lines": 0}, "missing_lines": [179], "excluded_lines": []}, "FeatureExtractorRegistry.__init__": {"executed_lines": [186, 187], "summary": {"covered_lines": 2, "num_statements": 2, "percent_covered": 100.0, "percent_covered_display": "100", "missing_lines": 0, "excluded_lines": 0}, "missing_lines": [], "excluded_lines": []}, "FeatureExtractorRegistry.register": {"executed_lines": [191, 194, 195], "summary": {"covered_lines": 3, "num_statements": 3, "percent_covered": 100.0, "percent_covered_display": "100", "missing_lines": 0, "excluded_lines": 0}, "missing_lines": [], "excluded_lines": []}, "FeatureExtractorRegistry.get_extractor": {"executed_lines": [], "summary": {"covered_lines": 0, "num_statements": 1, "percent_covered": 0.0, "percent_covered_display": "0", "missing_lines": 1, "excluded_lines": 0}, "missing_lines": [199], "excluded_lines": []}, "FeatureExtractorRegistry.get_extractors": {"executed_lines": [], "summary": {"covered_lines": 0, "num_statements": 1, "percent_covered": 0.0, "percent_covered_display": "0", "missing_lines": 1, "excluded_lines": 0}, "missing_lines": [203], "excluded_lines": []}, "FeatureExtractorRegistry.get_extractor_for_feature": {"executed_lines": [], "summary": {"covered_lines": 0, "num_statements": 4, "percent_covered": 0.0, "percent_covered_display": "0", "missing_lines": 4, "excluded_lines": 0}, "missing_lines": [207, 208, 209, 210], "excluded_lines": []}, "FeatureExtractorRegistry.get_all_features": {"executed_lines": [], "summary": {"covered_lines": 0, "num_statements": 4, "percent_covered": 0.0, "percent_covered_display": "0", "missing_lines": 4, "excluded_lines": 0}, "missing_lines": [214, 215, 216, 217], "excluded_lines": []}, "FeatureExtractorRegistry.extract_all_features": {"executed_lines": [236, 238, 239, 246, 247, 248, 249, 250, 253, 254, 260], "summary": {"covered_lines": 11, "num_statements": 14, "percent_covered": 78.57142857142857, "percent_covered_display": "79", "missing_lines": 3, "excluded_lines": 0}, "missing_lines": [240, 256, 258], "excluded_lines": []}, "": {"executed_lines": [1, 5, 6, 7, 9, 12, 13, 14, 16, 17, 18, 19, 20, 21, 22, 25, 26, 28, 29, 33, 34, 38, 51, 56, 57, 59, 63, 64, 68, 69, 70, 74, 75, 79, 83, 104, 105, 109, 113, 140, 141, 142, 144, 145, 146, 147, 148, 150, 156, 163, 167, 171, 177, 182, 183, 185, 189, 197, 201, 205, 212, 219, 264], "summary": {"covered_lines": 57, "num_statements": 57, "percent_covered": 100.0, "percent_covered_display": "100", "missing_lines": 0, "excluded_lines": 8}, "missing_lines": [], "excluded_lines": [32, 37, 50, 54, 55, 67, 73, 108]}}, "classes": {"FeatureDefinition": {"executed_lines": [], "summary": {"covered_lines": 0, "num_statements": 0, "percent_covered": 100.0, "percent_covered_display": "100", "missing_lines": 0, "excluded_lines": 0}, "missing_lines": [], "excluded_lines": []}, "FeatureExtractor": {"executed_lines": [], "summary": {"covered_lines": 0, "num_statements": 0, "percent_covered": 100.0, "percent_covered_display": "100", "missing_lines": 0, "excluded_lines": 4}, "missing_lines": [], "excluded_lines": [31, 36, 49, 53]}, "BaseFeatureExtractor": {"executed_lines": [60, 61, 77, 94, 132, 133], "summary": {"covered_lines": 6, "num_statements": 11, "percent_covered": 54.54545454545455, "percent_covered_display": "55", "missing_lines": 5, "excluded_lines": 3}, "missing_lines": [81, 111, 134, 136, 137], "excluded_lines": [66, 72, 107]}, "FeatureVector": {"executed_lines": [], "summary": {"covered_lines": 0, "num_statements": 12, "percent_covered": 0.0, "percent_covered_display": "0", "missing_lines": 12, "excluded_lines": 0}, "missing_lines": [152, 153, 154, 158, 159, 161, 165, 169, 173, 174, 175, 179], "excluded_lines": []}, "FeatureExtractorRegistry": {"executed_lines": [186, 187, 191, 194, 195, 236, 238, 239, 246, 247, 248, 249, 250, 253, 254, 260], "summary": {"covered_lines": 16, "num_statements": 29, "percent_covered": 55.172413793103445, "percent_covered_display": "55", "missing_lines": 13, "excluded_lines": 0}, "missing_lines": [199, 203, 207, 208, 209, 210, 214, 215, 216, 217, 240, 256, 258], "excluded_lines": []}, "": {"executed_lines": [1, 5, 6, 7, 9, 12, 13, 14, 16, 17, 18, 19, 20, 21, 22, 25, 26, 28, 29, 33, 34, 38, 51, 56, 57, 59, 63, 64, 68, 69, 70, 74, 75, 79, 83, 104, 105, 109, 113, 140, 141, 142, 144, 145, 146, 147, 148, 150, 156, 163, 167, 171, 177, 182, 183, 185, 189, 197, 201, 205, 212, 219, 264], "summary": {"covered_lines": 57, "num_statements": 57, "percent_covered": 100.0, "percent_covered_display": "100", "missing_lines": 0, "excluded_lines": 8}, "missing_lines": [], "excluded_lines": [32, 37, 50, 54, 55, 67, 73, 108]}}}, "valknut/core/impact_packs.py": {"executed_lines": [1, 9, 10, 11, 12, 13, 14, 16, 18, 19, 20, 22, 25, 26, 27, 28, 29, 30, 31, 34, 35, 36, 37, 38, 41, 42, 43, 44, 45, 46, 49, 50, 51, 52, 53, 54, 57, 58, 59, 60, 61, 62, 65, 66, 67, 68, 69, 70, 71, 72, 73, 76, 77, 78, 79, 80, 81, 82, 85, 86, 87, 88, 89, 90, 91, 92, 93, 94, 95, 96, 99, 100, 101, 102, 103, 104, 105, 106, 107, 108, 109, 112, 113, 114, 115, 116, 117, 118, 119, 120, 121, 122, 125, 126, 127, 128, 129, 130, 131, 132, 133, 134, 135, 137, 143, 144, 145, 146, 147, 148, 149, 150, 151, 152, 153, 154, 155, 158, 161, 162, 164, 165, 166, 167, 169, 194, 216, 234, 296, 318, 340, 345, 377, 410, 432, 458, 459, 461, 462, 464, 471, 473, 474, 484, 526, 562, 574, 588, 604, 626, 642, 658, 672, 673, 675, 676, 677, 679, 686, 687, 695, 698, 699, 701, 702, 703, 708, 710, 749, 757, 770, 771, 773, 774, 775, 776, 778, 785, 788, 789, 795, 797, 801, 803, 805, 812, 815, 816, 817, 820, 821, 824, 826, 828, 835, 836, 839, 840, 841, 843, 844, 846, 849, 850, 853, 854, 856, 857, 860, 861, 864, 865, 867, 869, 878, 879, 880, 881, 882, 884, 891, 892, 894, 896, 897, 898, 899, 903, 915, 926, 976, 993, 995, 998, 999, 1002, 1004, 1006, 1010, 1011, 1014, 1017, 1019, 1024, 1028, 1030, 1031, 1033, 1034, 1040, 1041, 1044, 1045, 1046, 1049, 1050, 1052, 1054, 1061, 1062, 1065, 1066, 1069, 1079, 1087, 1090, 1092, 1094, 1106, 1108, 1111, 1112, 1113, 1115, 1118, 1121, 1125, 1126, 1128, 1130, 1132, 1139, 1141, 1142, 1144, 1150, 1151, 1156, 1159, 1160, 1162, 1180, 1181, 1182, 1183, 1184, 1185, 1186, 1187, 1188, 1191, 1192, 1193, 1198, 1203, 1204, 1208, 1214, 1223, 1226, 1231, 1232, 1233, 1236, 1237, 1238, 1241, 1242, 1243, 1244, 1245, 1248, 1249, 1250, 1255, 1266, 1277, 1283, 1286, 1287, 1290, 1292, 1294, 1296, 1307, 1308, 1309, 1310, 1311, 1312, 1314, 1318, 1319, 1321, 1322, 1324, 1326, 1330, 1331, 1338, 1339, 1340, 1347, 1349, 1351, 1352, 1353, 1356, 1357, 1360, 1362, 1364, 1366, 1368, 1370, 1372, 1374, 1376, 1377, 1378, 1382, 1384, 1386, 1388, 1390, 1392, 1394, 1398, 1400, 1403, 1404, 1406, 1407, 1410, 1411, 1412, 1414, 1416, 1418, 1420, 1422, 1425, 1427, 1429, 1430, 1431, 1434], "summary": {"covered_lines": 379, "num_statements": 668, "percent_covered": 56.73652694610779, "percent_covered_display": "57", "missing_lines": 289, "excluded_lines": 0}, "missing_lines": [139, 140, 176, 177, 180, 183, 186, 187, 188, 189, 190, 192, 201, 203, 204, 205, 207, 208, 212, 214, 218, 220, 221, 222, 224, 225, 226, 227, 229, 230, 232, 241, 242, 245, 246, 247, 253, 256, 257, 260, 261, 264, 274, 277, 280, 281, 283, 285, 298, 299, 301, 302, 304, 306, 312, 313, 314, 316, 323, 326, 328, 334, 336, 338, 343, 348, 351, 352, 353, 354, 355, 356, 357, 358, 359, 362, 369, 371, 384, 385, 386, 387, 388, 389, 392, 394, 400, 401, 403, 408, 417, 421, 422, 423, 425, 426, 428, 430, 438, 441, 442, 444, 445, 450, 455, 476, 477, 478, 479, 480, 482, 492, 493, 496, 499, 501, 502, 505, 508, 511, 512, 514, 516, 528, 529, 531, 532, 534, 535, 538, 539, 541, 543, 544, 545, 547, 550, 551, 554, 555, 556, 558, 560, 564, 565, 566, 567, 568, 569, 570, 576, 578, 579, 582, 583, 584, 585, 586, 590, 593, 594, 595, 598, 599, 600, 602, 612, 615, 618, 620, 628, 631, 632, 633, 635, 637, 644, 645, 647, 648, 653, 654, 656, 660, 662, 664, 669, 689, 704, 705, 706, 719, 720, 723, 728, 734, 735, 737, 739, 751, 764, 786, 790, 791, 792, 798, 837, 887, 888, 900, 901, 904, 905, 908, 912, 913, 933, 934, 937, 940, 941, 944, 945, 946, 949, 950, 953, 954, 955, 958, 959, 962, 965, 966, 967, 970, 971, 972, 974, 978, 980, 981, 982, 983, 984, 985, 986, 987, 988, 989, 991, 1003, 1005, 1007, 1015, 1025, 1047, 1116, 1119, 1122, 1152, 1195, 1227, 1228, 1256, 1264, 1267, 1275, 1279, 1280, 1315, 1316, 1342, 1343, 1345, 1369, 1371, 1373, 1380, 1387, 1389, 1391, 1396, 1401, 1421, 1423, 1424, 1426, 1432], "excluded_lines": [], "functions": {"UncoveredSegment.get_summary_line": {"executed_lines": [], "summary": {"covered_lines": 0, "num_statements": 2, "percent_covered": 0.0, "percent_covered_display": "0", "missing_lines": 2, "excluded_lines": 0}, "missing_lines": [139, 140], "excluded_lines": []}, "CloneConsolidator.__init__": {"executed_lines": [165, 166, 167], "summary": {"covered_lines": 3, "num_statements": 3, "percent_covered": 100.0, "percent_covered_display": "100", "missing_lines": 0, "excluded_lines": 0}, "missing_lines": [], "excluded_lines": []}, "CloneConsolidator.build_clonepacks": {"executed_lines": [], "summary": {"covered_lines": 0, "num_statements": 10, "percent_covered": 0.0, "percent_covered_display": "0", "missing_lines": 10, "excluded_lines": 0}, "missing_lines": [176, 177, 180, 183, 186, 187, 188, 189, 190, 192], "excluded_lines": []}, "CloneConsolidator._group_clones_by_entity": {"executed_lines": [], "summary": {"covered_lines": 0, "num_statements": 8, "percent_covered": 0.0, "percent_covered_display": "0", "missing_lines": 8, "excluded_lines": 0}, "missing_lines": [201, 203, 204, 205, 207, 208, 212, 214], "excluded_lines": []}, "CloneConsolidator._filter_clone_sets": {"executed_lines": [], "s
[...]
[], "summary": {"covered_lines": 0, "num_statements": 6, "percent_covered": 0.0, "percent_covered_display": "0", "missing_lines": 6, "excluded_lines": 0}, "missing_lines": [380, 382, 383, 384, 385, 387], "excluded_lines": []}, "ExceptionAnalyzer._get_exception_type": {"executed_lines": [], "summary": {"covered_lines": 0, "num_statements": 5, "percent_covered": 0.0, "percent_covered_display": "0", "missing_lines": 5, "excluded_lines": 0}, "missing_lines": [391, 392, 393, 394, 395], "excluded_lines": []}, "CohesionAnalyzer.__init__": {"executed_lines": [], "summary": {"covered_lines": 0, "num_statements": 4, "percent_covered": 0.0, "percent_covered_display": "0", "missing_lines": 4, "excluded_lines": 0}, "missing_lines": [402, 403, 404, 405], "excluded_lines": []}, "CohesionAnalyzer.visit_ClassDef": {"executed_lines": [], "summary": {"covered_lines": 0, "num_statements": 8, "percent_covered": 0.0, "percent_covered_display": "0", "missing_lines": 8, "excluded_lines": 0}, "missing_lines": [409, 410, 411, 412, 413, 414, 415, 417], "excluded_lines": []}, "CohesionAnalyzer.visit_FunctionDef": {"executed_lines": [], "summary": {"covered_lines": 0, "num_statements": 4, "percent_covered": 0.0, "percent_covered_display": "0", "missing_lines": 4, "excluded_lines": 0}, "missing_lines": [421, 422, 423, 424], "excluded_lines": []}, "CohesionAnalyzer.visit_Attribute": {"executed_lines": [], "summary": {"covered_lines": 0, "num_statements": 3, "percent_covered": 0.0, "percent_covered_display": "0", "missing_lines": 3, "excluded_lines": 0}, "missing_lines": [428, 431, 433], "excluded_lines": []}, "register_python_adapter": {"executed_lines": [439, 440], "summary": {"covered_lines": 2, "num_statements": 2, "percent_covered": 100.0, "percent_covered_display": "100", "missing_lines": 0, "excluded_lines": 0}, "missing_lines": [], "excluded_lines": []}, "": {"executed_lines": [1, 5, 6, 7, 8, 9, 11, 13, 22, 25, 26, 28, 29, 32, 33, 36, 37, 40, 41, 44, 51, 67, 76, 87, 112, 140, 150, 181, 213, 248, 278, 322, 323, 325, 331, 351, 362, 371, 372, 374, 378, 389, 398, 399, 401, 407, 419, 426, 437], "summary": {"covered_lines": 44, "num_statements": 44, "percent_covered": 100.0, "percent_covered_display": "100", "missing_lines": 0, "excluded_lines": 0}, "missing_lines": [], "excluded_lines": []}}, "classes": {"PythonAdapter": {"executed_lines": [30, 34, 38, 42, 54, 62, 70, 71, 72, 78, 81, 82, 83, 85, 89, 90, 92, 93, 99, 105, 115, 116, 118, 119, 120, 121, 123, 125, 126, 135, 136, 138, 215, 218, 221, 222, 223, 224, 226, 227, 228, 230, 231, 232, 234], "summary": {"covered_lines": 45, "num_statements": 149, "percent_covered": 30.201342281879196, "percent_covered_display": "30", "missing_lines": 104, "excluded_lines": 0}, "missing_lines": [46, 48, 49, 74, 95, 96, 97, 98, 101, 102, 103, 104, 107, 108, 109, 110, 127, 128, 129, 130, 131, 132, 133, 142, 143, 145, 152, 153, 156, 157, 158, 160, 162, 164, 165, 171, 173, 174, 175, 176, 177, 179, 183, 186, 187, 188, 191, 196, 198, 199, 204, 205, 206, 207, 208, 209, 211, 216, 240, 241, 242, 250, 251, 253, 255, 256, 257, 258, 260, 261, 263, 264, 266, 271, 272, 273, 280, 281, 283, 284, 286, 287, 288, 289, 291, 292, 293, 295, 296, 299, 300, 302, 303, 304, 305, 306, 307, 308, 310, 312, 314, 316, 317, 318], "excluded_lines": []}, "TypeAnalyzer": {"executed_lines": [326, 327, 328, 329, 333, 336, 337, 338, 342, 343, 344, 345, 346, 349, 354, 360, 364, 365], "summary": {"covered_lines": 18, "num_statements": 24, "percent_covered": 75.0, "percent_covered_display": "75", "missing_lines": 6, "excluded_lines": 0}, "missing_lines": [339, 347, 358, 366, 367, 368], "excluded_lines": []}, "ExceptionAnalyzer": {"executed_lines": [], "summary": {"covered_lines": 0, "num_statements": 13, "percent_covered": 0.0, "percent_covered_display": "0", "missing_lines": 13, "excluded_lines": 0}, "missing_lines": [375, 376, 380, 382, 383, 384, 385, 387, 391, 392, 393, 394, 395], "excluded_lines": []}, "CohesionAnalyzer": {"executed_lines": [], "summary": {"covered_lines": 0, "num_statements": 19, "percent_covered": 0.0, "percent_covered_display": "0", "missing_lines": 19, "excluded_lines": 0}, "missing_lines": [402, 403, 404, 405, 409, 410, 411, 412, 413, 414, 415, 417, 421, 422, 423, 424, 428, 431, 433], "excluded_lines": []}, "": {"executed_lines": [1, 5, 6, 7, 8, 9, 11, 13, 22, 25, 26, 28, 29, 32, 33, 36, 37, 40, 41, 44, 51, 67, 76, 87, 112, 140, 150, 181, 213, 248, 278, 322, 323, 325, 331, 351, 362, 371, 372, 374, 378, 389, 398, 399, 401, 407, 419, 426, 437, 439, 440], "summary": {"covered_lines": 46, "num_statements": 46, "percent_covered": 100.0, "percent_covered_display": "100", "missing_lines": 0, "excluded_lines": 0}, "missing_lines": [], "excluded_lines": []}}}, "valknut/lang/rust_adapter.py": {"executed_lines": [1, 5, 6, 7, 8, 10, 12, 21, 24, 25, 27, 28, 29, 31, 32, 33, 35, 36, 37, 39, 40, 41, 43, 50, 53, 67, 71, 88, 100, 123, 132, 149, 165, 177, 193, 200, 217, 247, 273, 311, 349, 351, 352], "summary": {"covered_lines": 41, "num_statements": 178, "percent_covered": 23.03370786516854, "percent_covered_display": "23", "missing_lines": 137, "excluded_lines": 0}, "missing_lines": [45, 47, 48, 74, 75, 76, 77, 78, 81, 82, 83, 84, 86, 90, 91, 94, 95, 96, 98, 102, 105, 106, 107, 108, 110, 111, 112, 113, 114, 116, 117, 118, 119, 121, 125, 126, 127, 128, 129, 130, 134, 142, 144, 151, 153, 155, 156, 158, 159, 161, 163, 168, 169, 170, 173, 175, 180, 181, 182, 183, 184, 187, 188, 189, 191, 196, 198, 202, 204, 206, 207, 210, 211, 213, 215, 219, 220, 222, 223, 226, 227, 228, 230, 236, 239, 240, 241, 242, 243, 245, 252, 255, 256, 258, 259, 262, 263, 265, 266, 267, 268, 269, 271, 275, 276, 278, 280, 282, 283, 284, 285, 287, 290, 291, 292, 293, 295, 302, 303, 304, 313, 314, 316, 318, 320, 321, 322, 323, 324, 326, 329, 330, 331, 333, 339, 340, 341], "excluded_lines": [], "functions": {"RustAdapter.language": {"executed_lines": [29], "summary": {"covered_lines": 1, "num_statements": 1, "percent_covered": 100.0, "percent_covered_display": "100", "missing_lines": 0, "excluded_lines": 0}, "missing_lines": [], "excluded_lines": []}, "RustAdapter.file_extensions": {"executed_lines": [33], "summary": {"covered_lines": 1, "num_statements": 1, "percent_covered": 100.0, "percent_covered_display": "100", "missing_lines": 0, "excluded_lines": 0}, "missing_lines": [], "excluded_lines": []}, "RustAdapter.parser_module": {"executed_lines": [37], "summary": {"covered_lines": 1, "num_statements": 1, "percent_covered": 100.0, "percent_covered_display": "100", "missing_lines": 0, "excluded_lines": 0}, "missing_lines": [], "excluded_lines": []}, "RustAdapter.parser_language_function": {"executed_lines": [41], "summary": {"covered_lines": 1, "num_statements": 1, "percent_covered": 100.0, "percent_covered_display": "100", "missing_lines": 0, "excluded_lines": 0}, "missing_lines": [], "excluded_lines": []}, "RustAdapter.discover": {"executed_lines": [], "summary": {"covered_lines": 0, "num_statements": 3, "percent_covered": 0.0, "percent_covered_display": "0", "missing_lines": 3, "excluded_lines": 0}, "missing_lines": [45, 47, 48], "excluded_lines": []}, "RustAdapter._setup_mappings": {"executed_lines": [53, 67], "summary": {"covered_lines": 2, "num_statements": 2, "percent_covered": 100.0, "percent_covered_display": "100", "missing_lines": 0, "excluded_lines": 0}, "missing_lines": [], "excluded_lines": []}, "RustAdapter._extract_name": {"executed_lines": [], "summary": {"covered_lines": 0, "num_statements": 10, "percent_covered": 0.0, "percent_covered_display": "0", "missing_lines": 10, "excluded_lines": 0}, "missing_lines": [74, 75, 76, 77, 78, 81, 82, 83, 84, 86], "excluded_lines": []}, "RustAdapter._extract_type_name": {"executed_lines": [], "summary": {"covered_lines": 0, "num_statements": 6, "percent_covered": 0.0, "percent_covered_display": "0", "missing_lines": 6, "excluded_lines": 0}, "missing_lines": [90, 91, 94, 95, 96, 98], "excluded_lines": []}, "RustAdapter._extract_parameters": {"executed_lines": [], "summary": {"covered_lines": 0, "num_statements": 15, "percent_covered": 0.0, "percent_covered_display": "0", "missing_lines": 15, "excluded_lines": 0}, "missing_lines": [102, 105, 106, 107, 108, 110, 111, 112, 113, 114, 116, 117, 118, 119, 121], "excluded_lines": []}, "RustAdapter._extract_pattern_name": {"executed_lines": [], "summary": {"covered_lines": 0, "num_statements": 6, "percent_covered": 0.0, "percent_covered_display": "0", "missing_lines": 6, "excluded_lines": 0}, "missing_lines": [125, 126, 127, 128, 129, 130], "excluded_lines": []}, "RustAdapter._create_parsed_import_from_regex": {"executed_lines": [], "summary": {"covered_lines": 0, "num_statements": 3, "percent_covered": 0.0, "percent_covered_display": "0", "missing_lines": 3, "excluded_lines": 0}, "missing_lines": [134, 142, 144], "excluded_lines": []}, "RustAdapter._resolve_relative_import": {"executed_lines": [], "summary": {"covered_lines": 0, "num_statements": 8, "percent_covered": 0.0, "percent_covered_display": "0", "missing_lines": 8, "excluded_lines": 0}, "missing_lines": [151, 153, 155, 156, 158, 159, 161, 163], "excluded_lines": []}, "RustAdapter._resolve_crate_import": {"executed_lines": [], "summary": {"covered_lines": 0, "num_statements": 5, "percent_covered": 0.0, "percent_covered_display": "0", "missing_lines": 5, "excluded_lines": 0}, "missing_lines": [168, 169, 170, 173, 175], "excluded_lines": []}, "RustAdapter._resolve_super_import": {"executed_lines": [], "summary": {"covered_lines": 0, "num_statements": 9, "percent_covered": 0.0, "percent_covered_display": "0", "missing_lines": 9, "excluded_lines": 0}, "missing_lines": [180, 181, 182, 183, 184, 187, 188, 189, 191], "excluded_lines": []}, "RustAdapter._resolve_self_import": {"executed_lines": [], "summary": {"covered_lines": 0, "num_statements": 2, "percent_covered": 0.0, "percent_covered_display": "0", "missing_lines": 2, "excluded_lines": 0}, "missing_lines": [196, 198], "excluded_lines": []}, "RustAdapter._find_crate_root": {"executed_lines": [], "summary": {"covered_lines": 0, "num_statements": 8, "percent_covered": 0.0, "percent_covered_display": "0", "missing_lines": 8, "excluded_lines": 0}, "missing_lines": [202, 204, 206, 207, 210, 211, 213, 215], "excluded_lines": []}, "RustAdapter._resolve_rust_module_path": {"executed_lines": [], "summary": {"covered_lines": 0, "num_statements": 15, "percent_covered": 0.0, "percent_covered_display": "0", "missing_lines": 15, "excluded_lines": 0}, "missing_lines": [219, 220, 222, 223, 226, 227, 228, 230, 236, 239, 240, 241, 242, 243, 245], "excluded_lines": []}, "RustAdapter._resolve_absolute_import": {"executed_lines": [], "summary": {"covered_lines": 0, "num_statements": 13, "percent_covered": 0.0, "percent_covered_display": "0", "missing_lines": 13, "excluded_lines": 0}, "missing_lines": [252, 255, 256, 258, 259, 262, 263, 265, 266, 267, 268, 269, 271], "excluded_lines": []}, "RustAdapter.type_features": {"executed_lines": [], "summary": {"covered_lines": 0, "num_statements": 17, "percent_covered": 0.0, "percent_covered_display": "0", "missing_lines": 17, "excluded_lines": 0}, "missing_lines": [275, 276, 278, 280, 282, 283, 284, 285, 287, 290, 291, 292, 293, 295, 302, 303, 304], "excluded_lines": []}, "RustAdapter.exception_features": {"executed_lines": [], "summary": {"covered_lines": 0, "num_statements": 17, "percent_covered": 0.0, "percent_covered_display": "0", "missing_lines": 17, "excluded_lines": 0}, "missing_lines": [313, 314, 316, 318, 320, 321, 322, 323, 324, 326, 329, 330, 331, 333, 339, 340, 341], "excluded_lines": []}, "register_rust_adapter": {"executed_lines": [351, 352], "summary": {"covered_lines": 2, "num_statements": 2, "percent_covered": 100.0, "percent_covered_display": "100", "missing_lines": 0, "excluded_lines": 0}, "missing_lines": [], "excluded_lines": []}, "": {"executed_lines": [1, 5, 6, 7, 8, 10, 12, 21, 24, 25, 27, 28, 31, 32, 35, 36, 39, 40, 43, 50, 71, 88, 100, 123, 132, 149, 165, 177, 193, 200, 217, 247, 273, 311, 349], "summary": {"covered_lines": 33, "num_statements": 33, "percent_covered": 100.0, "percent_covered_display": "100", "missing_lines": 0, "excluded_lines": 0}, "missing_lines": [], "excluded_lines": []}}, "classes": {"RustAdapter": {"executed_lines": [29, 33, 37, 41, 53, 67], "summary": {"covered_lines": 6, "num_statements": 143, "percent_covered": 4.195804195804196, "percent_covered_display": "4", "missing_lines": 137, "excluded_lines": 0}, "missing_lines": [45, 47, 48, 74, 75, 76, 77, 78, 81, 82, 83, 84, 86, 90, 91, 94, 95, 96, 98, 102, 105, 106, 107, 108, 110, 111, 112, 113, 114, 116, 117, 118, 119, 121, 125, 126, 127, 128, 129, 130, 134, 142, 144, 151, 153, 155, 156, 158, 159, 161, 163, 168, 169, 170, 173, 175, 180, 181, 182, 183, 184, 187, 188, 189, 191, 196, 198, 202, 204, 206, 207, 210, 211, 213, 215, 219, 220, 222, 223, 226, 227, 228, 230, 236, 239, 240, 241, 242, 243, 245, 252, 255, 256, 258, 259, 262, 263, 265, 266, 267, 268, 269, 271, 275, 276, 278, 280, 282, 283, 284, 285, 287, 290, 291, 292, 293, 295, 302, 303, 304, 313, 314, 316, 318, 320, 321, 322, 323, 324, 326, 329, 330, 331, 333, 339, 340, 341], "excluded_lines": []}, "": {"executed_lines": [1, 5, 6, 7, 8, 10, 12, 21, 24, 25, 27, 28, 31, 32, 35, 36, 39, 40, 43, 50, 71, 88, 100, 123, 132, 149, 165, 177, 193, 200, 217, 247, 273, 311, 349, 351, 352], "summary": {"covered_lines": 35, "num_statements": 35, "percent_covered": 100.0, "percent_covered_display": "100", "missing_lines": 0, "excluded_lines": 0}, "missing_lines": [], "excluded_lines": []}}}, "valknut/lang/typescript_adapter.py": {"executed_lines": [1, 5, 6, 7, 8, 10, 12, 21, 24, 25, 27, 28, 29, 31, 32, 33, 35, 36, 37, 39, 40, 41, 43, 50, 53, 66, 71, 82, 102, 112, 140, 171, 210, 242, 244, 245], "summary": {"covered_lines": 34, "num_statements": 120, "percent_covered": 28.333333333333332, "percent_covered_display": "28", "missing_lines": 86, "excluded_lines": 0}, "missing_lines": [45, 47, 48, 74, 75, 76, 77, 78, 80, 84, 87, 88, 89, 90, 92, 93, 94, 95, 96, 97, 98, 100, 104, 105, 107, 114, 117, 118, 121, 122, 125, 126, 129, 130, 132, 133, 134, 135, 136, 138, 145, 147, 150, 151, 153, 154, 155, 158, 159, 162, 163, 164, 166, 167, 169, 173, 174, 176, 179, 181, 182, 183, 184, 186, 189, 190, 191, 192, 194, 201, 202, 203, 212, 213, 215, 217, 219, 220, 221, 223, 225, 226, 228, 233, 234, 235], "excluded_lines": [], "functions": {"TypeScriptAdapter.language": {"executed_lines": [29], "summary": {"covered_lines": 1, "num_statements": 1, "percent_covered": 100.0, "percent_covered_display": "100", "missing_lines": 0, "excluded_lines": 0}, "missing_lines": [], "excluded_lines": []}, "TypeScriptAdapter.file_extensions": {"executed_lines": [33], "summary": {"covered_lines": 1, "num_statements": 1, "percent_covered": 100.0, "percent_covered_display": "100", "missing_lines": 0, "excluded_lines": 0}, "missing_lines": [], "excluded_lines": []}, "TypeScriptAdapter.parser_module": {"executed_lines": [37], "summary": {"covered_lines": 1, "num_statements": 1, "percent_covered": 100.0, "percent_covered_display": "100", "missing_lines": 0, "excluded_lines": 0}, "missing_lines": [], "excluded_lines": []}, "TypeScriptAdapter.parser_language_function": {"executed_lines": [41], "summary": {"covered_lines": 1, "num_statements": 1, "percent_covered": 100.0, "percent_covered_display": "100", "missing_lines": 0, "excluded_lines": 0}, "missing_lines": [], "excluded_lines": []}, "TypeScriptAdapter.discover": {"executed_lines": [], "summary": {"covered_lines": 0, "num_statements": 3, "percent_covered": 0.0, "percent_covered_display": "0", "missing_lines": 3, "excluded_lines": 0}, "missing_lines": [45, 47, 48], "excluded_lines": []}, "TypeScriptAdapter._setup_mappings": {"executed_lines": [53, 66], "summary": {"covered_lines": 2, "num_statements": 2, "percent_covered": 100.0, "percent_covered_display": "100", "missing_lines": 0, "excluded_lines": 0}, "missing_lines": [], "excluded_lines": []}, "TypeScriptAdapter._extract_name": {"executed_lines": [], "summary": {"covered_lines": 0, "num_statements": 6, "percent_covered": 0.0, "percent_covered_display": "0", "missing_lines": 6, "excluded_lines": 0}, "missing_lines": [74, 75, 76, 77, 78, 80], "excluded_lines": []}, "TypeScriptAdapter._extract_parameters": {"executed_lines": [], "summary": {"covered_lines": 0, "num_statements": 13, "percent_covered": 0.0, "percent_covered_display": "0", "missing_lines": 13, "excluded_lines": 0}, "missing_lines": [84, 87, 88, 89, 90, 92, 93, 94, 95, 96, 97, 98, 100], "excluded_lines": []}, "TypeScriptAdapter._create_parsed_import_from_regex": {"executed_lines": [], "summary": {"covered_lines": 0, "num_statements": 3, "percent_covered": 0.0, "percent_covered_display": "0", "missing_lines": 3, "excluded_lines": 0}, "missing_lines": [104, 105, 107], "excluded_lines": []}, "TypeScriptAdapter._resolve_relative_import": {"executed_lines": [], "summary": {"covered_lines": 0, "num_statements": 15, "percent_covered": 0.0, "percent_covered_display": "0", "missing_lines": 15, "excluded_lines": 0}, "missing_lines": [114, 117, 118, 121, 122, 125, 126, 129, 130, 132, 133, 134, 135, 136, 138], "excluded_lines": []}, "TypeScriptAdapter._resolve_absolute_import": {"executed_lines": [], "summary": {"covered_lines": 0, "num_statements": 15, "percent_covered": 0.0, "percent_covered_display": "0", "missing_lines": 15, "excluded_lines": 0}, "missing_lines": [145, 147, 150, 151, 153, 154, 155, 158, 159, 162, 163, 164, 166, 167, 169], "excluded_lines": []}, "TypeScriptAdapter.type_features": {"executed_lines": [], "summary": {"covered_lines": 0, "num_statements": 17, "percent_covered": 0.0, "percent_covered_display": "0", "missing_lines": 17, "excluded_lines": 0}, "missing_lines": [173, 174, 176, 179, 181, 182, 183, 184, 186, 189, 190, 191, 192, 194, 201, 202, 203], "excluded_lines": []}, "TypeScriptAdapter.exception_features": {"executed_lines": [], "summary": {"covered_lines": 0, "num_statements": 14, "percent_covered": 0.0, "percent_covered_display": "0", "missing_lines": 14, "excluded_lines": 0}, "missing_lines": [212, 213, 215, 217, 219, 220, 221, 223, 225, 226, 228, 233, 234, 235], "excluded_lines": []}, "register_typescript_adapter": {"executed_lines": [244, 245], "summary": {"covered_lines": 2, "num_statements": 2, "percent_covered": 100.0, "percent_covered_display": "100", "missing_lines": 0, "excluded_lines": 0}, "missing_lines": [], "excluded_lines": []}, "": {"executed_lines": [1, 5, 6, 7, 8, 10, 12, 21, 24, 25, 27, 28, 31, 32, 35, 36, 39, 40, 43, 50, 71, 82, 102, 112, 140, 171, 210, 242], "summary": {"covered_lines": 26, "num_statements": 26, "percent_covered": 100.0, "percent_covered_display": "100", "missing_lines": 0, "excluded_lines": 0}, "missing_lines": [], "excluded_lines": []}}, "classes": {"TypeScriptAdapter": {"executed_lines": [29, 33, 37, 41, 53, 66], "summary": {"covered_lines": 6, "num_statements": 92, "percent_covered": 6.521739130434782, "percent_covered_display": "7", "missing_lines": 86, "excluded_lines": 0}, "missing_lines": [45, 47, 48, 74, 75, 76, 77, 78, 80, 84, 87, 88, 89, 90, 92, 93, 94, 95, 96, 97, 98, 100, 104, 105, 107, 114, 117, 118, 121, 122, 125, 126, 129, 130, 132, 133, 134, 135, 136, 138, 145, 147, 150, 151, 153, 154, 155, 158, 159, 162, 163, 164, 166, 167, 169, 173, 174, 176, 179, 181, 182, 183, 184, 186, 189, 190, 191, 192, 194, 201, 202, 203, 212, 213, 215, 217, 219, 220, 221, 223, 225, 226, 228, 233, 234, 235], "excluded_lines": []}, "": {"executed_lines": [1, 5, 6, 7, 8, 10, 12, 21, 24, 25, 27, 28, 31, 32, 35, 36, 39, 40, 43, 50, 71, 82, 102, 112, 140, 171, 210, 242, 244, 245], "summary": {"covered_lines": 28, "num_statements": 28, "percent_covered": 100.0, "percent_covered_display": "100", "missing_lines": 0, "excluded_lines": 0}, "missing_lines": [], "excluded_lines": []}}}}, "totals": {"covered_lines": 3023, "num_statements": 6753, "percent_covered": 44.76528950096254, "percent_covered_display": "45", "missing_lines": 3730, "excluded_lines": 48}}